[ 2017-11-06T17:10:41+08:00 ] ::1 /yimisns/index.php/user/api/addhometown
INFO: [ app_init ] --START--
INFO: Run Behavior\BuildLiteBehavior [ RunTime:0.000035s ]
INFO: [ app_init ] --END-- [ RunTime:0.012871s ]
INFO: [ app_begin ] --START--
INFO: Run Behavior\ReadHtmlCacheBehavior [ RunTime:0.021076s ]
INFO: [ app_begin ] --END-- [ RunTime:0.021249s ]
SQL: SHOW COLUMNS FROM `tc_user` [ RunTime:0.051818s ]
SQL: SHOW COLUMNS FROM `tc_user` [ RunTime:0.001186s ]
SQL: SHOW COLUMNS FROM `tc_user` [ RunTime:0.000961s ]
SQL: SHOW COLUMNS FROM `tc_hometown` [ RunTime:0.045298s ]
SQL: INSERT INTO `tc_hometown` (`parentId`,`name`) VALUES (0,'安徽') [ RunTime:0.091156s ]
SQL: INSERT INTO `tc_hometown` (`parentId`,`name`) VALUES (0,'北京') [ RunTime:0.032056s ]
SQL: INSERT INTO `tc_hometown` (`parentId`,`name`) VALUES (0,'重庆') [ RunTime:0.066831s ]
SQL: INSERT INTO `tc_hometown` (`parentId`,`name`) VALUES (0,'福建') [ RunTime:0.066179s ]
SQL: INSERT INTO `tc_hometown` (`parentId`,`name`) VALUES (0,'甘肃') [ RunTime:0.090843s ]
SQL: INSERT INTO `tc_hometown` (`parentId`,`name`) VALUES (0,'广东') [ RunTime:0.029240s ]
SQL: INSERT INTO `tc_hometown` (`parentId`,`name`) VALUES (0,'广西') [ RunTime:0.101530s ]
SQL: INSERT INTO `tc_hometown` (`parentId`,`name`) VALUES (0,'贵州') [ RunTime:0.129778s ]
SQL: INSERT INTO `tc_hometown` (`parentId`,`name`) VALUES (0,'海南') [ RunTime:0.042175s ]
SQL: INSERT INTO `tc_hometown` (`parentId`,`name`) VALUES (0,'河北') [ RunTime:0.043937s ]
SQL: INSERT INTO `tc_hometown` (`parentId`,`name`) VALUES (0,'黑龙江') [ RunTime:0.054050s ]
SQL: INSERT INTO `tc_hometown` (`parentId`,`name`) VALUES (0,'河南') [ RunTime:0.021793s ]
SQL: INSERT INTO `tc_hometown` (`parentId`,`name`) VALUES (0,'香港') [ RunTime:0.031752s ]
SQL: INSERT INTO `tc_hometown` (`parentId`,`name`) VALUES (0,'湖北') [ RunTime:0.032888s ]
SQL: INSERT INTO `tc_hometown` (`parentId`,`name`) VALUES (0,'湖南') [ RunTime:0.031564s ]
SQL: INSERT INTO `tc_hometown` (`parentId`,`name`) VALUES (0,'江苏') [ RunTime:0.032879s ]
SQL: INSERT INTO `tc_hometown` (`parentId`,`name`) VALUES (0,'江西') [ RunTime:0.031826s ]
SQL: INSERT INTO `tc_hometown` (`parentId`,`name`) VALUES (0,'吉林') [ RunTime:0.032797s ]
INFO: [ app_end ] --START--
INFO: Run Behavior\ShowPageTraceBehavior [ RunTime:0.021758s ]
INFO: [ app_end ] --END-- [ RunTime:0.022226s ]

[ 2017-11-06T17:12:39+08:00 ] ::1 /yimisns/index.php/user/api/addhometown
INFO: [ app_init ] --START--
INFO: Run Behavior\BuildLiteBehavior [ RunTime:0.000051s ]
INFO: [ app_init ] --END-- [ RunTime:0.000893s ]
INFO: [ app_begin ] --START--
INFO: Run Behavior\ReadHtmlCacheBehavior [ RunTime:0.001078s ]
INFO: [ app_begin ] --END-- [ RunTime:0.001256s ]
SQL: SHOW COLUMNS FROM `tc_user` [ RunTime:0.002323s ]
SQL: SHOW COLUMNS FROM `tc_user` [ RunTime:0.000858s ]
SQL: SHOW COLUMNS FROM `tc_user` [ RunTime:0.000850s ]
SQL: SHOW COLUMNS FROM `tc_hometown` [ RunTime:0.002142s ]
SQL: INSERT INTO `tc_hometown` (`parentId`,`name`) VALUES (0,'安徽') [ RunTime:0.041871s ]
SQL: INSERT INTO `tc_hometown` (`parentId`,`name`) VALUES (0,'北京') [ RunTime:0.055832s ]
SQL: INSERT INTO `tc_hometown` (`parentId`,`name`) VALUES (0,'重庆') [ RunTime:0.109968s ]
SQL: INSERT INTO `tc_hometown` (`parentId`,`name`) VALUES (0,'福建') [ RunTime:0.054858s ]
SQL: INSERT INTO `tc_hometown` (`parentId`,`name`) VALUES (0,'甘肃') [ RunTime:0.032271s ]
SQL: INSERT INTO `tc_hometown` (`parentId`,`name`) VALUES (0,'广东') [ RunTime:0.033535s ]
SQL: INSERT INTO `tc_hometown` (`parentId`,`name`) VALUES (0,'广西') [ RunTime:0.032362s ]
SQL: INSERT INTO `tc_hometown` (`parentId`,`name`) VALUES (0,'贵州') [ RunTime:0.033143s ]
SQL: INSERT INTO `tc_hometown` (`parentId`,`name`) VALUES (0,'海南') [ RunTime:0.032267s ]
SQL: INSERT INTO `tc_hometown` (`parentId`,`name`) VALUES (0,'河北') [ RunTime:0.033635s ]
SQL: INSERT INTO `tc_hometown` (`parentId`,`name`) VALUES (0,'黑龙江') [ RunTime:0.031703s ]
SQL: INSERT INTO `tc_hometown` (`parentId`,`name`) VALUES (0,'河南') [ RunTime:0.033054s ]
SQL: INSERT INTO `tc_hometown` (`parentId`,`name`) VALUES (0,'香港') [ RunTime:0.030955s ]
SQL: INSERT INTO `tc_hometown` (`parentId`,`name`) VALUES (0,'湖北') [ RunTime:0.036299s ]
SQL: INSERT INTO `tc_hometown` (`parentId`,`name`) VALUES (0,'湖南') [ RunTime:0.027661s ]
SQL: INSERT INTO `tc_hometown` (`parentId`,`name`) VALUES (0,'江苏') [ RunTime:0.032772s ]
SQL: INSERT INTO `tc_hometown` (`parentId`,`name`) VALUES (0,'江西') [ RunTime:0.031695s ]
SQL: INSERT INTO `tc_hometown` (`parentId`,`name`) VALUES (0,'吉林') [ RunTime:0.032916s ]
INFO: [ app_end ] --START--
INFO: Run Behavior\ShowPageTraceBehavior [ RunTime:0.002760s ]
INFO: [ app_end ] --END-- [ RunTime:0.003136s ]

[ 2017-11-06T17:22:44+08:00 ] ::1 /yimisns/index.php/user/api/addhometown
INFO: [ app_init ] --START--
INFO: Run Behavior\BuildLiteBehavior [ RunTime:0.000062s ]
INFO: [ app_init ] --END-- [ RunTime:0.001074s ]
INFO: [ app_begin ] --START--
INFO: Run Behavior\ReadHtmlCacheBehavior [ RunTime:0.001887s ]
INFO: [ app_begin ] --END-- [ RunTime:0.002235s ]
SQL: SHOW COLUMNS FROM `tc_user` [ RunTime:0.002475s ]
SQL: SHOW COLUMNS FROM `tc_user` [ RunTime:0.000905s ]
SQL: SHOW COLUMNS FROM `tc_user` [ RunTime:0.001040s ]
SQL: SHOW COLUMNS FROM `tc_hometown` [ RunTime:0.002028s ]
SQL: INSERT INTO `tc_hometown` (`parentId`,`name`) VALUES (0,'辽宁') [ RunTime:0.072132s ]
SQL: INSERT INTO `tc_hometown` (`parentId`,`name`) VALUES (0,'澳门') [ RunTime:0.033212s ]
SQL: INSERT INTO `tc_hometown` (`parentId`,`name`) VALUES (0,'内蒙古') [ RunTime:0.032405s ]
SQL: INSERT INTO `tc_hometown` (`parentId`,`name`) VALUES (0,'宁夏') [ RunTime:0.055073s ]
SQL: INSERT INTO `tc_hometown` (`parentId`,`name`) VALUES (0,'青海') [ RunTime:0.031756s ]
SQL: INSERT INTO `tc_hometown` (`parentId`,`name`) VALUES (0,'山东') [ RunTime:0.032671s ]
SQL: INSERT INTO `tc_hometown` (`parentId`,`name`) VALUES (0,'上海') [ RunTime:0.031752s ]
SQL: INSERT INTO `tc_hometown` (`parentId`,`name`) VALUES (0,'山西') [ RunTime:0.032957s ]
SQL: INSERT INTO `tc_hometown` (`parentId`,`name`) VALUES (0,'陕西') [ RunTime:0.030908s ]
SQL: INSERT INTO `tc_hometown` (`parentId`,`name`) VALUES (0,'四川') [ RunTime:0.032813s ]
SQL: INSERT INTO `tc_hometown` (`parentId`,`name`) VALUES (0,'台湾') [ RunTime:0.031942s ]
SQL: INSERT INTO `tc_hometown` (`parentId`,`name`) VALUES (0,'天津') [ RunTime:0.032190s ]
SQL: INSERT INTO `tc_hometown` (`parentId`,`name`) VALUES (0,'新疆') [ RunTime:0.031559s ]
SQL: INSERT INTO `tc_hometown` (`parentId`,`name`) VALUES (0,'西藏') [ RunTime:0.032872s ]
SQL: INSERT INTO `tc_hometown` (`parentId`,`name`) VALUES (0,'云南') [ RunTime:0.031674s ]
SQL: INSERT INTO `tc_hometown` (`parentId`,`name`) VALUES (0,'浙江') [ RunTime:0.032802s ]
INFO: [ app_end ] --START--
INFO: Run Behavior\ShowPageTraceBehavior [ RunTime:0.002703s ]
INFO: [ app_end ] --END-- [ RunTime:0.003088s ]

[ 2017-11-06T17:37:39+08:00 ] ::1 /yimisns/index.php/user/api/addhometown
INFO: [ app_init ] --START--
INFO: Run Behavior\BuildLiteBehavior [ RunTime:0.000053s ]
INFO: [ app_init ] --END-- [ RunTime:0.000914s ]
INFO: [ app_begin ] --START--
INFO: Run Behavior\ReadHtmlCacheBehavior [ RunTime:0.001506s ]
INFO: [ app_begin ] --END-- [ RunTime:0.001747s ]
SQL: SHOW COLUMNS FROM `tc_user` [ RunTime:0.002382s ]
SQL: SHOW COLUMNS FROM `tc_user` [ RunTime:0.000914s ]
SQL: SHOW COLUMNS FROM `tc_user` [ RunTime:0.000858s ]
SQL: SHOW COLUMNS FROM `tc_hometown` [ RunTime:0.001870s ]
SQL: INSERT INTO `tc_hometown` (`parentId`,`name`) VALUES (0,'安徽') [ RunTime:0.031397s ]
SQL: INSERT INTO `tc_hometown` (`parentId`,`name`) VALUES (0,'北京') [ RunTime:0.032448s ]
SQL: INSERT INTO `tc_hometown` (`parentId`,`name`) VALUES (0,'重庆') [ RunTime:0.032372s ]
SQL: INSERT INTO `tc_hometown` (`parentId`,`name`) VALUES (0,'福建') [ RunTime:0.055301s ]
SQL: INSERT INTO `tc_hometown` (`parentId`,`name`) VALUES (0,'甘肃') [ RunTime:0.031879s ]
SQL: INSERT INTO `tc_hometown` (`parentId`,`name`) VALUES (0,'广东') [ RunTime:0.032777s ]
SQL: INSERT INTO `tc_hometown` (`parentId`,`name`) VALUES (0,'广西') [ RunTime:0.031687s ]
SQL: INSERT INTO `tc_hometown` (`parentId`,`name`) VALUES (0,'贵州') [ RunTime:0.032921s ]
SQL: INSERT INTO `tc_hometown` (`parentId`,`name`) VALUES (0,'海南') [ RunTime:0.031790s ]
SQL: INSERT INTO `tc_hometown` (`parentId`,`name`) VALUES (0,'河北') [ RunTime:0.055033s ]
SQL: INSERT INTO `tc_hometown` (`parentId`,`name`) VALUES (0,'黑龙江') [ RunTime:0.032273s ]
SQL: INSERT INTO `tc_hometown` (`parentId`,`name`) VALUES (0,'河南') [ RunTime:0.031775s ]
SQL: INSERT INTO `tc_hometown` (`parentId`,`name`) VALUES (0,'香港') [ RunTime:0.031716s ]
SQL: INSERT INTO `tc_hometown` (`parentId`,`name`) VALUES (0,'湖北') [ RunTime:0.032804s ]
SQL: INSERT INTO `tc_hometown` (`parentId`,`name`) VALUES (0,'湖南') [ RunTime:0.031880s ]
SQL: INSERT INTO `tc_hometown` (`parentId`,`name`) VALUES (0,'江苏') [ RunTime:0.055049s ]
SQL: INSERT INTO `tc_hometown` (`parentId`,`name`) VALUES (0,'江西') [ RunTime:0.031726s ]
SQL: INSERT INTO `tc_hometown` (`parentId`,`name`) VALUES (0,'吉林') [ RunTime:0.033059s ]
SQL: INSERT INTO `tc_hometown` (`parentId`,`name`) VALUES (0,'辽宁') [ RunTime:0.031997s ]
SQL: INSERT INTO `tc_hometown` (`parentId`,`name`) VALUES (0,'澳门') [ RunTime:0.033311s ]
SQL: INSERT INTO `tc_hometown` (`parentId`,`name`) VALUES (0,'内蒙古') [ RunTime:0.031981s ]
SQL: INSERT INTO `tc_hometown` (`parentId`,`name`) VALUES (0,'宁夏') [ RunTime:0.032862s ]
SQL: INSERT INTO `tc_hometown` (`parentId`,`name`) VALUES (0,'青海') [ RunTime:0.031813s ]
SQL: INSERT INTO `tc_hometown` (`parentId`,`name`) VALUES (0,'山东') [ RunTime:0.032094s ]
SQL: INSERT INTO `tc_hometown` (`parentId`,`name`) VALUES (0,'上海') [ RunTime:0.031648s ]
SQL: INSERT INTO `tc_hometown` (`parentId`,`name`) VALUES (0,'山西') [ RunTime:0.033013s ]
SQL: INSERT INTO `tc_hometown` (`parentId`,`name`) VALUES (0,'陕西') [ RunTime:0.042518s ]
SQL: INSERT INTO `tc_hometown` (`parentId`,`name`) VALUES (0,'四川') [ RunTime:0.032678s ]
SQL: INSERT INTO `tc_hometown` (`parentId`,`name`) VALUES (0,'台湾') [ RunTime:0.031686s ]
SQL: INSERT INTO `tc_hometown` (`parentId`,`name`) VALUES (0,'天津') [ RunTime:0.032861s ]
SQL: INSERT INTO `tc_hometown` (`parentId`,`name`) VALUES (0,'新疆') [ RunTime:0.031133s ]
SQL: INSERT INTO `tc_hometown` (`parentId`,`name`) VALUES (0,'西藏') [ RunTime:0.033025s ]
SQL: INSERT INTO `tc_hometown` (`parentId`,`name`) VALUES (0,'云南') [ RunTime:0.031793s ]
SQL: INSERT INTO `tc_hometown` (`parentId`,`name`) VALUES (0,'浙江') [ RunTime:0.032809s ]
INFO: [ app_end ] --START--
INFO: Run Behavior\ShowPageTraceBehavior [ RunTime:0.003935s ]
INFO: [ app_end ] --END-- [ RunTime:0.004489s ]

[ 2017-11-06T17:48:15+08:00 ] ::1 /yimisns/index.php/user/api/addhometown
INFO: [ app_init ] --START--
INFO: Run Behavior\BuildLiteBehavior [ RunTime:0.000064s ]
INFO: [ app_init ] --END-- [ RunTime:0.000858s ]
INFO: [ app_begin ] --START--
INFO: Run Behavior\ReadHtmlCacheBehavior [ RunTime:0.001054s ]
INFO: [ app_begin ] --END-- [ RunTime:0.001218s ]
SQL: SHOW COLUMNS FROM `tc_user` [ RunTime:0.002359s ]
SQL: SHOW COLUMNS FROM `tc_user` [ RunTime:0.000875s ]
SQL: SHOW COLUMNS FROM `tc_user` [ RunTime:0.003255s ]
SQL: SHOW COLUMNS FROM `tc_hometown` [ RunTime:0.002569s ]
SQL: INSERT INTO `tc_hometown` (`parentId`,`name`) VALUES (0,'安徽') [ RunTime:0.030534s ]
SQL: INSERT INTO `tc_hometown` (`parentId`,`name`) VALUES (92,'合肥') [ RunTime:0.022452s ]
SQL: INSERT INTO `tc_hometown` (`parentId`,`name`) VALUES (92,'安庆') [ RunTime:0.034197s ]
SQL: INSERT INTO `tc_hometown` (`parentId`,`name`) VALUES (92,'蚌埠') [ RunTime:0.067963s ]
SQL: INSERT INTO `tc_hometown` (`parentId`,`name`) VALUES (92,'亳州') [ RunTime:0.028372s ]
SQL: INSERT INTO `tc_hometown` (`parentId`,`name`) VALUES (92,'巢湖') [ RunTime:0.022247s ]
SQL: INSERT INTO `tc_hometown` (`parentId`,`name`) VALUES (92,'滁州') [ RunTime:0.032457s ]
SQL: INSERT INTO `tc_hometown` (`parentId`,`name`) VALUES (92,'阜阳') [ RunTime:0.034827s ]
SQL: INSERT INTO `tc_hometown` (`parentId`,`name`) VALUES (92,'贵池') [ RunTime:0.063498s ]
SQL: INSERT INTO `tc_hometown` (`parentId`,`name`) VALUES (92,'淮北') [ RunTime:0.021561s ]
SQL: INSERT INTO `tc_hometown` (`parentId`,`name`) VALUES (92,'淮化') [ RunTime:0.031937s ]
SQL: INSERT INTO `tc_hometown` (`parentId`,`name`) VALUES (92,'淮南') [ RunTime:0.022939s ]
SQL: INSERT INTO `tc_hometown` (`parentId`,`name`) VALUES (92,'黄山') [ RunTime:0.031374s ]
SQL: INSERT INTO `tc_hometown` (`parentId`,`name`) VALUES (92,'九华山') [ RunTime:0.055719s ]
SQL: INSERT INTO `tc_hometown` (`parentId`,`name`) VALUES (92,'六安') [ RunTime:0.065875s ]
SQL: INSERT INTO `tc_hometown` (`parentId`,`name`) VALUES (92,'马鞍山') [ RunTime:0.022052s ]
SQL: INSERT INTO `tc_hometown` (`parentId`,`name`) VALUES (92,'宿州') [ RunTime:0.065751s ]
SQL: INSERT INTO `tc_hometown` (`parentId`,`name`) VALUES (92,'铜陵') [ RunTime:0.032927s ]
SQL: INSERT INTO `tc_hometown` (`parentId`,`name`) VALUES (92,'屯溪') [ RunTime:0.031916s ]
SQL: INSERT INTO `tc_hometown` (`parentId`,`name`) VALUES (92,'芜湖') [ RunTime:0.032006s ]
SQL: INSERT INTO `tc_hometown` (`parentId`,`name`) VALUES (92,'宣城') [ RunTime:0.031273s ]
SQL: INSERT INTO `tc_hometown` (`parentId`,`name`) VALUES (0,'北京') [ RunTime:0.032719s ]
SQL: INSERT INTO `tc_hometown` (`parentId`,`name`) VALUES (113,'东城') [ RunTime:0.032048s ]
SQL: INSERT INTO `tc_hometown` (`parentId`,`name`) VALUES (113,'西城') [ RunTime:0.022129s ]
SQL: INSERT INTO `tc_hometown` (`parentId`,`name`) VALUES (113,'崇文') [ RunTime:0.031594s ]
SQL: INSERT INTO `tc_hometown` (`parentId`,`name`) VALUES (113,'宣武') [ RunTime:0.069402s ]
SQL: INSERT INTO `tc_hometown` (`parentId`,`name`) VALUES (113,'朝阳') [ RunTime:0.071790s ]
SQL: INSERT INTO `tc_hometown` (`parentId`,`name`) VALUES (113,'丰台') [ RunTime:0.055353s ]
SQL: INSERT INTO `tc_hometown` (`parentId`,`name`) VALUES (113,'石景山') [ RunTime:0.030946s ]
SQL: INSERT INTO `tc_hometown` (`parentId`,`name`) VALUES (113,'海淀') [ RunTime:0.032666s ]
SQL: INSERT INTO `tc_hometown` (`parentId`,`name`) VALUES (113,'门头沟') [ RunTime:0.054760s ]
SQL: INSERT INTO `tc_hometown` (`parentId`,`name`) VALUES (113,'房山') [ RunTime:0.021407s ]
SQL: INSERT INTO `tc_hometown` (`parentId`,`name`) VALUES (113,'通州') [ RunTime:0.032157s ]
SQL: INSERT INTO `tc_hometown` (`parentId`,`name`) VALUES (113,'顺义') [ RunTime:0.032329s ]
SQL: INSERT INTO `tc_hometown` (`parentId`,`name`) VALUES (113,'昌平') [ RunTime:0.031736s ]
SQL: INSERT INTO `tc_hometown` (`parentId`,`name`) VALUES (113,'大兴') [ RunTime:0.032933s ]
SQL: INSERT INTO `tc_hometown` (`parentId`,`name`) VALUES (113,'平谷') [ RunTime:0.031534s ]
SQL: INSERT INTO `tc_hometown` (`parentId`,`name`) VALUES (113,'怀柔') [ RunTime:0.032875s ]
SQL: INSERT INTO `tc_hometown` (`parentId`,`name`) VALUES (113,'密云') [ RunTime:0.031080s ]
SQL: INSERT INTO `tc_hometown` (`parentId`,`name`) VALUES (113,'延庆') [ RunTime:0.032678s ]
SQL: INSERT INTO `tc_hometown` (`parentId`,`name`) VALUES (0,'重庆') [ RunTime:0.030903s ]
SQL: INSERT INTO `tc_hometown` (`parentId`,`name`) VALUES (132,'万州') [ RunTime:0.033033s ]
SQL: INSERT INTO `tc_hometown` (`parentId`,`name`) VALUES (132,'涪陵') [ RunTime:0.053990s ]
SQL: INSERT INTO `tc_hometown` (`parentId`,`name`) VALUES (132,'渝中') [ RunTime:0.032171s ]
SQL: INSERT INTO `tc_hometown` (`parentId`,`name`) VALUES (132,'大渡口') [ RunTime:0.031371s ]
SQL: INSERT INTO `tc_hometown` (`parentId`,`name`) VALUES (132,'江北') [ RunTime:0.032678s ]
SQL: INSERT INTO `tc_hometown` (`parentId`,`name`) VALUES (132,'沙坪坝') [ RunTime:0.031784s ]
SQL: INSERT INTO `tc_hometown` (`parentId`,`name`) VALUES (132,'九龙坡') [ RunTime:0.054942s ]
SQL: INSERT INTO `tc_hometown` (`parentId`,`name`) VALUES (132,'南岸') [ RunTime:0.031724s ]
SQL: INSERT INTO `tc_hometown` (`parentId`,`name`) VALUES (132,'北碚') [ RunTime:0.033427s ]
SQL: INSERT INTO `tc_hometown` (`parentId`,`name`) VALUES (132,'万盛') [ RunTime:0.031677s ]
SQL: INSERT INTO `tc_hometown` (`parentId`,`name`) VALUES (132,'双挢') [ RunTime:0.032530s ]
SQL: INSERT INTO `tc_hometown` (`parentId`,`name`) VALUES (132,'渝北') [ RunTime:0.031739s ]
SQL: INSERT INTO `tc_hometown` (`parentId`,`name`) VALUES (132,'巴南') [ RunTime:0.032911s ]
SQL: INSERT INTO `tc_hometown` (`parentId`,`name`) VALUES (132,'黔江') [ RunTime:0.030854s ]
SQL: INSERT INTO `tc_hometown` (`parentId`,`name`) VALUES (132,'长寿') [ RunTime:0.032783s ]
SQL: INSERT INTO `tc_hometown` (`parentId`,`name`) VALUES (132,'綦江') [ RunTime:0.053993s ]
SQL: INSERT INTO `tc_hometown` (`parentId`,`name`) VALUES (132,'潼南') [ RunTime:0.032786s ]
SQL: INSERT INTO `tc_hometown` (`parentId`,`name`) VALUES (132,'铜梁') [ RunTime:0.031101s ]
SQL: INSERT INTO `tc_hometown` (`parentId`,`name`) VALUES (132,'大足') [ RunTime:0.032806s ]
SQL: INSERT INTO `tc_hometown` (`parentId`,`name`) VALUES (132,'荣昌') [ RunTime:0.081248s ]
SQL: INSERT INTO `tc_hometown` (`parentId`,`name`) VALUES (132,'壁山') [ RunTime:0.037965s ]
SQL: INSERT INTO `tc_hometown` (`parentId`,`name`) VALUES (132,'梁平') [ RunTime:0.031624s ]
SQL: INSERT INTO `tc_hometown` (`parentId`,`name`) VALUES (132,'城口') [ RunTime:0.031835s ]
SQL: INSERT INTO `tc_hometown` (`parentId`,`name`) VALUES (132,'丰都') [ RunTime:0.032319s ]
SQL: INSERT INTO `tc_hometown` (`parentId`,`name`) VALUES (132,'垫江') [ RunTime:0.032977s ]
SQL: INSERT INTO `tc_hometown` (`parentId`,`name`) VALUES (132,'武隆') [ RunTime:0.031641s ]
SQL: INSERT INTO `tc_hometown` (`parentId`,`name`) VALUES (132,'忠县') [ RunTime:0.077298s ]
SQL: INSERT INTO `tc_hometown` (`parentId`,`name`) VALUES (132,'开县') [ RunTime:0.031711s ]
SQL: INSERT INTO `tc_hometown` (`parentId`,`name`) VALUES (132,'云阳') [ RunTime:0.032642s ]
SQL: INSERT INTO `tc_hometown` (`parentId`,`name`) VALUES (132,'奉节') [ RunTime:0.053909s ]
SQL: INSERT INTO `tc_hometown` (`parentId`,`name`) VALUES (132,'巫山') [ RunTime:0.032818s ]
SQL: INSERT INTO `tc_hometown` (`parentId`,`name`) VALUES (132,'巫溪') [ RunTime:0.031705s ]
SQL: INSERT INTO `tc_hometown` (`parentId`,`name`) VALUES (132,'石柱') [ RunTime:0.032719s ]
SQL: INSERT INTO `tc_hometown` (`parentId`,`name`) VALUES (132,'秀山') [ RunTime:0.031779s ]
SQL: INSERT INTO `tc_hometown` (`parentId`,`name`) VALUES (132,'酉阳') [ RunTime:0.032687s ]
SQL: INSERT INTO `tc_hometown` (`parentId`,`name`) VALUES (132,'彭水') [ RunTime:0.031438s ]
SQL: INSERT INTO `tc_hometown` (`parentId`,`name`) VALUES (132,'江津') [ RunTime:0.032902s ]
SQL: INSERT INTO `tc_hometown` (`parentId`,`name`) VALUES (132,'合川') [ RunTime:0.032082s ]
SQL: INSERT INTO `tc_hometown` (`parentId`,`name`) VALUES (132,'永川') [ RunTime:0.033068s ]
SQL: INSERT INTO `tc_hometown` (`parentId`,`name`) VALUES (132,'南川') [ RunTime:0.054119s ]
SQL: INSERT INTO `tc_hometown` (`parentId`,`name`) VALUES (0,'福建') [ RunTime:0.033264s ]
SQL: INSERT INTO `tc_hometown` (`parentId`,`name`) VALUES (173,'福州') [ RunTime:0.032012s ]
SQL: INSERT INTO `tc_hometown` (`parentId`,`name`) VALUES (173,'福安') [ RunTime:0.033304s ]
SQL: INSERT INTO `tc_hometown` (`parentId`,`name`) VALUES (173,'龙岩') [ RunTime:0.031831s ]
SQL: INSERT INTO `tc_hometown` (`parentId`,`name`) VALUES (173,'南平') [ RunTime:0.066316s ]
SQL: INSERT INTO `tc_hometown` (`parentId`,`name`) VALUES (173,'宁德') [ RunTime:0.031613s ]
SQL: INSERT INTO `tc_hometown` (`parentId`,`name`) VALUES (173,'莆田') [ RunTime:0.038175s ]
SQL: INSERT INTO `tc_hometown` (`parentId`,`name`) VALUES (173,'泉州') [ RunTime:0.048371s ]
SQL: INSERT INTO `tc_hometown` (`parentId`,`name`) VALUES (173,'三明') [ RunTime:0.021393s ]
SQL: INSERT INTO `tc_hometown` (`parentId`,`name`) VALUES (173,'邵武') [ RunTime:0.031012s ]
SQL: INSERT INTO `tc_hometown` (`parentId`,`name`) VALUES (173,'石狮') [ RunTime:0.032144s ]
SQL: INSERT INTO `tc_hometown` (`parentId`,`name`) VALUES (173,'晋江') [ RunTime:0.065253s ]
SQL: INSERT INTO `tc_hometown` (`parentId`,`name`) VALUES (173,'永安') [ RunTime:0.043726s ]
SQL: INSERT INTO `tc_hometown` (`parentId`,`name`) VALUES (173,'武夷山') [ RunTime:0.109653s ]
SQL: INSERT INTO `tc_hometown` (`parentId`,`name`) VALUES (173,'厦门') [ RunTime:0.043985s ]
SQL: INSERT INTO `tc_hometown` (`parentId`,`name`) VALUES (173,'漳州') [ RunTime:0.032412s ]
SQL: INSERT INTO `tc_hometown` (`parentId`,`name`) VALUES (0,'甘肃') [ RunTime:0.033455s ]
SQL: INSERT INTO `tc_hometown` (`parentId`,`name`) VALUES (189,'兰州') [ RunTime:0.031628s ]
SQL: INSERT INTO `tc_hometown` (`parentId`,`name`) VALUES (189,'白银') [ RunTime:0.032552s ]
SQL: INSERT INTO `tc_hometown` (`parentId`,`name`) VALUES (189,'定西') [ RunTime:0.029834s ]
SQL: INSERT INTO `tc_hometown` (`parentId`,`name`) VALUES (189,'敦煌') [ RunTime:0.033419s ]
SQL: INSERT INTO `tc_hometown` (`parentId`,`name`) VALUES (189,'甘南') [ RunTime:0.031752s ]
SQL: INSERT INTO `tc_hometown` (`parentId`,`name`) VALUES (189,'金昌') [ RunTime:0.032110s ]
SQL: INSERT INTO `tc_hometown` (`parentId`,`name`) VALUES (189,'酒泉') [ RunTime:0.031610s ]
SQL: INSERT INTO `tc_hometown` (`parentId`,`name`) VALUES (189,'临夏') [ RunTime:0.032982s ]
SQL: INSERT INTO `tc_hometown` (`parentId`,`name`) VALUES (189,'平凉') [ RunTime:0.030997s ]
SQL: INSERT INTO `tc_hometown` (`parentId`,`name`) VALUES (189,'天水') [ RunTime:0.103655s ]
SQL: INSERT INTO `tc_hometown` (`parentId`,`name`) VALUES (189,'武都') [ RunTime:0.124954s ]
SQL: INSERT INTO `tc_hometown` (`parentId`,`name`) VALUES (189,'武威') [ RunTime:0.045748s ]
SQL: INSERT INTO `tc_hometown` (`parentId`,`name`) VALUES (189,'西峰') [ RunTime:0.020894s ]
SQL: INSERT INTO `tc_hometown` (`parentId`,`name`) VALUES (189,'嘉峪关') [ RunTime:0.031775s ]
SQL: INSERT INTO `tc_hometown` (`parentId`,`name`) VALUES (189,'张掖') [ RunTime:0.032849s ]
SQL: INSERT INTO `tc_hometown` (`parentId`,`name`) VALUES (0,'广东') [ RunTime:0.031002s ]
SQL: INSERT INTO `tc_hometown` (`parentId`,`name`) VALUES (205,'广州') [ RunTime:0.032834s ]
SQL: INSERT INTO `tc_hometown` (`parentId`,`name`) VALUES (205,'潮阳') [ RunTime:0.031170s ]
SQL: INSERT INTO `tc_hometown` (`parentId`,`name`) VALUES (205,'潮州') [ RunTime:0.054891s ]
SQL: INSERT INTO `tc_hometown` (`parentId`,`name`) VALUES (205,'澄海') [ RunTime:0.031648s ]
SQL: INSERT INTO `tc_hometown` (`parentId`,`name`) VALUES (205,'东莞') [ RunTime:0.032900s ]
SQL: INSERT INTO `tc_hometown` (`parentId`,`name`) VALUES (205,'佛山') [ RunTime:0.031835s ]
SQL: INSERT INTO `tc_hometown` (`parentId`,`name`) VALUES (205,'河源') [ RunTime:0.032761s ]
SQL: INSERT INTO `tc_hometown` (`parentId`,`name`) VALUES (205,'惠州') [ RunTime:0.031713s ]
SQL: INSERT INTO `tc_hometown` (`parentId`,`name`) VALUES (205,'江门') [ RunTime:0.032951s ]
SQL: INSERT INTO `tc_hometown` (`parentId`,`name`) VALUES (205,'揭阳') [ RunTime:0.053934s ]
SQL: INSERT INTO `tc_hometown` (`parentId`,`name`) VALUES (205,'开平') [ RunTime:0.066238s ]
SQL: INSERT INTO `tc_hometown` (`parentId`,`name`) VALUES (205,'茂名') [ RunTime:0.031711s ]
SQL: INSERT INTO `tc_hometown` (`parentId`,`name`) VALUES (205,'梅州') [ RunTime:0.032906s ]
SQL: INSERT INTO `tc_hometown` (`parentId`,`name`) VALUES (205,'清远') [ RunTime:0.031714s ]
SQL: INSERT INTO `tc_hometown` (`parentId`,`name`) VALUES (205,'汕头') [ RunTime:0.032539s ]
SQL: INSERT INTO `tc_hometown` (`parentId`,`name`) VALUES (205,'汕尾') [ RunTime:0.031840s ]
SQL: INSERT INTO `tc_hometown` (`parentId`,`name`) VALUES (205,'韶关') [ RunTime:0.032832s ]
SQL: INSERT INTO `tc_hometown` (`parentId`,`name`) VALUES (205,'深圳') [ RunTime:0.031947s ]
SQL: INSERT INTO `tc_hometown` (`parentId`,`name`) VALUES (205,'顺德') [ RunTime:0.031880s ]
SQL: INSERT INTO `tc_hometown` (`parentId`,`name`) VALUES (205,'阳江') [ RunTime:0.031691s ]
SQL: INSERT INTO `tc_hometown` (`parentId`,`name`) VALUES (205,'英德') [ RunTime:0.032428s ]
SQL: INSERT INTO `tc_hometown` (`parentId`,`name`) VALUES (205,'云浮') [ RunTime:0.031688s ]
SQL: INSERT INTO `tc_hometown` (`parentId`,`name`) VALUES (205,'增城') [ RunTime:0.033046s ]
SQL: INSERT INTO `tc_hometown` (`parentId`,`name`) VALUES (205,'湛江') [ RunTime:0.031642s ]
SQL: INSERT INTO `tc_hometown` (`parentId`,`name`) VALUES (205,'肇庆') [ RunTime:0.066257s ]
SQL: INSERT INTO `tc_hometown` (`parentId`,`name`) VALUES (205,'中山') [ RunTime:0.031589s ]
SQL: INSERT INTO `tc_hometown` (`parentId`,`name`) VALUES (205,'珠海') [ RunTime:0.032789s ]
SQL: INSERT INTO `tc_hometown` (`parentId`,`name`) VALUES (0,'广西') [ RunTime:0.031807s ]
SQL: INSERT INTO `tc_hometown` (`parentId`,`name`) VALUES (233,'南宁') [ RunTime:0.032218s ]
SQL: INSERT INTO `tc_hometown` (`parentId`,`name`) VALUES (233,'百色') [ RunTime:0.031654s ]
SQL: INSERT INTO `tc_hometown` (`parentId`,`name`) VALUES (233,'北海') [ RunTime:0.032956s ]
SQL: INSERT INTO `tc_hometown` (`parentId`,`name`) VALUES (233,'桂林') [ RunTime:0.031752s ]
SQL: INSERT INTO `tc_hometown` (`parentId`,`name`) VALUES (233,'防城港') [ RunTime:0.032807s ]
SQL: INSERT INTO `tc_hometown` (`parentId`,`name`) VALUES (233,'河池') [ RunTime:0.031901s ]
SQL: INSERT INTO `tc_hometown` (`parentId`,`name`) VALUES (233,'贺州') [ RunTime:0.054510s ]
SQL: INSERT INTO `tc_hometown` (`parentId`,`name`) VALUES (233,'柳州') [ RunTime:0.031667s ]
SQL: INSERT INTO `tc_hometown` (`parentId`,`name`) VALUES (233,'来宾') [ RunTime:0.032962s ]
SQL: INSERT INTO `tc_hometown` (`parentId`,`name`) VALUES (233,'钦州') [ RunTime:0.031624s ]
SQL: INSERT INTO `tc_hometown` (`parentId`,`name`) VALUES (233,'梧州') [ RunTime:0.055200s ]
SQL: INSERT INTO `tc_hometown` (`parentId`,`name`) VALUES (233,'贵港') [ RunTime:0.031637s ]
SQL: INSERT INTO `tc_hometown` (`parentId`,`name`) VALUES (233,'玉林') [ RunTime:0.032792s ]
SQL: INSERT INTO `tc_hometown` (`parentId`,`name`) VALUES (0,'贵州') [ RunTime:0.031936s ]
SQL: INSERT INTO `tc_hometown` (`parentId`,`name`) VALUES (247,'贵阳') [ RunTime:0.032170s ]
SQL: INSERT INTO `tc_hometown` (`parentId`,`name`) VALUES (247,'安顺') [ RunTime:0.031603s ]
SQL: INSERT INTO `tc_hometown` (`parentId`,`name`) VALUES (247,'毕节') [ RunTime:0.065900s ]
SQL: INSERT INTO `tc_hometown` (`parentId`,`name`) VALUES (247,'都匀') [ RunTime:0.031493s ]
SQL: INSERT INTO `tc_hometown` (`parentId`,`name`) VALUES (247,'凯里') [ RunTime:0.032858s ]
SQL: INSERT INTO `tc_hometown` (`parentId`,`name`) VALUES (247,'六盘水') [ RunTime:0.031746s ]
SQL: INSERT INTO `tc_hometown` (`parentId`,`name`) VALUES (247,'铜仁') [ RunTime:0.032916s ]
SQL: INSERT INTO `tc_hometown` (`parentId`,`name`) VALUES (247,'兴义') [ RunTime:0.031684s ]
SQL: INSERT INTO `tc_hometown` (`parentId`,`name`) VALUES (247,'玉屏') [ RunTime:0.066210s ]
SQL: INSERT INTO `tc_hometown` (`parentId`,`name`) VALUES (247,'遵义') [ RunTime:0.031813s ]
SQL: INSERT INTO `tc_hometown` (`parentId`,`name`) VALUES (0,'海南') [ RunTime:0.032904s ]
SQL: INSERT INTO `tc_hometown` (`parentId`,`name`) VALUES (258,'海口') [ RunTime:0.031912s ]
SQL: INSERT INTO `tc_hometown` (`parentId`,`name`) VALUES (258,'三亚') [ RunTime:0.032059s ]
SQL: INSERT INTO `tc_hometown` (`parentId`,`name`) VALUES (258,'五指山') [ RunTime:0.031883s ]
SQL: INSERT INTO `tc_hometown` (`parentId`,`name`) VALUES (258,'琼海') [ RunTime:0.032810s ]
SQL: INSERT INTO `tc_hometown` (`parentId`,`name`) VALUES (258,'儋州') [ RunTime:0.031725s ]
SQL: INSERT INTO `tc_hometown` (`parentId`,`name`) VALUES (258,'文昌') [ RunTime:0.032720s ]
SQL: INSERT INTO `tc_hometown` (`parentId`,`name`) VALUES (258,'万宁') [ RunTime:0.031713s ]
SQL: INSERT INTO `tc_hometown` (`parentId`,`name`) VALUES (258,'东方') [ RunTime:0.032961s ]
SQL: INSERT INTO `tc_hometown` (`parentId`,`name`) VALUES (258,'定安') [ RunTime:0.031718s ]
SQL: INSERT INTO `tc_hometown` (`parentId`,`name`) VALUES (258,'屯昌') [ RunTime:0.032867s ]
SQL: INSERT INTO `tc_hometown` (`parentId`,`name`) VALUES (258,'澄迈') [ RunTime:0.031790s ]
SQL: INSERT INTO `tc_hometown` (`parentId`,`name`) VALUES (258,'临高') [ RunTime:0.032803s ]
SQL: INSERT INTO `tc_hometown` (`parentId`,`name`) VALUES (258,'万宁') [ RunTime:0.031670s ]
SQL: INSERT INTO `tc_hometown` (`parentId`,`name`) VALUES (258,'白沙黎族') [ RunTime:0.054772s ]
SQL: INSERT INTO `tc_hometown` (`parentId`,`name`) VALUES (258,'昌江黎族') [ RunTime:0.031722s ]
SQL: INSERT INTO `tc_hometown` (`parentId`,`name`) VALUES (258,'乐东黎族') [ RunTime:0.032567s ]
SQL: INSERT INTO `tc_hometown` (`parentId`,`name`) VALUES (258,'陵水黎族') [ RunTime:0.031296s ]
SQL: INSERT INTO `tc_hometown` (`parentId`,`name`) VALUES (258,'保亭黎族') [ RunTime:0.032857s ]
SQL: INSERT INTO `tc_hometown` (`parentId`,`name`) VALUES (258,'琼中黎族') [ RunTime:0.031695s ]
SQL: INSERT INTO `tc_hometown` (`parentId`,`name`) VALUES (258,'西沙群岛') [ RunTime:0.032181s ]
SQL: INSERT INTO `tc_hometown` (`parentId`,`name`) VALUES (258,'南沙群岛') [ RunTime:0.031808s ]
SQL: INSERT INTO `tc_hometown` (`parentId`,`name`) VALUES (258,'中沙群岛') [ RunTime:0.033010s ]
SQL: INSERT INTO `tc_hometown` (`parentId`,`name`) VALUES (0,'河北') [ RunTime:0.030796s ]
SQL: INSERT INTO `tc_hometown` (`parentId`,`name`) VALUES (281,'石家庄') [ RunTime:0.032753s ]
SQL: INSERT INTO `tc_hometown` (`parentId`,`name`) VALUES (281,'保定') [ RunTime:0.031711s ]
SQL: INSERT INTO `tc_hometown` (`parentId`,`name`) VALUES (281,'北戴河') [ RunTime:0.032245s ]
SQL: INSERT INTO `tc_hometown` (`parentId`,`name`) VALUES (281,'沧州') [ RunTime:0.038455s ]
SQL: INSERT INTO `tc_hometown` (`parentId`,`name`) VALUES (281,'承德') [ RunTime:0.070139s ]
SQL: INSERT INTO `tc_hometown` (`parentId`,`name`) VALUES (281,'丰润') [ RunTime:0.021023s ]
SQL: INSERT INTO `tc_hometown` (`parentId`,`name`) VALUES (281,'邯郸') [ RunTime:0.031622s ]
SQL: INSERT INTO `tc_hometown` (`parentId`,`name`) VALUES (281,'衡水') [ RunTime:0.032867s ]
SQL: INSERT INTO `tc_hometown` (`parentId`,`name`) VALUES (281,'廊坊') [ RunTime:0.031722s ]
SQL: INSERT INTO `tc_hometown` (`parentId`,`name`) VALUES (281,'南戴河') [ RunTime:0.032763s ]
SQL: INSERT INTO `tc_hometown` (`parentId`,`name`) VALUES (281,'秦皇岛') [ RunTime:0.021149s ]
SQL: INSERT INTO `tc_hometown` (`parentId`,`name`) VALUES (281,'唐山') [ RunTime:0.044708s ]
SQL: INSERT INTO `tc_hometown` (`parentId`,`name`) VALUES (281,'新城') [ RunTime:0.080851s ]
SQL: INSERT INTO `tc_hometown` (`parentId`,`name`) VALUES (281,'邢台') [ RunTime:0.028282s ]
SQL: INSERT INTO `tc_hometown` (`parentId`,`name`) VALUES (281,'张家口') [ RunTime:0.068390s ]
SQL: INSERT INTO `tc_hometown` (`parentId`,`name`) VALUES (0,'黑龙江') [ RunTime:0.062473s ]
SQL: INSERT INTO `tc_hometown` (`parentId`,`name`) VALUES (297,'哈尔滨') [ RunTime:0.077131s ]
SQL: INSERT INTO `tc_hometown` (`parentId`,`name`) VALUES (297,'北安') [ RunTime:0.031932s ]
SQL: INSERT INTO `tc_hometown` (`parentId`,`name`) VALUES (297,'大庆') [ RunTime:0.054460s ]
SQL: INSERT INTO `tc_hometown` (`parentId`,`name`) VALUES (297,'大兴安岭') [ RunTime:0.021100s ]
SQL: INSERT INTO `tc_hometown` (`parentId`,`name`) VALUES (297,'鹤岗') [ RunTime:0.031224s ]
SQL: INSERT INTO `tc_hometown` (`parentId`,`name`) VALUES (297,'黑河') [ RunTime:0.032106s ]
SQL: INSERT INTO `tc_hometown` (`parentId`,`name`) VALUES (297,'佳木斯') [ RunTime:0.031690s ]
SQL: INSERT INTO `tc_hometown` (`parentId`,`name`) VALUES (297,'鸡西') [ RunTime:0.032706s ]
SQL: INSERT INTO `tc_hometown` (`parentId`,`name`) VALUES (297,'牡丹江') [ RunTime:0.031801s ]
SQL: INSERT INTO `tc_hometown` (`parentId`,`name`) VALUES (297,'齐齐哈尔') [ RunTime:0.032897s ]
SQL: INSERT INTO `tc_hometown` (`parentId`,`name`) VALUES (297,'七台河') [ RunTime:0.031763s ]
SQL: INSERT INTO `tc_hometown` (`parentId`,`name`) VALUES (297,'双鸭山') [ RunTime:0.055036s ]
SQL: INSERT INTO `tc_hometown` (`parentId`,`name`) VALUES (297,'绥化') [ RunTime:0.031741s ]
SQL: INSERT INTO `tc_hometown` (`parentId`,`name`) VALUES (297,'伊春') [ RunTime:0.032835s ]
SQL: INSERT INTO `tc_hometown` (`parentId`,`name`) VALUES (0,'河南') [ RunTime:0.053965s ]
SQL: INSERT INTO `tc_hometown` (`parentId`,`name`) VALUES (312,'郑州') [ RunTime:0.032800s ]
SQL: INSERT INTO `tc_hometown` (`parentId`,`name`) VALUES (312,'安阳') [ RunTime:0.031863s ]
SQL: INSERT INTO `tc_hometown` (`parentId`,`name`) VALUES (312,'鹤壁') [ RunTime:0.032826s ]
SQL: INSERT INTO `tc_hometown` (`parentId`,`name`) VALUES (312,'潢川') [ RunTime:0.031810s ]
SQL: INSERT INTO `tc_hometown` (`parentId`,`name`) VALUES (312,'焦作') [ RunTime:0.032834s ]
SQL: INSERT INTO `tc_hometown` (`parentId`,`name`) VALUES (312,'济源') [ RunTime:0.064583s ]
SQL: INSERT INTO `tc_hometown` (`parentId`,`name`) VALUES (312,'开封') [ RunTime:0.032455s ]
SQL: INSERT INTO `tc_hometown` (`parentId`,`name`) VALUES (312,'漯河') [ RunTime:0.031819s ]
SQL: INSERT INTO `tc_hometown` (`parentId`,`name`) VALUES (312,'洛阳') [ RunTime:0.032827s ]
SQL: INSERT INTO `tc_hometown` (`parentId`,`name`) VALUES (312,'南阳') [ RunTime:0.031359s ]
SQL: INSERT INTO `tc_hometown` (`parentId`,`name`) VALUES (312,'平顶山') [ RunTime:0.032508s ]
SQL: INSERT INTO `tc_hometown` (`parentId`,`name`) VALUES (312,'濮阳') [ RunTime:0.054100s ]
SQL: INSERT INTO `tc_hometown` (`parentId`,`name`) VALUES (312,'三门峡') [ RunTime:0.032744s ]
SQL: INSERT INTO `tc_hometown` (`parentId`,`name`) VALUES (312,'商丘') [ RunTime:0.031814s ]
SQL: INSERT INTO `tc_hometown` (`parentId`,`name`) VALUES (312,'新乡') [ RunTime:0.032758s ]
SQL: INSERT INTO `tc_hometown` (`parentId`,`name`) VALUES (312,'信阳') [ RunTime:0.031591s ]
SQL: INSERT INTO `tc_hometown` (`parentId`,`name`) VALUES (312,'许昌') [ RunTime:0.022087s ]
SQL: INSERT INTO `tc_hometown` (`parentId`,`name`) VALUES (312,'周口') [ RunTime:0.032124s ]
SQL: INSERT INTO `tc_hometown` (`parentId`,`name`) VALUES (312,'驻马店') [ RunTime:0.039610s ]
SQL: INSERT INTO `tc_hometown` (`parentId`,`name`) VALUES (0,'香港') [ RunTime:0.024811s ]
SQL: INSERT INTO `tc_hometown` (`parentId`,`name`) VALUES (332,'香港') [ RunTime:0.032777s ]
SQL: INSERT INTO `tc_hometown` (`parentId`,`name`) VALUES (332,'九龙') [ RunTime:0.053661s ]
SQL: INSERT INTO `tc_hometown` (`parentId`,`name`) VALUES (332,'新界') [ RunTime:0.032759s ]
SQL: INSERT INTO `tc_hometown` (`parentId`,`name`) VALUES (0,'湖北') [ RunTime:0.031799s ]
SQL: INSERT INTO `tc_hometown` (`parentId`,`name`) VALUES (336,'武汉') [ RunTime:0.032668s ]
SQL: INSERT INTO `tc_hometown` (`parentId`,`name`) VALUES (336,'恩施') [ RunTime:0.066030s ]
SQL: INSERT INTO `tc_hometown` (`parentId`,`name`) VALUES (336,'鄂州') [ RunTime:0.020127s ]
SQL: INSERT INTO `tc_hometown` (`parentId`,`name`) VALUES (336,'黄冈') [ RunTime:0.031741s ]
SQL: INSERT INTO `tc_hometown` (`parentId`,`name`) VALUES (336,'黄石') [ RunTime:0.054970s ]
SQL: INSERT INTO `tc_hometown` (`parentId`,`name`) VALUES (336,'荆门') [ RunTime:0.031474s ]
SQL: INSERT INTO `tc_hometown` (`parentId`,`name`) VALUES (336,'荆州') [ RunTime:0.022410s ]
SQL: INSERT INTO `tc_hometown` (`parentId`,`name`) VALUES (336,'潜江') [ RunTime:0.065017s ]
SQL: INSERT INTO `tc_hometown` (`parentId`,`name`) VALUES (336,'十堰') [ RunTime:0.032778s ]
SQL: INSERT INTO `tc_hometown` (`parentId`,`name`) VALUES (336,'随州') [ RunTime:0.069988s ]
SQL: INSERT INTO `tc_hometown` (`parentId`,`name`) VALUES (336,'武穴') [ RunTime:0.109063s ]
SQL: INSERT INTO `tc_hometown` (`parentId`,`name`) VALUES (336,'仙桃') [ RunTime:0.050463s ]
SQL: INSERT INTO `tc_hometown` (`parentId`,`name`) VALUES (336,'咸宁') [ RunTime:0.032678s ]
SQL: INSERT INTO `tc_hometown` (`parentId`,`name`) VALUES (336,'襄阳') [ RunTime:0.053868s ]
SQL: INSERT INTO `tc_hometown` (`parentId`,`name`) VALUES (336,'襄樊') [ RunTime:0.032834s ]
SQL: INSERT INTO `tc_hometown` (`parentId`,`name`) VALUES (336,'孝感') [ RunTime:0.042630s ]
SQL: INSERT INTO `tc_hometown` (`parentId`,`name`) VALUES (336,'宜昌') [ RunTime:0.022298s ]
SQL: INSERT INTO `tc_hometown` (`parentId`,`name`) VALUES (0,'湖南') [ RunTime:0.032385s ]
SQL: INSERT INTO `tc_hometown` (`parentId`,`name`) VALUES (354,'长沙') [ RunTime:0.055773s ]
SQL: INSERT INTO `tc_hometown` (`parentId`,`name`) VALUES (354,'常德') [ RunTime:0.032178s ]
SQL: INSERT INTO `tc_hometown` (`parentId`,`name`) VALUES (354,'郴州') [ RunTime:0.055988s ]
SQL: INSERT INTO `tc_hometown` (`parentId`,`name`) VALUES (354,'衡阳') [ RunTime:0.048312s ]
SQL: INSERT INTO `tc_hometown` (`parentId`,`name`) VALUES (354,'怀化') [ RunTime:0.082842s ]
SQL: INSERT INTO `tc_hometown` (`parentId`,`name`) VALUES (354,'吉首') [ RunTime:0.042519s ]
SQL: INSERT INTO `tc_hometown` (`parentId`,`name`) VALUES (354,'娄底') [ RunTime:0.020994s ]
SQL: INSERT INTO `tc_hometown` (`parentId`,`name`) VALUES (354,'邵阳') [ RunTime:0.031746s ]
SQL: INSERT INTO `tc_hometown` (`parentId`,`name`) VALUES (354,'湘潭') [ RunTime:0.022112s ]
SQL: INSERT INTO `tc_hometown` (`parentId`,`name`) VALUES (354,'益阳') [ RunTime:0.032266s ]
SQL: INSERT INTO `tc_hometown` (`parentId`,`name`) VALUES (354,'岳阳') [ RunTime:0.032797s ]
SQL: INSERT INTO `tc_hometown` (`parentId`,`name`) VALUES (354,'永州') [ RunTime:0.031624s ]
SQL: INSERT INTO `tc_hometown` (`parentId`,`name`) VALUES (354,'张家界') [ RunTime:0.055143s ]
SQL: INSERT INTO `tc_hometown` (`parentId`,`name`) VALUES (354,'株洲') [ RunTime:0.031672s ]
SQL: INSERT INTO `tc_hometown` (`parentId`,`name`) VALUES (0,'江苏') [ RunTime:0.032895s ]
SQL: INSERT INTO `tc_hometown` (`parentId`,`name`) VALUES (369,'南京') [ RunTime:0.031677s ]
SQL: INSERT INTO `tc_hometown` (`parentId`,`name`) VALUES (369,'常熟') [ RunTime:0.043349s ]
SQL: INSERT INTO `tc_hometown` (`parentId`,`name`) VALUES (369,'常州') [ RunTime:0.031715s ]
SQL: INSERT INTO `tc_hometown` (`parentId`,`name`) VALUES (369,'海门') [ RunTime:0.032814s ]
SQL: INSERT INTO `tc_hometown` (`parentId`,`name`) VALUES (369,'淮安') [ RunTime:0.053750s ]
SQL: INSERT INTO `tc_hometown` (`parentId`,`name`) VALUES (369,'江都') [ RunTime:0.032472s ]
SQL: INSERT INTO `tc_hometown` (`parentId`,`name`) VALUES (369,'江阴') [ RunTime:0.031084s ]
SQL: INSERT INTO `tc_hometown` (`parentId`,`name`) VALUES (369,'昆山') [ RunTime:0.032961s ]
SQL: INSERT INTO `tc_hometown` (`parentId`,`name`) VALUES (369,'连云港') [ RunTime:0.120593s ]
SQL: INSERT INTO `tc_hometown` (`parentId`,`name`) VALUES (369,'南通') [ RunTime:0.055123s ]
SQL: INSERT INTO `tc_hometown` (`parentId`,`name`) VALUES (369,'启东') [ RunTime:0.031668s ]
SQL: INSERT INTO `tc_hometown` (`parentId`,`name`) VALUES (369,'沭阳') [ RunTime:0.032992s ]
SQL: INSERT INTO `tc_hometown` (`parentId`,`name`) VALUES (369,'宿迁') [ RunTime:0.031685s ]
SQL: INSERT INTO `tc_hometown` (`parentId`,`name`) VALUES (369,'苏州') [ RunTime:0.032934s ]
SQL: INSERT INTO `tc_hometown` (`parentId`,`name`) VALUES (369,'太仓') [ RunTime:0.031502s ]
SQL: INSERT INTO `tc_hometown` (`parentId`,`name`) VALUES (369,'泰州') [ RunTime:0.054303s ]
SQL: INSERT INTO `tc_hometown` (`parentId`,`name`) VALUES (369,'同里') [ RunTime:0.031634s ]
SQL: INSERT INTO `tc_hometown` (`parentId`,`name`) VALUES (369,'无锡') [ RunTime:0.032640s ]
SQL: INSERT INTO `tc_hometown` (`parentId`,`name`) VALUES (369,'徐州') [ RunTime:0.031524s ]
SQL: INSERT INTO `tc_hometown` (`parentId`,`name`) VALUES (369,'盐城') [ RunTime:0.032714s ]
SQL: INSERT INTO `tc_hometown` (`parentId`,`name`) VALUES (369,'扬州') [ RunTime:0.031321s ]
SQL: INSERT INTO `tc_hometown` (`parentId`,`name`) VALUES (369,'宜兴') [ RunTime:0.032720s ]
SQL: INSERT INTO `tc_hometown` (`parentId`,`name`) VALUES (369,'仪征') [ RunTime:0.032189s ]
SQL: INSERT INTO `tc_hometown` (`parentId`,`name`) VALUES (369,'张家港') [ RunTime:0.022274s ]
SQL: INSERT INTO `tc_hometown` (`parentId`,`name`) VALUES (369,'镇江') [ RunTime:0.031811s ]
SQL: INSERT INTO `tc_hometown` (`parentId`,`name`) VALUES (369,'周庄') [ RunTime:0.032923s ]
SQL: INSERT INTO `tc_hometown` (`parentId`,`name`) VALUES (0,'江西') [ RunTime:0.031657s ]
SQL: INSERT INTO `tc_hometown` (`parentId`,`name`) VALUES (396,'南昌') [ RunTime:0.055097s ]
SQL: INSERT INTO `tc_hometown` (`parentId`,`name`) VALUES (396,'抚州') [ RunTime:0.031707s ]
SQL: INSERT INTO `tc_hometown` (`parentId`,`name`) VALUES (396,'赣州') [ RunTime:0.055112s ]
SQL: INSERT INTO `tc_hometown` (`parentId`,`name`) VALUES (396,'吉安') [ RunTime:0.031875s ]
SQL: INSERT INTO `tc_hometown` (`parentId`,`name`) VALUES (396,'景德镇') [ RunTime:0.032755s ]
SQL: INSERT INTO `tc_hometown` (`parentId`,`name`) VALUES (396,'井冈山') [ RunTime:0.031740s ]
SQL: INSERT INTO `tc_hometown` (`parentId`,`name`) VALUES (396,'九江') [ RunTime:0.032801s ]
SQL: INSERT INTO `tc_hometown` (`parentId`,`name`) VALUES (396,'庐山') [ RunTime:0.031165s ]
SQL: INSERT INTO `tc_hometown` (`parentId`,`name`) VALUES (396,'萍乡') [ RunTime:0.032724s ]
SQL: INSERT INTO `tc_hometown` (`parentId`,`name`) VALUES (396,'上饶') [ RunTime:0.031851s ]
SQL: INSERT INTO `tc_hometown` (`parentId`,`name`) VALUES (396,'新余') [ RunTime:0.032780s ]
SQL: INSERT INTO `tc_hometown` (`parentId`,`name`) VALUES (396,'宜春') [ RunTime:0.031629s ]
SQL: INSERT INTO `tc_hometown` (`parentId`,`name`) VALUES (396,'鹰潭') [ RunTime:0.032789s ]
SQL: INSERT INTO `tc_hometown` (`parentId`,`name`) VALUES (0,'吉林') [ RunTime:0.054464s ]
SQL: INSERT INTO `tc_hometown` (`parentId`,`name`) VALUES (410,'长春') [ RunTime:0.032837s ]
SQL: INSERT INTO `tc_hometown` (`parentId`,`name`) VALUES (410,'白城') [ RunTime:0.031665s ]
SQL: INSERT INTO `tc_hometown` (`parentId`,`name`) VALUES (410,'白山') [ RunTime:0.032286s ]
SQL: INSERT INTO `tc_hometown` (`parentId`,`name`) VALUES (410,'珲春') [ RunTime:0.031602s ]
SQL: INSERT INTO `tc_hometown` (`parentId`,`name`) VALUES (410,'辽源') [ RunTime:0.032759s ]
SQL: INSERT INTO `tc_hometown` (`parentId`,`name`) VALUES (410,'梅河') [ RunTime:0.031744s ]
SQL: INSERT INTO `tc_hometown` (`parentId`,`name`) VALUES (410,'吉林') [ RunTime:0.055162s ]
SQL: INSERT INTO `tc_hometown` (`parentId`,`name`) VALUES (410,'四平') [ RunTime:0.031723s ]
SQL: INSERT INTO `tc_hometown` (`parentId`,`name`) VALUES (410,'松原') [ RunTime:0.032810s ]
SQL: INSERT INTO `tc_hometown` (`parentId`,`name`) VALUES (410,'通化') [ RunTime:0.031670s ]
SQL: INSERT INTO `tc_hometown` (`parentId`,`name`) VALUES (410,'延吉') [ RunTime:0.032642s ]
SQL: INSERT INTO `tc_hometown` (`parentId`,`name`) VALUES (0,'辽宁') [ RunTime:0.031653s ]
SQL: INSERT INTO `tc_hometown` (`parentId`,`name`) VALUES (422,'沈阳') [ RunTime:0.029491s ]
SQL: INSERT INTO `tc_hometown` (`parentId`,`name`) VALUES (422,'鞍山') [ RunTime:0.023709s ]
SQL: INSERT INTO `tc_hometown` (`parentId`,`name`) VALUES (422,'本溪') [ RunTime:0.021986s ]
SQL: INSERT INTO `tc_hometown` (`parentId`,`name`) VALUES (422,'朝阳') [ RunTime:0.031407s ]
SQL: INSERT INTO `tc_hometown` (`parentId`,`name`) VALUES (422,'大连') [ RunTime:0.055075s ]
SQL: INSERT INTO `tc_hometown` (`parentId`,`name`) VALUES (422,'丹东') [ RunTime:0.031107s ]
SQL: INSERT INTO `tc_hometown` (`parentId`,`name`) VALUES (422,'抚顺') [ RunTime:0.032600s ]
SQL: INSERT INTO `tc_hometown` (`parentId`,`name`) VALUES (422,'阜新') [ RunTime:0.031788s ]
SQL: INSERT INTO `tc_hometown` (`parentId`,`name`) VALUES (422,'葫芦岛') [ RunTime:0.089107s ]
SQL: INSERT INTO `tc_hometown` (`parentId`,`name`) VALUES (422,'锦州') [ RunTime:0.053220s ]
SQL: INSERT INTO `tc_hometown` (`parentId`,`name`) VALUES (422,'辽阳') [ RunTime:0.032848s ]
SQL: INSERT INTO `tc_hometown` (`parentId`,`name`) VALUES (422,'盘锦') [ RunTime:0.031825s ]
SQL: INSERT INTO `tc_hometown` (`parentId`,`name`) VALUES (422,'铁岭') [ RunTime:0.066308s ]
SQL: INSERT INTO `tc_hometown` (`parentId`,`name`) VALUES (422,'营口') [ RunTime:0.031596s ]
SQL: INSERT INTO `tc_hometown` (`parentId`,`name`) VALUES (0,'澳门') [ RunTime:0.032942s ]
SQL: INSERT INTO `tc_hometown` (`parentId`,`name`) VALUES (437,'澳门') [ RunTime:0.031696s ]
SQL: INSERT INTO `tc_hometown` (`parentId`,`name`) VALUES (0,'内蒙古') [ RunTime:0.032451s ]
SQL: INSERT INTO `tc_hometown` (`parentId`,`name`) VALUES (439,'呼和浩特') [ RunTime:0.021155s ]
SQL: INSERT INTO `tc_hometown` (`parentId`,`name`) VALUES (439,'阿拉善盟') [ RunTime:0.055659s ]
SQL: INSERT INTO `tc_hometown` (`parentId`,`name`) VALUES (439,'包头') [ RunTime:0.053897s ]
SQL: INSERT INTO `tc_hometown` (`parentId`,`name`) VALUES (439,'赤峰') [ RunTime:0.022206s ]
SQL: INSERT INTO `tc_hometown` (`parentId`,`name`) VALUES (439,'东胜') [ RunTime:0.031729s ]
SQL: INSERT INTO `tc_hometown` (`parentId`,`name`) VALUES (439,'海拉尔') [ RunTime:0.054097s ]
SQL: INSERT INTO `tc_hometown` (`parentId`,`name`) VALUES (439,'集宁') [ RunTime:0.031672s ]
SQL: INSERT INTO `tc_hometown` (`parentId`,`name`) VALUES (439,'临河') [ RunTime:0.032915s ]
SQL: INSERT INTO `tc_hometown` (`parentId`,`name`) VALUES (439,'通辽') [ RunTime:0.031718s ]
SQL: INSERT INTO `tc_hometown` (`parentId`,`name`) VALUES (439,'乌海') [ RunTime:0.031859s ]
SQL: INSERT INTO `tc_hometown` (`parentId`,`name`) VALUES (439,'乌兰浩特') [ RunTime:0.031618s ]
SQL: INSERT INTO `tc_hometown` (`parentId`,`name`) VALUES (439,'锡林浩特') [ RunTime:0.022188s ]
SQL: INSERT INTO `tc_hometown` (`parentId`,`name`) VALUES (0,'宁夏') [ RunTime:0.053309s ]
SQL: INSERT INTO `tc_hometown` (`parentId`,`name`) VALUES (452,'银川') [ RunTime:0.055580s ]
SQL: INSERT INTO `tc_hometown` (`parentId`,`name`) VALUES (452,'固原') [ RunTime:0.054717s ]
SQL: INSERT INTO `tc_hometown` (`parentId`,`name`) VALUES (452,'中卫') [ RunTime:0.043921s ]
SQL: INSERT INTO `tc_hometown` (`parentId`,`name`) VALUES (452,'石嘴山') [ RunTime:0.021185s ]
SQL: INSERT INTO `tc_hometown` (`parentId`,`name`) VALUES (452,'吴忠') [ RunTime:0.022321s ]
SQL: INSERT INTO `tc_hometown` (`parentId`,`name`) VALUES (0,'青海') [ RunTime:0.021091s ]
SQL: INSERT INTO `tc_hometown` (`parentId`,`name`) VALUES (458,'西宁') [ RunTime:0.022500s ]
SQL: INSERT INTO `tc_hometown` (`parentId`,`name`) VALUES (458,'德令哈') [ RunTime:0.031696s ]
SQL: INSERT INTO `tc_hometown` (`parentId`,`name`) VALUES (458,'格尔木') [ RunTime:0.032962s ]
SQL: INSERT INTO `tc_hometown` (`parentId`,`name`) VALUES (458,'共和') [ RunTime:0.065081s ]
SQL: INSERT INTO `tc_hometown` (`parentId`,`name`) VALUES (458,'海东') [ RunTime:0.032860s ]
SQL: INSERT INTO `tc_hometown` (`parentId`,`name`) VALUES (458,'海晏') [ RunTime:0.031762s ]
SQL: INSERT INTO `tc_hometown` (`parentId`,`name`) VALUES (458,'玛沁') [ RunTime:0.043885s ]
SQL: INSERT INTO `tc_hometown` (`parentId`,`name`) VALUES (458,'同仁') [ RunTime:0.043207s ]
SQL: INSERT INTO `tc_hometown` (`parentId`,`name`) VALUES (458,'玉树') [ RunTime:0.042676s ]
SQL: INSERT INTO `tc_hometown` (`parentId`,`name`) VALUES (0,'山东') [ RunTime:0.031504s ]
SQL: INSERT INTO `tc_hometown` (`parentId`,`name`) VALUES (468,'济南') [ RunTime:0.032931s ]
SQL: INSERT INTO `tc_hometown` (`parentId`,`name`) VALUES (468,'滨州') [ RunTime:0.031543s ]
SQL: INSERT INTO `tc_hometown` (`parentId`,`name`) VALUES (468,'兖州') [ RunTime:0.032625s ]
SQL: INSERT INTO `tc_hometown` (`parentId`,`name`) VALUES (468,'德州') [ RunTime:0.053750s ]
SQL: INSERT INTO `tc_hometown` (`parentId`,`name`) VALUES (468,'东营') [ RunTime:0.032824s ]
SQL: INSERT INTO `tc_hometown` (`parentId`,`name`) VALUES (468,'菏泽') [ RunTime:0.031903s ]
SQL: INSERT INTO `tc_hometown` (`parentId`,`name`) VALUES (468,'济宁') [ RunTime:0.032460s ]
SQL: INSERT INTO `tc_hometown` (`parentId`,`name`) VALUES (468,'莱芜') [ RunTime:0.031827s ]
SQL: INSERT INTO `tc_hometown` (`parentId`,`name`) VALUES (468,'聊城') [ RunTime:0.032674s ]
SQL: INSERT INTO `tc_hometown` (`parentId`,`name`) VALUES (468,'临沂') [ RunTime:0.031203s ]
SQL: INSERT INTO `tc_hometown` (`parentId`,`name`) VALUES (468,'蓬莱') [ RunTime:0.032820s ]
SQL: INSERT INTO `tc_hometown` (`parentId`,`name`) VALUES (468,'青岛') [ RunTime:0.031942s ]
SQL: INSERT INTO `tc_hometown` (`parentId`,`name`) VALUES (468,'曲阜') [ RunTime:0.065345s ]
SQL: INSERT INTO `tc_hometown` (`parentId`,`name`) VALUES (468,'日照') [ RunTime:0.031701s ]
SQL: INSERT INTO `tc_hometown` (`parentId`,`name`) VALUES (468,'泰安') [ RunTime:0.032002s ]
SQL: INSERT INTO `tc_hometown` (`parentId`,`name`) VALUES (468,'潍坊') [ RunTime:0.031821s ]
SQL: INSERT INTO `tc_hometown` (`parentId`,`name`) VALUES (468,'威海') [ RunTime:0.032811s ]
SQL: INSERT INTO `tc_hometown` (`parentId`,`name`) VALUES (468,'烟台') [ RunTime:0.031600s ]
SQL: INSERT INTO `tc_hometown` (`parentId`,`name`) VALUES (468,'枣庄') [ RunTime:0.032561s ]
SQL: INSERT INTO `tc_hometown` (`parentId`,`name`) VALUES (468,'淄博') [ RunTime:0.031796s ]
SQL: INSERT INTO `tc_hometown` (`parentId`,`name`) VALUES (0,'上海') [ RunTime:0.032199s ]
SQL: INSERT INTO `tc_hometown` (`parentId`,`name`) VALUES (489,'崇明') [ RunTime:0.102915s ]
SQL: INSERT INTO `tc_hometown` (`parentId`,`name`) VALUES (489,'黄浦') [ RunTime:0.062078s ]
SQL: INSERT INTO `tc_hometown` (`parentId`,`name`) VALUES (489,'卢湾') [ RunTime:0.041926s ]
SQL: INSERT INTO `tc_hometown` (`parentId`,`name`) VALUES (489,'徐汇') [ RunTime:0.031857s ]
SQL: INSERT INTO `tc_hometown` (`parentId`,`name`) VALUES (489,'长宁') [ RunTime:0.032640s ]
SQL: INSERT INTO `tc_hometown` (`parentId`,`name`) VALUES (489,'静安') [ RunTime:0.031742s ]
SQL: INSERT INTO `tc_hometown` (`parentId`,`name`) VALUES (489,'普陀') [ RunTime:0.032872s ]
SQL: INSERT INTO `tc_hometown` (`parentId`,`name`) VALUES (489,'闸北') [ RunTime:0.031673s ]
SQL: INSERT INTO `tc_hometown` (`parentId`,`name`) VALUES (489,'虹口') [ RunTime:0.032803s ]
SQL: INSERT INTO `tc_hometown` (`parentId`,`name`) VALUES (489,'杨浦') [ RunTime:0.065800s ]
SQL: INSERT INTO `tc_hometown` (`parentId`,`name`) VALUES (489,'闵行') [ RunTime:0.032620s ]
SQL: INSERT INTO `tc_hometown` (`parentId`,`name`) VALUES (489,'宝山') [ RunTime:0.031401s ]
SQL: INSERT INTO `tc_hometown` (`parentId`,`name`) VALUES (489,'嘉定') [ RunTime:0.032817s ]
SQL: INSERT INTO `tc_hometown` (`parentId`,`name`) VALUES (489,'浦东') [ RunTime:0.031638s ]
SQL: INSERT INTO `tc_hometown` (`parentId`,`name`) VALUES (489,'金山') [ RunTime:0.055124s ]
SQL: INSERT INTO `tc_hometown` (`parentId`,`name`) VALUES (489,'松江') [ RunTime:0.031328s ]
SQL: INSERT INTO `tc_hometown` (`parentId`,`name`) VALUES (489,'青浦') [ RunTime:0.032987s ]
SQL: INSERT INTO `tc_hometown` (`parentId`,`name`) VALUES (489,'南汇') [ RunTime:0.031643s ]
SQL: INSERT INTO `tc_hometown` (`parentId`,`name`) VALUES (489,'奉贤') [ RunTime:0.055132s ]
SQL: INSERT INTO `tc_hometown` (`parentId`,`name`) VALUES (489,'朱家角') [ RunTime:0.031774s ]
SQL: INSERT INTO `tc_hometown` (`parentId`,`name`) VALUES (0,'山西') [ RunTime:0.032913s ]
SQL: INSERT INTO `tc_hometown` (`parentId`,`name`) VALUES (510,'太原') [ RunTime:0.031649s ]
SQL: INSERT INTO `tc_hometown` (`parentId`,`name`) VALUES (510,'长治') [ RunTime:0.066253s ]
SQL: INSERT INTO `tc_hometown` (`parentId`,`name`) VALUES (510,'大同') [ RunTime:0.020477s ]
SQL: INSERT INTO `tc_hometown` (`parentId`,`name`) VALUES (510,'候马') [ RunTime:0.032760s ]
SQL: INSERT INTO `tc_hometown` (`parentId`,`name`) VALUES (510,'晋城') [ RunTime:0.021172s ]
SQL: INSERT INTO `tc_hometown` (`parentId`,`name`) VALUES (510,'离石') [ RunTime:0.022293s ]
SQL: INSERT INTO `tc_hometown` (`parentId`,`name`) VALUES (510,'临汾') [ RunTime:0.021254s ]
SQL: INSERT INTO `tc_hometown` (`parentId`,`name`) VALUES (510,'宁武') [ RunTime:0.022384s ]
SQL: INSERT INTO `tc_hometown` (`parentId`,`name`) VALUES (510,'朔州') [ RunTime:0.032473s ]
SQL: INSERT INTO `tc_hometown` (`parentId`,`name`) VALUES (510,'忻州') [ RunTime:0.032832s ]
SQL: INSERT INTO `tc_hometown` (`parentId`,`name`) VALUES (510,'阳泉') [ RunTime:0.031728s ]
SQL: INSERT INTO `tc_hometown` (`parentId`,`name`) VALUES (510,'榆次') [ RunTime:0.066202s ]
SQL: INSERT INTO `tc_hometown` (`parentId`,`name`) VALUES (510,'运城') [ RunTime:0.031752s ]
SQL: INSERT INTO `tc_hometown` (`parentId`,`name`) VALUES (0,'陕西') [ RunTime:0.032866s ]
SQL: INSERT INTO `tc_hometown` (`parentId`,`name`) VALUES (524,'西安') [ RunTime:0.031558s ]
SQL: INSERT INTO `tc_hometown` (`parentId`,`name`) VALUES (524,'安康') [ RunTime:0.032670s ]
SQL: INSERT INTO `tc_hometown` (`parentId`,`name`) VALUES (524,'宝鸡') [ RunTime:0.031709s ]
SQL: INSERT INTO `tc_hometown` (`parentId`,`name`) VALUES (524,'汉中') [ RunTime:0.055188s ]
SQL: INSERT INTO `tc_hometown` (`parentId`,`name`) VALUES (524,'渭南') [ RunTime:0.031115s ]
SQL: INSERT INTO `tc_hometown` (`parentId`,`name`) VALUES (524,'商州') [ RunTime:0.032839s ]
SQL: INSERT INTO `tc_hometown` (`parentId`,`name`) VALUES (524,'绥德') [ RunTime:0.031790s ]
SQL: INSERT INTO `tc_hometown` (`parentId`,`name`) VALUES (524,'铜川') [ RunTime:0.032862s ]
SQL: INSERT INTO `tc_hometown` (`parentId`,`name`) VALUES (524,'咸阳') [ RunTime:0.054490s ]
SQL: INSERT INTO `tc_hometown` (`parentId`,`name`) VALUES (524,'延安') [ RunTime:0.021193s ]
SQL: INSERT INTO `tc_hometown` (`parentId`,`name`) VALUES (524,'榆林') [ RunTime:0.031773s ]
SQL: INSERT INTO `tc_hometown` (`parentId`,`name`) VALUES (0,'四川') [ RunTime:0.031946s ]
SQL: INSERT INTO `tc_hometown` (`parentId`,`name`) VALUES (536,'成都') [ RunTime:0.054458s ]
SQL: INSERT INTO `tc_hometown` (`parentId`,`name`) VALUES (536,'巴中') [ RunTime:0.043036s ]
SQL: INSERT INTO `tc_hometown` (`parentId`,`name`) VALUES (536,'达州') [ RunTime:0.031692s ]
SQL: INSERT INTO `tc_hometown` (`parentId`,`name`) VALUES (536,'德阳') [ RunTime:0.121685s ]
SQL: INSERT INTO `tc_hometown` (`parentId`,`name`) VALUES (536,'都江堰') [ RunTime:0.053960s ]
SQL: INSERT INTO `tc_hometown` (`parentId`,`name`) VALUES (536,'峨眉山') [ RunTime:0.032685s ]
SQL: INSERT INTO `tc_hometown` (`parentId`,`name`) VALUES (536,'涪陵') [ RunTime:0.031676s ]
SQL: INSERT INTO `tc_hometown` (`parentId`,`name`) VALUES (536,'广安') [ RunTime:0.032905s ]
SQL: INSERT INTO `tc_hometown` (`parentId`,`name`) VALUES (536,'广元') [ RunTime:0.031727s ]
SQL: INSERT INTO `tc_hometown` (`parentId`,`name`) VALUES (536,'九寨沟') [ RunTime:0.032166s ]
SQL: INSERT INTO `tc_hometown` (`parentId`,`name`) VALUES (536,'康定') [ RunTime:0.031743s ]
SQL: INSERT INTO `tc_hometown` (`parentId`,`name`) VALUES (536,'乐山') [ RunTime:0.032666s ]
SQL: INSERT INTO `tc_hometown` (`parentId`,`name`) VALUES (536,'泸州') [ RunTime:0.032294s ]
SQL: INSERT INTO `tc_hometown` (`parentId`,`name`) VALUES (536,'马尔康') [ RunTime:0.032105s ]
SQL: INSERT INTO `tc_hometown` (`parentId`,`name`) VALUES (536,'绵阳') [ RunTime:0.031818s ]
SQL: INSERT INTO `tc_hometown` (`parentId`,`name`) VALUES (536,'眉山') [ RunTime:0.032108s ]
SQL: INSERT INTO `tc_hometown` (`parentId`,`name`) VALUES (536,'南充') [ RunTime:0.031763s ]
SQL: INSERT INTO `tc_hometown` (`parentId`,`name`) VALUES (536,'内江') [ RunTime:0.088361s ]
SQL: INSERT INTO `tc_hometown` (`parentId`,`name`) VALUES (536,'攀枝花') [ RunTime:0.031707s ]
SQL: INSERT INTO `tc_hometown` (`parentId`,`name`) VALUES (536,'遂宁') [ RunTime:0.055079s ]
SQL: INSERT INTO `tc_hometown` (`parentId`,`name`) VALUES (536,'汶川') [ RunTime:0.031792s ]
SQL: INSERT INTO `tc_hometown` (`parentId`,`name`) VALUES (536,'西昌') [ RunTime:0.032868s ]
SQL: INSERT INTO `tc_hometown` (`parentId`,`name`) VALUES (536,'雅安') [ RunTime:0.031728s ]
SQL: INSERT INTO `tc_hometown` (`parentId`,`name`) VALUES (536,'宜宾') [ RunTime:0.032947s ]
SQL: INSERT INTO `tc_hometown` (`parentId`,`name`) VALUES (536,'自贡') [ RunTime:0.031641s ]
SQL: INSERT INTO `tc_hometown` (`parentId`,`name`) VALUES (536,'资阳') [ RunTime:0.032925s ]
SQL: INSERT INTO `tc_hometown` (`parentId`,`name`) VALUES (0,'台湾') [ RunTime:0.031738s ]
SQL: INSERT INTO `tc_hometown` (`parentId`,`name`) VALUES (563,'台北') [ RunTime:0.032846s ]
SQL: INSERT INTO `tc_hometown` (`parentId`,`name`) VALUES (563,'基隆') [ RunTime:0.031341s ]
SQL: INSERT INTO `tc_hometown` (`parentId`,`name`) VALUES (563,'台南') [ RunTime:0.022185s ]
SQL: INSERT INTO `tc_hometown` (`parentId`,`name`) VALUES (563,'台中') [ RunTime:0.054563s ]
SQL: INSERT INTO `tc_hometown` (`parentId`,`name`) VALUES (563,'高雄') [ RunTime:0.032937s ]
SQL: INSERT INTO `tc_hometown` (`parentId`,`name`) VALUES (563,'屏东') [ RunTime:0.031652s ]
SQL: INSERT INTO `tc_hometown` (`parentId`,`name`) VALUES (563,'南投') [ RunTime:0.032923s ]
SQL: INSERT INTO `tc_hometown` (`parentId`,`name`) VALUES (563,'云林') [ RunTime:0.031712s ]
SQL: INSERT INTO `tc_hometown` (`parentId`,`name`) VALUES (563,'新竹') [ RunTime:0.032884s ]
SQL: INSERT INTO `tc_hometown` (`parentId`,`name`) VALUES (563,'彰化') [ RunTime:0.031532s ]
SQL: INSERT INTO `tc_hometown` (`parentId`,`name`) VALUES (563,'苗栗') [ RunTime:0.032362s ]
SQL: INSERT INTO `tc_hometown` (`parentId`,`name`) VALUES (563,'嘉义') [ RunTime:0.031850s ]
SQL: INSERT INTO `tc_hometown` (`parentId`,`name`) VALUES (563,'花莲') [ RunTime:0.032685s ]
SQL: INSERT INTO `tc_hometown` (`parentId`,`name`) VALUES (563,'桃园') [ RunTime:0.053995s ]
SQL: INSERT INTO `tc_hometown` (`parentId`,`name`) VALUES (563,'宜兰') [ RunTime:0.032886s ]
SQL: INSERT INTO `tc_hometown` (`parentId`,`name`) VALUES (563,'台东') [ RunTime:0.031743s ]
SQL: INSERT INTO `tc_hometown` (`parentId`,`name`) VALUES (563,'金门') [ RunTime:0.032872s ]
SQL: INSERT INTO `tc_hometown` (`parentId`,`name`) VALUES (563,'马祖') [ RunTime:0.040239s ]
SQL: INSERT INTO `tc_hometown` (`parentId`,`name`) VALUES (563,'澎湖') [ RunTime:0.023711s ]
SQL: INSERT INTO `tc_hometown` (`parentId`,`name`) VALUES (563,'其它') [ RunTime:0.031673s ]
SQL: INSERT INTO `tc_hometown` (`parentId`,`name`) VALUES (0,'天津') [ RunTime:0.021720s ]
SQL: INSERT INTO `tc_hometown` (`parentId`,`name`) VALUES (584,'天津') [ RunTime:0.031411s ]
SQL: INSERT INTO `tc_hometown` (`parentId`,`name`) VALUES (584,'和平') [ RunTime:0.021938s ]
SQL: INSERT INTO `tc_hometown` (`parentId`,`name`) VALUES (584,'东丽') [ RunTime:0.031831s ]
SQL: INSERT INTO `tc_hometown` (`parentId`,`name`) VALUES (584,'河东') [ RunTime:0.021543s ]
SQL: INSERT INTO `tc_hometown` (`parentId`,`name`) VALUES (584,'西青') [ RunTime:0.031375s ]
SQL: INSERT INTO `tc_hometown` (`parentId`,`name`) VALUES (584,'河西') [ RunTime:0.032535s ]
SQL: INSERT INTO `tc_hometown` (`parentId`,`name`) VALUES (584,'津南') [ RunTime:0.031711s ]
SQL: INSERT INTO `tc_hometown` (`parentId`,`name`) VALUES (584,'南开') [ RunTime:0.055154s ]
SQL: INSERT INTO `tc_hometown` (`parentId`,`name`) VALUES (584,'北辰') [ RunTime:0.042991s ]
SQL: INSERT INTO `tc_hometown` (`parentId`,`name`) VALUES (584,'河北') [ RunTime:0.032545s ]
SQL: INSERT INTO `tc_hometown` (`parentId`,`name`) VALUES (584,'武清') [ RunTime:0.031861s ]
SQL: INSERT INTO `tc_hometown` (`parentId`,`name`) VALUES (584,'红挢') [ RunTime:0.032585s ]
SQL: INSERT INTO `tc_hometown` (`parentId`,`name`) VALUES (584,'塘沽') [ RunTime:0.031548s ]
SQL: INSERT INTO `tc_hometown` (`parentId`,`name`) VALUES (584,'汉沽') [ RunTime:0.032985s ]
SQL: INSERT INTO `tc_hometown` (`parentId`,`name`) VALUES (584,'大港') [ RunTime:0.031247s ]
SQL: INSERT INTO `tc_hometown` (`parentId`,`name`) VALUES (584,'宁河') [ RunTime:0.021717s ]
SQL: INSERT INTO `tc_hometown` (`parentId`,`name`) VALUES (584,'静海') [ RunTime:0.031639s ]
SQL: INSERT INTO `tc_hometown` (`parentId`,`name`) VALUES (584,'宝坻') [ RunTime:0.021804s ]
SQL: INSERT INTO `tc_hometown` (`parentId`,`name`) VALUES (584,'蓟县') [ RunTime:0.031817s ]
SQL: INSERT INTO `tc_hometown` (`parentId`,`name`) VALUES (0,'新疆') [ RunTime:0.021742s ]
SQL: INSERT INTO `tc_hometown` (`parentId`,`name`) VALUES (604,'乌鲁木齐') [ RunTime:0.031661s ]
SQL: INSERT INTO `tc_hometown` (`parentId`,`name`) VALUES (604,'阿克苏') [ RunTime:0.032740s ]
SQL: INSERT INTO `tc_hometown` (`parentId`,`name`) VALUES (604,'阿勒泰') [ RunTime:0.031661s ]
SQL: INSERT INTO `tc_hometown` (`parentId`,`name`) VALUES (604,'阿图什') [ RunTime:0.032738s ]
SQL: INSERT INTO `tc_hometown` (`parentId`,`name`) VALUES (604,'博乐') [ RunTime:0.031701s ]
SQL: INSERT INTO `tc_hometown` (`parentId`,`name`) VALUES (604,'昌吉') [ RunTime:0.032856s ]
SQL: INSERT INTO `tc_hometown` (`parentId`,`name`) VALUES (604,'东山') [ RunTime:0.053787s ]
SQL: INSERT INTO `tc_hometown` (`parentId`,`name`) VALUES (604,'哈密') [ RunTime:0.032900s ]
SQL: INSERT INTO `tc_hometown` (`parentId`,`name`) VALUES (604,'和田') [ RunTime:0.031763s ]
SQL: INSERT INTO `tc_hometown` (`parentId`,`name`) VALUES (604,'喀什') [ RunTime:0.032475s ]
SQL: INSERT INTO `tc_hometown` (`parentId`,`name`) VALUES (604,'克拉玛依') [ RunTime:0.031563s ]
SQL: INSERT INTO `tc_hometown` (`parentId`,`name`) VALUES (604,'库车') [ RunTime:0.065799s ]
SQL: INSERT INTO `tc_hometown` (`parentId`,`name`) VALUES (604,'库尔勒') [ RunTime:0.020991s ]
SQL: INSERT INTO `tc_hometown` (`parentId`,`name`) VALUES (604,'奎屯') [ RunTime:0.033396s ]
SQL: INSERT INTO `tc_hometown` (`parentId`,`name`) VALUES (604,'石河子') [ RunTime:0.031353s ]
SQL: INSERT INTO `tc_hometown` (`parentId`,`name`) VALUES (604,'塔城') [ RunTime:0.021794s ]
SQL: INSERT INTO `tc_hometown` (`parentId`,`name`) VALUES (604,'吐鲁番') [ RunTime:0.075014s ]
SQL: INSERT INTO `tc_hometown` (`parentId`,`name`) VALUES (604,'伊宁') [ RunTime:0.033574s ]
SQL: INSERT INTO `tc_hometown` (`parentId`,`name`) VALUES (0,'西藏') [ RunTime:0.087993s ]
SQL: INSERT INTO `tc_hometown` (`parentId`,`name`) VALUES (623,'拉萨') [ RunTime:0.080374s ]
SQL: INSERT INTO `tc_hometown` (`parentId`,`name`) VALUES (623,'阿里') [ RunTime:0.027634s ]
SQL: INSERT INTO `tc_hometown` (`parentId`,`name`) VALUES (623,'昌都') [ RunTime:0.055108s ]
SQL: INSERT INTO `tc_hometown` (`parentId`,`name`) VALUES (623,'林芝') [ RunTime:0.031596s ]
SQL: INSERT INTO `tc_hometown` (`parentId`,`name`) VALUES (623,'那曲') [ RunTime:0.032153s ]
SQL: INSERT INTO `tc_hometown` (`parentId`,`name`) VALUES (623,'日喀则') [ RunTime:0.031764s ]
SQL: INSERT INTO `tc_hometown` (`parentId`,`name`) VALUES (623,'山南') [ RunTime:0.032049s ]
SQL: INSERT INTO `tc_hometown` (`parentId`,`name`) VALUES (0,'云南') [ RunTime:0.031754s ]
SQL: INSERT INTO `tc_hometown` (`parentId`,`name`) VALUES (631,'昆明') [ RunTime:0.032947s ]
SQL: INSERT INTO `tc_hometown` (`parentId`,`name`) VALUES (631,'大理') [ RunTime:0.030934s ]
SQL: INSERT INTO `tc_hometown` (`parentId`,`name`) VALUES (631,'保山') [ RunTime:0.032849s ]
SQL: INSERT INTO `tc_hometown` (`parentId`,`name`) VALUES (631,'楚雄') [ RunTime:0.031630s ]
SQL: INSERT INTO `tc_hometown` (`parentId`,`name`) VALUES (631,'大理') [ RunTime:0.032262s ]
SQL: INSERT INTO `tc_hometown` (`parentId`,`name`) VALUES (631,'东川') [ RunTime:0.053974s ]
SQL: INSERT INTO `tc_hometown` (`parentId`,`name`) VALUES (631,'个旧') [ RunTime:0.033110s ]
SQL: INSERT INTO `tc_hometown` (`parentId`,`name`) VALUES (631,'景洪') [ RunTime:0.054535s ]
SQL: INSERT INTO `tc_hometown` (`parentId`,`name`) VALUES (631,'开远') [ RunTime:0.079607s ]
SQL: INSERT INTO `tc_hometown` (`parentId`,`name`) VALUES (631,'临沧') [ RunTime:0.028523s ]
SQL: INSERT INTO `tc_hometown` (`parentId`,`name`) VALUES (631,'丽江') [ RunTime:0.032793s ]
SQL: INSERT INTO `tc_hometown` (`parentId`,`name`) VALUES (631,'六库') [ RunTime:0.031732s ]
SQL: INSERT INTO `tc_hometown` (`parentId`,`name`) VALUES (631,'潞西') [ RunTime:0.032888s ]
SQL: INSERT INTO `tc_hometown` (`parentId`,`name`) VALUES (631,'曲靖') [ RunTime:0.042911s ]
SQL: INSERT INTO `tc_hometown` (`parentId`,`name`) VALUES (631,'思茅') [ RunTime:0.055044s ]
SQL: INSERT INTO `tc_hometown` (`parentId`,`name`) VALUES (631,'文山') [ RunTime:0.031575s ]
SQL: INSERT INTO `tc_hometown` (`parentId`,`name`) VALUES (631,'西双版纳') [ RunTime:0.032895s ]
SQL: INSERT INTO `tc_hometown` (`parentId`,`name`) VALUES (631,'玉溪') [ RunTime:0.031673s ]
SQL: INSERT INTO `tc_hometown` (`parentId`,`name`) VALUES (631,'中甸') [ RunTime:0.032407s ]
SQL: INSERT INTO `tc_hometown` (`parentId`,`name`) VALUES (631,'昭通') [ RunTime:0.031777s ]
SQL: INSERT INTO `tc_hometown` (`parentId`,`name`) VALUES (0,'浙江') [ RunTime:0.032917s ]
SQL: INSERT INTO `tc_hometown` (`parentId`,`name`) VALUES (652,'杭州') [ RunTime:0.053883s ]
SQL: INSERT INTO `tc_hometown` (`parentId`,`name`) VALUES (652,'安吉') [ RunTime:0.032750s ]
SQL: INSERT INTO `tc_hometown` (`parentId`,`name`) VALUES (652,'慈溪') [ RunTime:0.031767s ]
SQL: INSERT INTO `tc_hometown` (`parentId`,`name`) VALUES (652,'定海') [ RunTime:0.032919s ]
SQL: INSERT INTO `tc_hometown` (`parentId`,`name`) VALUES (652,'奉化') [ RunTime:0.031609s ]
SQL: INSERT INTO `tc_hometown` (`parentId`,`name`) VALUES (652,'海盐') [ RunTime:0.055224s ]
SQL: INSERT INTO `tc_hometown` (`parentId`,`name`) VALUES (652,'黄岩') [ RunTime:0.031579s ]
SQL: INSERT INTO `tc_hometown` (`parentId`,`name`) VALUES (652,'湖州') [ RunTime:0.054420s ]
SQL: INSERT INTO `tc_hometown` (`parentId`,`name`) VALUES (652,'嘉兴') [ RunTime:0.031825s ]
SQL: INSERT INTO `tc_hometown` (`parentId`,`name`) VALUES (652,'金华') [ RunTime:0.032911s ]
SQL: INSERT INTO `tc_hometown` (`parentId`,`name`) VALUES (652,'临安') [ RunTime:0.031594s ]
SQL: INSERT INTO `tc_hometown` (`parentId`,`name`) VALUES (652,'临海') [ RunTime:0.032869s ]
SQL: INSERT INTO `tc_hometown` (`parentId`,`name`) VALUES (652,'丽水') [ RunTime:0.030906s ]
SQL: INSERT INTO `tc_hometown` (`parentId`,`name`) VALUES (652,'宁波') [ RunTime:0.032785s ]
SQL: INSERT INTO `tc_hometown` (`parentId`,`name`) VALUES (652,'瓯海') [ RunTime:0.031690s ]
SQL: INSERT INTO `tc_hometown` (`parentId`,`name`) VALUES (652,'平湖') [ RunTime:0.032915s ]
SQL: INSERT INTO `tc_hometown` (`parentId`,`name`) VALUES (652,'千岛湖') [ RunTime:0.031717s ]
SQL: INSERT INTO `tc_hometown` (`parentId`,`name`) VALUES (652,'衢州') [ RunTime:0.032394s ]
SQL: INSERT INTO `tc_hometown` (`parentId`,`name`) VALUES (652,'江山') [ RunTime:0.030989s ]
SQL: INSERT INTO `tc_hometown` (`parentId`,`name`) VALUES (652,'瑞安') [ RunTime:0.041503s ]
SQL: INSERT INTO `tc_hometown` (`parentId`,`name`) VALUES (652,'绍兴') [ RunTime:0.022512s ]
SQL: INSERT INTO `tc_hometown` (`parentId`,`name`) VALUES (652,'嵊州') [ RunTime:0.055181s ]
SQL: INSERT INTO `tc_hometown` (`parentId`,`name`) VALUES (652,'台州') [ RunTime:0.031692s ]
SQL: INSERT INTO `tc_hometown` (`parentId`,`name`) VALUES (652,'温岭') [ RunTime:0.033085s ]
SQL: INSERT INTO `tc_hometown` (`parentId`,`name`) VALUES (652,'温州') [ RunTime:0.030968s ]
SQL: INSERT INTO `tc_hometown` (`parentId`,`name`) VALUES (652,'余姚') [ RunTime:0.021836s ]
SQL: INSERT INTO `tc_hometown` (`parentId`,`name`) VALUES (652,'舟山') [ RunTime:0.031251s ]
INFO: [ app_end ] --START--
INFO: Run Behavior\ShowPageTraceBehavior [ RunTime:0.002758s ]
INFO: [ app_end ] --END-- [ RunTime:0.003133s ]

