[ 2017-12-04T15:26:11+08:00 ] ::1 /yimisns/index.php/User/api/returnSquarePoint?lng=104.051191&lat=30.676806&distance=2
INFO: [ app_init ] --START--
INFO: Run Behavior\BuildLiteBehavior [ RunTime:0.000130s ]
INFO: [ app_init ] --END-- [ RunTime:0.051276s ]
INFO: [ app_begin ] --START--
INFO: Run Behavior\ReadHtmlCacheBehavior [ RunTime:0.038878s ]
INFO: [ app_begin ] --END-- [ RunTime:0.039135s ]
SQL: SHOW COLUMNS FROM `tc_user` [ RunTime:0.349471s ]
SQL: SHOW COLUMNS FROM `tc_user` [ RunTime:0.002617s ]
SQL: SHOW COLUMNS FROM `tc_user` [ RunTime:0.001474s ]
NOTIC: [8] Undefined index: code D:\SUB\php project\yimisns\Application\Common\Api\Api.class.php 第 72 行.
NOTIC: [8] Undefined index: msg D:\SUB\php project\yimisns\Application\Common\Api\Api.class.php 第 72 行.
NOTIC: [8] Undefined index: debugMsg D:\SUB\php project\yimisns\Application\Common\Api\Api.class.php 第 74 行.
NOTIC: [8] Undefined index: data D:\SUB\php project\yimisns\Application\Common\Api\Api.class.php 第 80 行.
NOTIC: [8] Undefined index: page D:\SUB\php project\yimisns\Application\Common\Api\Api.class.php 第 81 行.

[ 2017-12-04T15:26:15+08:00 ] ::1 /yimisns/index.php/User/api/returnSquarePoint?lng=104.051191&lat=30.676806&distance=2
INFO: [ app_init ] --START--
INFO: Run Behavior\BuildLiteBehavior [ RunTime:0.000031s ]
INFO: [ app_init ] --END-- [ RunTime:0.000460s ]
INFO: [ app_begin ] --START--
INFO: Run Behavior\ReadHtmlCacheBehavior [ RunTime:0.000449s ]
INFO: [ app_begin ] --END-- [ RunTime:0.000588s ]
SQL: SHOW COLUMNS FROM `tc_user` [ RunTime:0.003311s ]
SQL: SHOW COLUMNS FROM `tc_user` [ RunTime:0.001148s ]
SQL: SHOW COLUMNS FROM `tc_user` [ RunTime:0.001117s ]
NOTIC: [8] Undefined index: code D:\SUB\php project\yimisns\Application\Common\Api\Api.class.php 第 72 行.
NOTIC: [8] Undefined index: msg D:\SUB\php project\yimisns\Application\Common\Api\Api.class.php 第 72 行.
NOTIC: [8] Undefined index: debugMsg D:\SUB\php project\yimisns\Application\Common\Api\Api.class.php 第 74 行.
NOTIC: [8] Undefined index: data D:\SUB\php project\yimisns\Application\Common\Api\Api.class.php 第 80 行.
NOTIC: [8] Undefined index: page D:\SUB\php project\yimisns\Application\Common\Api\Api.class.php 第 81 行.

[ 2017-12-04T15:27:39+08:00 ] ::1 /yimisns/index.php/User/api/returnSquarePoint?lng=104.051191&lat=30.676806&distance=2
INFO: [ app_init ] --START--
INFO: Run Behavior\BuildLiteBehavior [ RunTime:0.000062s ]
INFO: [ app_init ] --END-- [ RunTime:0.000921s ]
INFO: [ app_begin ] --START--
INFO: Run Behavior\ReadHtmlCacheBehavior [ RunTime:0.000939s ]
INFO: [ app_begin ] --END-- [ RunTime:0.001212s ]
SQL: SHOW COLUMNS FROM `tc_user` [ RunTime:0.006605s ]
SQL: SHOW COLUMNS FROM `tc_user` [ RunTime:0.001343s ]
SQL: SHOW COLUMNS FROM `tc_user` [ RunTime:0.001707s ]

[ 2017-12-04T15:27:58+08:00 ] ::1 /yimisns/index.php/User/api/returnSquarePoint?lng=104.051191&lat=30.676806&distance=2
INFO: [ app_init ] --START--
INFO: Run Behavior\BuildLiteBehavior [ RunTime:0.000061s ]
INFO: [ app_init ] --END-- [ RunTime:0.001016s ]
INFO: [ app_begin ] --START--
INFO: Run Behavior\ReadHtmlCacheBehavior [ RunTime:0.000787s ]
INFO: [ app_begin ] --END-- [ RunTime:0.001066s ]
SQL: SHOW COLUMNS FROM `tc_user` [ RunTime:0.003581s ]
SQL: SHOW COLUMNS FROM `tc_user` [ RunTime:0.002778s ]
SQL: SHOW COLUMNS FROM `tc_user` [ RunTime:0.002417s ]

[ 2017-12-04T15:27:59+08:00 ] ::1 /yimisns/index.php/User/api/returnSquarePoint?lng=104.051191&lat=30.676806&distance=2
INFO: [ app_init ] --START--
INFO: Run Behavior\BuildLiteBehavior [ RunTime:0.000039s ]
INFO: [ app_init ] --END-- [ RunTime:0.000570s ]
INFO: [ app_begin ] --START--
INFO: Run Behavior\ReadHtmlCacheBehavior [ RunTime:0.000563s ]
INFO: [ app_begin ] --END-- [ RunTime:0.000737s ]
SQL: SHOW COLUMNS FROM `tc_user` [ RunTime:0.002191s ]
SQL: SHOW COLUMNS FROM `tc_user` [ RunTime:0.000957s ]
SQL: SHOW COLUMNS FROM `tc_user` [ RunTime:0.000916s ]

[ 2017-12-04T15:28:00+08:00 ] ::1 /yimisns/index.php/User/api/returnSquarePoint?lng=104.051191&lat=30.676806&distance=2
INFO: [ app_init ] --START--
INFO: Run Behavior\BuildLiteBehavior [ RunTime:0.000072s ]
INFO: [ app_init ] --END-- [ RunTime:0.001431s ]
INFO: [ app_begin ] --START--
INFO: Run Behavior\ReadHtmlCacheBehavior [ RunTime:0.000786s ]
INFO: [ app_begin ] --END-- [ RunTime:0.001078s ]
SQL: SHOW COLUMNS FROM `tc_user` [ RunTime:0.002438s ]
SQL: SHOW COLUMNS FROM `tc_user` [ RunTime:0.002844s ]
SQL: SHOW COLUMNS FROM `tc_user` [ RunTime:0.000991s ]

[ 2017-12-04T15:28:00+08:00 ] ::1 /yimisns/index.php/User/api/returnSquarePoint?lng=104.051191&lat=30.676806&distance=2
INFO: [ app_init ] --START--
INFO: Run Behavior\BuildLiteBehavior [ RunTime:0.000062s ]
INFO: [ app_init ] --END-- [ RunTime:0.000746s ]
INFO: [ app_begin ] --START--
INFO: Run Behavior\ReadHtmlCacheBehavior [ RunTime:0.000513s ]
INFO: [ app_begin ] --END-- [ RunTime:0.000668s ]
SQL: SHOW COLUMNS FROM `tc_user` [ RunTime:0.002200s ]
SQL: SHOW COLUMNS FROM `tc_user` [ RunTime:0.002730s ]
SQL: SHOW COLUMNS FROM `tc_user` [ RunTime:0.002487s ]

[ 2017-12-04T15:28:01+08:00 ] ::1 /yimisns/index.php/User/api/returnSquarePoint?lng=104.051191&lat=30.676806&distance=2
INFO: [ app_init ] --START--
INFO: Run Behavior\BuildLiteBehavior [ RunTime:0.000051s ]
INFO: [ app_init ] --END-- [ RunTime:0.000476s ]
INFO: [ app_begin ] --START--
INFO: Run Behavior\ReadHtmlCacheBehavior [ RunTime:0.001843s ]
INFO: [ app_begin ] --END-- [ RunTime:0.002449s ]
SQL: SHOW COLUMNS FROM `tc_user` [ RunTime:0.005306s ]
SQL: SHOW COLUMNS FROM `tc_user` [ RunTime:0.001112s ]
SQL: SHOW COLUMNS FROM `tc_user` [ RunTime:0.001067s ]

[ 2017-12-04T15:28:02+08:00 ] ::1 /yimisns/index.php/User/api/returnSquarePoint?lng=104.051191&lat=30.676806&distance=2
INFO: [ app_init ] --START--
INFO: Run Behavior\BuildLiteBehavior [ RunTime:0.000044s ]
INFO: [ app_init ] --END-- [ RunTime:0.001554s ]
INFO: [ app_begin ] --START--
INFO: Run Behavior\ReadHtmlCacheBehavior [ RunTime:0.000820s ]
INFO: [ app_begin ] --END-- [ RunTime:0.001075s ]
SQL: SHOW COLUMNS FROM `tc_user` [ RunTime:0.002198s ]
SQL: SHOW COLUMNS FROM `tc_user` [ RunTime:0.000993s ]
SQL: SHOW COLUMNS FROM `tc_user` [ RunTime:0.001005s ]

[ 2017-12-04T15:28:02+08:00 ] ::1 /yimisns/index.php/User/api/returnSquarePoint?lng=104.051191&lat=30.676806&distance=2
INFO: [ app_init ] --START--
INFO: Run Behavior\BuildLiteBehavior [ RunTime:0.000061s ]
INFO: [ app_init ] --END-- [ RunTime:0.000896s ]
INFO: [ app_begin ] --START--
INFO: Run Behavior\ReadHtmlCacheBehavior [ RunTime:0.000883s ]
INFO: [ app_begin ] --END-- [ RunTime:0.001273s ]
SQL: SHOW COLUMNS FROM `tc_user` [ RunTime:0.002229s ]
SQL: SHOW COLUMNS FROM `tc_user` [ RunTime:0.001045s ]
SQL: SHOW COLUMNS FROM `tc_user` [ RunTime:0.001082s ]

[ 2017-12-04T15:28:02+08:00 ] ::1 /yimisns/index.php/User/api/returnSquarePoint?lng=104.051191&lat=30.676806&distance=2
INFO: [ app_init ] --START--
INFO: Run Behavior\BuildLiteBehavior [ RunTime:0.000051s ]
INFO: [ app_init ] --END-- [ RunTime:0.000722s ]
INFO: [ app_begin ] --START--
INFO: Run Behavior\ReadHtmlCacheBehavior [ RunTime:0.001229s ]
INFO: [ app_begin ] --END-- [ RunTime:0.001531s ]
SQL: SHOW COLUMNS FROM `tc_user` [ RunTime:0.003454s ]
SQL: SHOW COLUMNS FROM `tc_user` [ RunTime:0.001018s ]
SQL: SHOW COLUMNS FROM `tc_user` [ RunTime:0.000940s ]

[ 2017-12-04T15:28:03+08:00 ] ::1 /yimisns/index.php/User/api/returnSquarePoint?lng=104.051191&lat=30.676806&distance=2
INFO: [ app_init ] --START--
INFO: Run Behavior\BuildLiteBehavior [ RunTime:0.000071s ]
INFO: [ app_init ] --END-- [ RunTime:0.000951s ]
INFO: [ app_begin ] --START--
INFO: Run Behavior\ReadHtmlCacheBehavior [ RunTime:0.000767s ]
INFO: [ app_begin ] --END-- [ RunTime:0.001015s ]
SQL: SHOW COLUMNS FROM `tc_user` [ RunTime:0.002241s ]
SQL: SHOW COLUMNS FROM `tc_user` [ RunTime:0.000906s ]
SQL: SHOW COLUMNS FROM `tc_user` [ RunTime:0.000845s ]

[ 2017-12-04T15:55:25+08:00 ] ::1 /yimisns/index.php/User/api/getDistance?lng=104.051191&lat=30.676806&lng=104.051178&lat=30.676802
INFO: [ app_init ] --START--
INFO: Run Behavior\BuildLiteBehavior [ RunTime:0.000034s ]
INFO: [ app_init ] --END-- [ RunTime:0.000517s ]
INFO: [ app_begin ] --START--
INFO: Run Behavior\ReadHtmlCacheBehavior [ RunTime:0.000910s ]
INFO: [ app_begin ] --END-- [ RunTime:0.001132s ]
SQL: SHOW COLUMNS FROM `tc_user` [ RunTime:0.003447s ]
SQL: SHOW COLUMNS FROM `tc_user` [ RunTime:0.001142s ]
SQL: SHOW COLUMNS FROM `tc_user` [ RunTime:0.001032s ]
ERR: 参数错误或者未定义:lat1

[ 2017-12-04T15:59:42+08:00 ] ::1 /yimisns/index.php/User/api/getDistance?lng1=104.051191&lat1=30.676806&lng2=104.051178&lat2=30.676802
INFO: [ app_init ] --START--
INFO: Run Behavior\BuildLiteBehavior [ RunTime:0.000060s ]
INFO: [ app_init ] --END-- [ RunTime:0.000765s ]
INFO: [ app_begin ] --START--
INFO: Run Behavior\ReadHtmlCacheBehavior [ RunTime:0.000618s ]
INFO: [ app_begin ] --END-- [ RunTime:0.000773s ]
SQL: SHOW COLUMNS FROM `tc_user` [ RunTime:0.002563s ]
SQL: SHOW COLUMNS FROM `tc_user` [ RunTime:0.000955s ]
SQL: SHOW COLUMNS FROM `tc_user` [ RunTime:0.000898s ]
INFO: [ app_end ] --START--
INFO: Run Behavior\ShowPageTraceBehavior [ RunTime:0.132649s ]
INFO: [ app_end ] --END-- [ RunTime:0.133059s ]

[ 2017-12-04T15:59:48+08:00 ] ::1 /yimisns/index.php/User/api/getDistance?lng1=104.051191&lat1=30.676806&lng2=104.051178&lat2=30.676802
INFO: [ app_init ] --START--
INFO: Run Behavior\BuildLiteBehavior [ RunTime:0.000054s ]
INFO: [ app_init ] --END-- [ RunTime:0.000724s ]
INFO: [ app_begin ] --START--
INFO: Run Behavior\ReadHtmlCacheBehavior [ RunTime:0.000509s ]
INFO: [ app_begin ] --END-- [ RunTime:0.000664s ]
SQL: SHOW COLUMNS FROM `tc_user` [ RunTime:0.002642s ]
SQL: SHOW COLUMNS FROM `tc_user` [ RunTime:0.001525s ]
SQL: SHOW COLUMNS FROM `tc_user` [ RunTime:0.001749s ]
INFO: [ app_end ] --START--
INFO: Run Behavior\ShowPageTraceBehavior [ RunTime:0.001355s ]
INFO: [ app_end ] --END-- [ RunTime:0.001674s ]

[ 2017-12-04T16:00:13+08:00 ] ::1 /yimisns/index.php/User/api/getDistance?lng1=104.051191&lat1=30.676806&lng2=104.051178&lat2=30.676802
INFO: [ app_init ] --START--
INFO: Run Behavior\BuildLiteBehavior [ RunTime:0.000070s ]
INFO: [ app_init ] --END-- [ RunTime:0.001368s ]
INFO: [ app_begin ] --START--
INFO: Run Behavior\ReadHtmlCacheBehavior [ RunTime:0.000845s ]
INFO: [ app_begin ] --END-- [ RunTime:0.001080s ]
SQL: SHOW COLUMNS FROM `tc_user` [ RunTime:0.003870s ]
SQL: SHOW COLUMNS FROM `tc_user` [ RunTime:0.002142s ]
SQL: SHOW COLUMNS FROM `tc_user` [ RunTime:0.001204s ]

[ 2017-12-04T16:00:25+08:00 ] ::1 /yimisns/index.php/User/api/getDistance?lng1=104.051191&lat1=30.676806&lng2=104.051178&lat2=30.676802
INFO: [ app_init ] --START--
INFO: Run Behavior\BuildLiteBehavior [ RunTime:0.000059s ]
INFO: [ app_init ] --END-- [ RunTime:0.000897s ]
INFO: [ app_begin ] --START--
INFO: Run Behavior\ReadHtmlCacheBehavior [ RunTime:0.000587s ]
INFO: [ app_begin ] --END-- [ RunTime:0.000762s ]
SQL: SHOW COLUMNS FROM `tc_user` [ RunTime:0.003036s ]
SQL: SHOW COLUMNS FROM `tc_user` [ RunTime:0.001855s ]
SQL: SHOW COLUMNS FROM `tc_user` [ RunTime:0.002546s ]

[ 2017-12-04T16:00:28+08:00 ] ::1 /yimisns/index.php/User/api/returnSquarePoint?lng=104.051191&lat=30.676806&distance=2
INFO: [ app_init ] --START--
INFO: Run Behavior\BuildLiteBehavior [ RunTime:0.000058s ]
INFO: [ app_init ] --END-- [ RunTime:0.000727s ]
INFO: [ app_begin ] --START--
INFO: Run Behavior\ReadHtmlCacheBehavior [ RunTime:0.000645s ]
INFO: [ app_begin ] --END-- [ RunTime:0.000813s ]
SQL: SHOW COLUMNS FROM `tc_user` [ RunTime:0.001846s ]
SQL: SHOW COLUMNS FROM `tc_user` [ RunTime:0.001806s ]
SQL: SHOW COLUMNS FROM `tc_user` [ RunTime:0.002347s ]

[ 2017-12-04T16:01:00+08:00 ] ::1 /yimisns/index.php/User/api/getDistance?lng1=104.051191&lat1=30.676806&lng2=104.051181&lat2=30.676816
INFO: [ app_init ] --START--
INFO: Run Behavior\BuildLiteBehavior [ RunTime:0.000059s ]
INFO: [ app_init ] --END-- [ RunTime:0.000789s ]
INFO: [ app_begin ] --START--
INFO: Run Behavior\ReadHtmlCacheBehavior [ RunTime:0.001531s ]
INFO: [ app_begin ] --END-- [ RunTime:0.002005s ]
SQL: SHOW COLUMNS FROM `tc_user` [ RunTime:0.001775s ]
SQL: SHOW COLUMNS FROM `tc_user` [ RunTime:0.000913s ]
SQL: SHOW COLUMNS FROM `tc_user` [ RunTime:0.000813s ]

[ 2017-12-04T16:01:04+08:00 ] ::1 /yimisns/index.php/User/api/getDistance?lng1=104.051191&lat1=30.676806&lng2=104.051181&lat2=30.676816
INFO: [ app_init ] --START--
INFO: Run Behavior\BuildLiteBehavior [ RunTime:0.000037s ]
INFO: [ app_init ] --END-- [ RunTime:0.000652s ]
INFO: [ app_begin ] --START--
INFO: Run Behavior\ReadHtmlCacheBehavior [ RunTime:0.001052s ]
INFO: [ app_begin ] --END-- [ RunTime:0.001441s ]
SQL: SHOW COLUMNS FROM `tc_user` [ RunTime:0.001400s ]
SQL: SHOW COLUMNS FROM `tc_user` [ RunTime:0.001499s ]
SQL: SHOW COLUMNS FROM `tc_user` [ RunTime:0.001842s ]

[ 2017-12-04T16:03:18+08:00 ] ::1 /yimisns/index.php/User/api/returnSquarePoint?lng=104.051191&lat=30.676806&distance=4
INFO: [ app_init ] --START--
INFO: Run Behavior\BuildLiteBehavior [ RunTime:0.000035s ]
INFO: [ app_init ] --END-- [ RunTime:0.000558s ]
INFO: [ app_begin ] --START--
INFO: Run Behavior\ReadHtmlCacheBehavior [ RunTime:0.000887s ]
INFO: [ app_begin ] --END-- [ RunTime:0.001073s ]
SQL: SHOW COLUMNS FROM `tc_user` [ RunTime:0.001177s ]
SQL: SHOW COLUMNS FROM `tc_user` [ RunTime:0.001475s ]
SQL: SHOW COLUMNS FROM `tc_user` [ RunTime:0.001238s ]

[ 2017-12-04T16:04:03+08:00 ] ::1 /yimisns/index.php/User/api/getDistance?lng1=104.051191&lat1=30.676806&lng2=104.051210&lat2=30.676824
INFO: [ app_init ] --START--
INFO: Run Behavior\BuildLiteBehavior [ RunTime:0.000065s ]
INFO: [ app_init ] --END-- [ RunTime:0.000884s ]
INFO: [ app_begin ] --START--
INFO: Run Behavior\ReadHtmlCacheBehavior [ RunTime:0.000825s ]
INFO: [ app_begin ] --END-- [ RunTime:0.001119s ]
SQL: SHOW COLUMNS FROM `tc_user` [ RunTime:0.001315s ]
SQL: SHOW COLUMNS FROM `tc_user` [ RunTime:0.000889s ]
SQL: SHOW COLUMNS FROM `tc_user` [ RunTime:0.000835s ]

[ 2017-12-04T16:04:14+08:00 ] ::1 /yimisns/index.php/User/api/getDistance?lng1=104.051191&lat1=30.676806&lng2=104.051210&lat2=30.676824
INFO: [ app_init ] --START--
INFO: Run Behavior\BuildLiteBehavior [ RunTime:0.000068s ]
INFO: [ app_init ] --END-- [ RunTime:0.000972s ]
INFO: [ app_begin ] --START--
INFO: Run Behavior\ReadHtmlCacheBehavior [ RunTime:0.000946s ]
INFO: [ app_begin ] --END-- [ RunTime:0.001268s ]
SQL: SHOW COLUMNS FROM `tc_user` [ RunTime:0.000913s ]
SQL: SHOW COLUMNS FROM `tc_user` [ RunTime:0.001256s ]
SQL: SHOW COLUMNS FROM `tc_user` [ RunTime:0.001043s ]

[ 2017-12-04T16:12:35+08:00 ] ::1 /yimisns/index.php/User/api/returnSquarePoint?lng=104.051191&lat=30.676806&distance=4
INFO: [ app_init ] --START--
INFO: Run Behavior\BuildLiteBehavior [ RunTime:0.000061s ]
INFO: [ app_init ] --END-- [ RunTime:0.000897s ]
INFO: [ app_begin ] --START--
INFO: Run Behavior\ReadHtmlCacheBehavior [ RunTime:0.000779s ]
INFO: [ app_begin ] --END-- [ RunTime:0.000966s ]
SQL: SHOW COLUMNS FROM `tc_user` [ RunTime:0.001024s ]
SQL: SHOW COLUMNS FROM `tc_user` [ RunTime:0.000843s ]
SQL: SHOW COLUMNS FROM `tc_user` [ RunTime:0.000807s ]

[ 2017-12-04T16:12:54+08:00 ] ::1 /yimisns/index.php/User/api/getDistance?lng1=104.051191&lat1=30.676806&lng2=104.051161&lat2=30.676801
INFO: [ app_init ] --START--
INFO: Run Behavior\BuildLiteBehavior [ RunTime:0.000107s ]
INFO: [ app_init ] --END-- [ RunTime:0.001042s ]
INFO: [ app_begin ] --START--
INFO: Run Behavior\ReadHtmlCacheBehavior [ RunTime:0.000844s ]
INFO: [ app_begin ] --END-- [ RunTime:0.001142s ]
SQL: SHOW COLUMNS FROM `tc_user` [ RunTime:0.001752s ]
SQL: SHOW COLUMNS FROM `tc_user` [ RunTime:0.000939s ]
SQL: SHOW COLUMNS FROM `tc_user` [ RunTime:0.000972s ]
INFO: [ app_end ] --START--
INFO: Run Behavior\ShowPageTraceBehavior [ RunTime:0.000762s ]
INFO: [ app_end ] --END-- [ RunTime:0.000907s ]

[ 2017-12-04T16:13:21+08:00 ] ::1 /yimisns/index.php/User/api/getDistance?lng1=104.051191&lat1=30.676806&lng2=104.051161&lat2=30.676801
INFO: [ app_init ] --START--
INFO: Run Behavior\BuildLiteBehavior [ RunTime:0.000070s ]
INFO: [ app_init ] --END-- [ RunTime:0.000929s ]
INFO: [ app_begin ] --START--
INFO: Run Behavior\ReadHtmlCacheBehavior [ RunTime:0.000893s ]
INFO: [ app_begin ] --END-- [ RunTime:0.001198s ]
SQL: SHOW COLUMNS FROM `tc_user` [ RunTime:0.001638s ]
SQL: SHOW COLUMNS FROM `tc_user` [ RunTime:0.001592s ]
SQL: SHOW COLUMNS FROM `tc_user` [ RunTime:0.001659s ]

[ 2017-12-04T16:13:23+08:00 ] ::1 /yimisns/index.php/User/api/getDistance?lng1=104.051191&lat1=30.676806&lng2=104.051161&lat2=30.676801
INFO: [ app_init ] --START--
INFO: Run Behavior\BuildLiteBehavior [ RunTime:0.000049s ]
INFO: [ app_init ] --END-- [ RunTime:0.000525s ]
INFO: [ app_begin ] --START--
INFO: Run Behavior\ReadHtmlCacheBehavior [ RunTime:0.000465s ]
INFO: [ app_begin ] --END-- [ RunTime:0.000615s ]
SQL: SHOW COLUMNS FROM `tc_user` [ RunTime:0.001349s ]
SQL: SHOW COLUMNS FROM `tc_user` [ RunTime:0.001309s ]
SQL: SHOW COLUMNS FROM `tc_user` [ RunTime:0.001488s ]

[ 2017-12-04T16:13:24+08:00 ] ::1 /yimisns/index.php/User/api/getDistance?lng1=104.051191&lat1=30.676806&lng2=104.051161&lat2=30.676801
INFO: [ app_init ] --START--
INFO: Run Behavior\BuildLiteBehavior [ RunTime:0.000035s ]
INFO: [ app_init ] --END-- [ RunTime:0.000510s ]
INFO: [ app_begin ] --START--
INFO: Run Behavior\ReadHtmlCacheBehavior [ RunTime:0.000821s ]
INFO: [ app_begin ] --END-- [ RunTime:0.001116s ]
SQL: SHOW COLUMNS FROM `tc_user` [ RunTime:0.001037s ]
SQL: SHOW COLUMNS FROM `tc_user` [ RunTime:0.000916s ]
SQL: SHOW COLUMNS FROM `tc_user` [ RunTime:0.000928s ]

[ 2017-12-04T16:13:24+08:00 ] ::1 /yimisns/index.php/User/api/getDistance?lng1=104.051191&lat1=30.676806&lng2=104.051161&lat2=30.676801
INFO: [ app_init ] --START--
INFO: Run Behavior\BuildLiteBehavior [ RunTime:0.000030s ]
INFO: [ app_init ] --END-- [ RunTime:0.000416s ]
INFO: [ app_begin ] --START--
INFO: Run Behavior\ReadHtmlCacheBehavior [ RunTime:0.000634s ]
INFO: [ app_begin ] --END-- [ RunTime:0.000810s ]
SQL: SHOW COLUMNS FROM `tc_user` [ RunTime:0.002586s ]
SQL: SHOW COLUMNS FROM `tc_user` [ RunTime:0.001149s ]
SQL: SHOW COLUMNS FROM `tc_user` [ RunTime:0.001442s ]

[ 2017-12-04T16:13:54+08:00 ] ::1 /yimisns/index.php/User/api/returnSquarePoint?lng=104.051191&lat=30.676806&distance=4
INFO: [ app_init ] --START--
INFO: Run Behavior\BuildLiteBehavior [ RunTime:0.000046s ]
INFO: [ app_init ] --END-- [ RunTime:0.000716s ]
INFO: [ app_begin ] --START--
INFO: Run Behavior\ReadHtmlCacheBehavior [ RunTime:0.000701s ]
INFO: [ app_begin ] --END-- [ RunTime:0.000879s ]
SQL: SHOW COLUMNS FROM `tc_user` [ RunTime:0.001135s ]
SQL: SHOW COLUMNS FROM `tc_user` [ RunTime:0.001284s ]
SQL: SHOW COLUMNS FROM `tc_user` [ RunTime:0.001557s ]

[ 2017-12-04T16:14:13+08:00 ] ::1 /yimisns/index.php/User/api/getDistance?lng1=104.051191&lat1=30.676806&lng2=104.051218&lat2=30.676810
INFO: [ app_init ] --START--
INFO: Run Behavior\BuildLiteBehavior [ RunTime:0.000059s ]
INFO: [ app_init ] --END-- [ RunTime:0.000748s ]
INFO: [ app_begin ] --START--
INFO: Run Behavior\ReadHtmlCacheBehavior [ RunTime:0.000964s ]
INFO: [ app_begin ] --END-- [ RunTime:0.001290s ]
SQL: SHOW COLUMNS FROM `tc_user` [ RunTime:0.001012s ]
SQL: SHOW COLUMNS FROM `tc_user` [ RunTime:0.000929s ]
SQL: SHOW COLUMNS FROM `tc_user` [ RunTime:0.000852s ]

[ 2017-12-04T16:14:16+08:00 ] ::1 /yimisns/index.php/User/api/getDistance?lng1=104.051191&lat1=30.676806&lng2=104.051218&lat2=30.676810
INFO: [ app_init ] --START--
INFO: Run Behavior\BuildLiteBehavior [ RunTime:0.000055s ]
INFO: [ app_init ] --END-- [ RunTime:0.000800s ]
INFO: [ app_begin ] --START--
INFO: Run Behavior\ReadHtmlCacheBehavior [ RunTime:0.000784s ]
INFO: [ app_begin ] --END-- [ RunTime:0.001052s ]
SQL: SHOW COLUMNS FROM `tc_user` [ RunTime:0.001500s ]
SQL: SHOW COLUMNS FROM `tc_user` [ RunTime:0.003659s ]
SQL: SHOW COLUMNS FROM `tc_user` [ RunTime:0.002767s ]

[ 2017-12-04T16:14:21+08:00 ] ::1 /yimisns/index.php/User/api/returnSquarePoint?lng=104.051191&lat=30.676806&distance=4
INFO: [ app_init ] --START--
INFO: Run Behavior\BuildLiteBehavior [ RunTime:0.000068s ]
INFO: [ app_init ] --END-- [ RunTime:0.000782s ]
INFO: [ app_begin ] --START--
INFO: Run Behavior\ReadHtmlCacheBehavior [ RunTime:0.000612s ]
INFO: [ app_begin ] --END-- [ RunTime:0.000793s ]
SQL: SHOW COLUMNS FROM `tc_user` [ RunTime:0.003062s ]
SQL: SHOW COLUMNS FROM `tc_user` [ RunTime:0.001137s ]
SQL: SHOW COLUMNS FROM `tc_user` [ RunTime:0.001413s ]

[ 2017-12-04T16:14:39+08:00 ] ::1 /yimisns/index.php/User/api/getDistance?lng1=104.051191&lat1=30.676806&lng2=104.051158&lat2=30.676773
INFO: [ app_init ] --START--
INFO: Run Behavior\BuildLiteBehavior [ RunTime:0.000065s ]
INFO: [ app_init ] --END-- [ RunTime:0.000900s ]
INFO: [ app_begin ] --START--
INFO: Run Behavior\ReadHtmlCacheBehavior [ RunTime:0.000931s ]
INFO: [ app_begin ] --END-- [ RunTime:0.001164s ]
SQL: SHOW COLUMNS FROM `tc_user` [ RunTime:0.001386s ]
SQL: SHOW COLUMNS FROM `tc_user` [ RunTime:0.001006s ]
SQL: SHOW COLUMNS FROM `tc_user` [ RunTime:0.000863s ]

[ 2017-12-04T16:14:45+08:00 ] ::1 /yimisns/index.php/User/api/returnSquarePoint?lng=104.051191&lat=30.676806&distance=4
INFO: [ app_init ] --START--
INFO: Run Behavior\BuildLiteBehavior [ RunTime:0.000035s ]
INFO: [ app_init ] --END-- [ RunTime:0.000552s ]
INFO: [ app_begin ] --START--
INFO: Run Behavior\ReadHtmlCacheBehavior [ RunTime:0.000634s ]
INFO: [ app_begin ] --END-- [ RunTime:0.000793s ]
SQL: SHOW COLUMNS FROM `tc_user` [ RunTime:0.003355s ]
SQL: SHOW COLUMNS FROM `tc_user` [ RunTime:0.000956s ]
SQL: SHOW COLUMNS FROM `tc_user` [ RunTime:0.001058s ]

[ 2017-12-04T16:15:04+08:00 ] ::1 /yimisns/index.php/User/api/getDistance?lng1=104.051191&lat1=30.676806&lng2=104.051179&lat2=30.676806
INFO: [ app_init ] --START--
INFO: Run Behavior\BuildLiteBehavior [ RunTime:0.000063s ]
INFO: [ app_init ] --END-- [ RunTime:0.000879s ]
INFO: [ app_begin ] --START--
INFO: Run Behavior\ReadHtmlCacheBehavior [ RunTime:0.000908s ]
INFO: [ app_begin ] --END-- [ RunTime:0.001213s ]
SQL: SHOW COLUMNS FROM `tc_user` [ RunTime:0.001489s ]
SQL: SHOW COLUMNS FROM `tc_user` [ RunTime:0.001542s ]
SQL: SHOW COLUMNS FROM `tc_user` [ RunTime:0.001156s ]

[ 2017-12-04T16:20:24+08:00 ] ::1 /yimisns/index.php/User/api/getDistance?lng1=104.051191&lat1=30.676806&lng2=104.051179&lat2=30.676806
INFO: [ app_init ] --START--
INFO: Run Behavior\BuildLiteBehavior [ RunTime:0.000051s ]
INFO: [ app_init ] --END-- [ RunTime:0.000741s ]
INFO: [ app_begin ] --START--
INFO: Run Behavior\ReadHtmlCacheBehavior [ RunTime:0.001005s ]
INFO: [ app_begin ] --END-- [ RunTime:0.001229s ]
SQL: SHOW COLUMNS FROM `tc_user` [ RunTime:0.001755s ]
SQL: SHOW COLUMNS FROM `tc_user` [ RunTime:0.001026s ]
SQL: SHOW COLUMNS FROM `tc_user` [ RunTime:0.000912s ]

[ 2017-12-04T16:20:43+08:00 ] ::1 /yimisns/index.php/User/api/returnSquarePoint?lng=104.051191&lat=30.676806&distance=4
INFO: [ app_init ] --START--
INFO: Run Behavior\BuildLiteBehavior [ RunTime:0.000036s ]
INFO: [ app_init ] --END-- [ RunTime:0.000507s ]
INFO: [ app_begin ] --START--
INFO: Run Behavior\ReadHtmlCacheBehavior [ RunTime:0.000572s ]
INFO: [ app_begin ] --END-- [ RunTime:0.000733s ]
SQL: SHOW COLUMNS FROM `tc_user` [ RunTime:0.001630s ]
SQL: SHOW COLUMNS FROM `tc_user` [ RunTime:0.000980s ]
SQL: SHOW COLUMNS FROM `tc_user` [ RunTime:0.000859s ]

[ 2017-12-04T16:21:15+08:00 ] ::1 /yimisns/index.php/User/api/getDistance?lng1=104.051191&lat1=30.676806&lng2=104.051156&lat2=30.676799
INFO: [ app_init ] --START--
INFO: Run Behavior\BuildLiteBehavior [ RunTime:0.000069s ]
INFO: [ app_init ] --END-- [ RunTime:0.001005s ]
INFO: [ app_begin ] --START--
INFO: Run Behavior\ReadHtmlCacheBehavior [ RunTime:0.001019s ]
INFO: [ app_begin ] --END-- [ RunTime:0.001419s ]
SQL: SHOW COLUMNS FROM `tc_user` [ RunTime:0.000957s ]
SQL: SHOW COLUMNS FROM `tc_user` [ RunTime:0.000910s ]
SQL: SHOW COLUMNS FROM `tc_user` [ RunTime:0.001045s ]

[ 2017-12-04T16:34:47+08:00 ] ::1 /yimisns/index.php/User/api/returnSquarePoint?lng=104.051191&lat=30.676806&distance=0.2
INFO: [ app_init ] --START--
INFO: Run Behavior\BuildLiteBehavior [ RunTime:0.000036s ]
INFO: [ app_init ] --END-- [ RunTime:0.000594s ]
INFO: [ app_begin ] --START--
INFO: Run Behavior\ReadHtmlCacheBehavior [ RunTime:0.000779s ]
INFO: [ app_begin ] --END-- [ RunTime:0.000957s ]
SQL: SHOW COLUMNS FROM `tc_user` [ RunTime:0.001926s ]
SQL: SHOW COLUMNS FROM `tc_user` [ RunTime:0.000956s ]
SQL: SHOW COLUMNS FROM `tc_user` [ RunTime:0.000879s ]

[ 2017-12-04T16:35:04+08:00 ] ::1 /yimisns/index.php/User/api/getDistance?lng1=104.051191&lat1=30.676806&lng2=104.051193&lat2=30.676807
INFO: [ app_init ] --START--
INFO: Run Behavior\BuildLiteBehavior [ RunTime:0.000068s ]
INFO: [ app_init ] --END-- [ RunTime:0.001391s ]
INFO: [ app_begin ] --START--
INFO: Run Behavior\ReadHtmlCacheBehavior [ RunTime:0.000953s ]
INFO: [ app_begin ] --END-- [ RunTime:0.001285s ]
SQL: SHOW COLUMNS FROM `tc_user` [ RunTime:0.000943s ]
SQL: SHOW COLUMNS FROM `tc_user` [ RunTime:0.000946s ]
SQL: SHOW COLUMNS FROM `tc_user` [ RunTime:0.000835s ]
INFO: [ app_end ] --START--
INFO: Run Behavior\ShowPageTraceBehavior [ RunTime:0.000862s ]
INFO: [ app_end ] --END-- [ RunTime:0.001016s ]

[ 2017-12-04T16:35:48+08:00 ] ::1 /yimisns/index.php/User/api/getDistance?lng1=104.051191&lat1=30.676806&lng2=104.051193&lat2=30.676807
INFO: [ app_init ] --START--
INFO: Run Behavior\BuildLiteBehavior [ RunTime:0.000044s ]
INFO: [ app_init ] --END-- [ RunTime:0.000835s ]
INFO: [ app_begin ] --START--
INFO: Run Behavior\ReadHtmlCacheBehavior [ RunTime:0.000675s ]
INFO: [ app_begin ] --END-- [ RunTime:0.000864s ]
SQL: SHOW COLUMNS FROM `tc_user` [ RunTime:0.001551s ]
SQL: SHOW COLUMNS FROM `tc_user` [ RunTime:0.001627s ]
SQL: SHOW COLUMNS FROM `tc_user` [ RunTime:0.001889s ]

