[ 2017-11-30T21:30:34+08:00 ] ::1 /yimisns/index.php/User/api/jubao_statistics?uid=200326&starttime=1453651200&endtime=1505372948
INFO: [ app_init ] --START--
INFO: Run Behavior\BuildLiteBehavior [ RunTime:0.000105s ]
INFO: [ app_init ] --END-- [ RunTime:0.001289s ]
INFO: [ app_begin ] --START--
INFO: Run Behavior\ReadHtmlCacheBehavior [ RunTime:0.000984s ]
INFO: [ app_begin ] --END-- [ RunTime:0.001205s ]
SQL: SHOW COLUMNS FROM `tc_user` [ RunTime:0.001135s ]
SQL: SHOW COLUMNS FROM `tc_user` [ RunTime:0.001464s ]
SQL: SHOW COLUMNS FROM `tc_user` [ RunTime:0.001026s ]
SQL: SELECT COUNT(*) AS tp_count FROM `tc_user` WHERE ( `uid` = 200326 ) LIMIT 1   [ RunTime:0.000310s ]
SQL: SHOW COLUMNS FROM `tc_jubao` [ RunTime:0.001831s ]
NOTIC: [4096] Object of class Think\Model could not be converted to string D:\SUB\php project\yimisns\Application\User\Model\UserModel.class.php 第 3144 行.
SQL: SELECT COUNT(*) AS tp_count FROM `tc_jubao` WHERE ( `uid` = 200326 ) AND (  (`createtime` BETWEEN '1453651200' AND 1453737600 ) ) LIMIT 1   [ RunTime:0.000317s ]
SQL: SELECT COUNT(*) AS tp_count FROM `tc_jubao` WHERE (  (`createtime` BETWEEN 1453737600 AND 1453824000 ) ) AND ( `uid` = 200326 ) LIMIT 1   [ RunTime:0.000495s ]
SQL: SELECT COUNT(*) AS tp_count FROM `tc_jubao` WHERE (  (`createtime` BETWEEN 1453824000 AND 1453910400 ) ) AND ( `uid` = 200326 ) LIMIT 1   [ RunTime:0.000256s ]
SQL: SELECT COUNT(*) AS tp_count FROM `tc_jubao` WHERE (  (`createtime` BETWEEN 1453910400 AND 1453996800 ) ) AND ( `uid` = 200326 ) LIMIT 1   [ RunTime:0.000197s ]
SQL: SELECT COUNT(*) AS tp_count FROM `tc_jubao` WHERE (  (`createtime` BETWEEN 1453996800 AND 1454083200 ) ) AND ( `uid` = 200326 ) LIMIT 1   [ RunTime:0.001707s ]
SQL: SELECT COUNT(*) AS tp_count FROM `tc_jubao` WHERE (  (`createtime` BETWEEN 1454083200 AND 1454169600 ) ) AND ( `uid` = 200326 ) LIMIT 1   [ RunTime:0.001173s ]
SQL: SELECT COUNT(*) AS tp_count FROM `tc_jubao` WHERE (  (`createtime` BETWEEN 1454169600 AND 1454256000 ) ) AND ( `uid` = 200326 ) LIMIT 1   [ RunTime:0.000383s ]
SQL: SELECT COUNT(*) AS tp_count FROM `tc_jubao` WHERE (  (`createtime` BETWEEN 1454256000 AND 1454342400 ) ) AND ( `uid` = 200326 ) LIMIT 1   [ RunTime:0.000236s ]
SQL: SELECT COUNT(*) AS tp_count FROM `tc_jubao` WHERE (  (`createtime` BETWEEN 1454342400 AND 1454428800 ) ) AND ( `uid` = 200326 ) LIMIT 1   [ RunTime:0.000257s ]
SQL: SELECT COUNT(*) AS tp_count FROM `tc_jubao` WHERE (  (`createtime` BETWEEN 1454428800 AND 1454515200 ) ) AND ( `uid` = 200326 ) LIMIT 1   [ RunTime:0.000237s ]
SQL: SELECT COUNT(*) AS tp_count FROM `tc_jubao` WHERE (  (`createtime` BETWEEN 1454515200 AND 1454601600 ) ) AND ( `uid` = 200326 ) LIMIT 1   [ RunTime:0.000200s ]
SQL: SELECT COUNT(*) AS tp_count FROM `tc_jubao` WHERE (  (`createtime` BETWEEN 1454601600 AND 1454688000 ) ) AND ( `uid` = 200326 ) LIMIT 1   [ RunTime:0.000186s ]
SQL: SELECT COUNT(*) AS tp_count FROM `tc_jubao` WHERE (  (`createtime` BETWEEN 1454688000 AND 1454774400 ) ) AND ( `uid` = 200326 ) LIMIT 1   [ RunTime:0.000196s ]
SQL: SELECT COUNT(*) AS tp_count FROM `tc_jubao` WHERE (  (`createtime` BETWEEN 1454774400 AND 1454860800 ) ) AND ( `uid` = 200326 ) LIMIT 1   [ RunTime:0.000201s ]
SQL: SELECT COUNT(*) AS tp_count FROM `tc_jubao` WHERE (  (`createtime` BETWEEN 1454860800 AND 1454947200 ) ) AND ( `uid` = 200326 ) LIMIT 1   [ RunTime:0.000190s ]
SQL: SELECT COUNT(*) AS tp_count FROM `tc_jubao` WHERE (  (`createtime` BETWEEN 1454947200 AND 1455033600 ) ) AND ( `uid` = 200326 ) LIMIT 1   [ RunTime:0.000275s ]
SQL: SELECT COUNT(*) AS tp_count FROM `tc_jubao` WHERE (  (`createtime` BETWEEN 1455033600 AND 1455120000 ) ) AND ( `uid` = 200326 ) LIMIT 1   [ RunTime:0.000228s ]
SQL: SELECT COUNT(*) AS tp_count FROM `tc_jubao` WHERE (  (`createtime` BETWEEN 1455120000 AND 1455206400 ) ) AND ( `uid` = 200326 ) LIMIT 1   [ RunTime:0.000187s ]
SQL: SELECT COUNT(*) AS tp_count FROM `tc_jubao` WHERE (  (`createtime` BETWEEN 1455206400 AND 1455292800 ) ) AND ( `uid` = 200326 ) LIMIT 1   [ RunTime:0.000190s ]
SQL: SELECT COUNT(*) AS tp_count FROM `tc_jubao` WHERE (  (`createtime` BETWEEN 1455292800 AND 1455379200 ) ) AND ( `uid` = 200326 ) LIMIT 1   [ RunTime:0.000212s ]
SQL: SELECT COUNT(*) AS tp_count FROM `tc_jubao` WHERE (  (`createtime` BETWEEN 1455379200 AND 1455465600 ) ) AND ( `uid` = 200326 ) LIMIT 1   [ RunTime:0.000194s ]
SQL: SELECT COUNT(*) AS tp_count FROM `tc_jubao` WHERE (  (`createtime` BETWEEN 1455465600 AND 1455552000 ) ) AND ( `uid` = 200326 ) LIMIT 1   [ RunTime:0.000304s ]
SQL: SELECT COUNT(*) AS tp_count FROM `tc_jubao` WHERE (  (`createtime` BETWEEN 1455552000 AND 1455638400 ) ) AND ( `uid` = 200326 ) LIMIT 1   [ RunTime:0.000369s ]
SQL: SELECT COUNT(*) AS tp_count FROM `tc_jubao` WHERE (  (`createtime` BETWEEN 1455638400 AND 1455724800 ) ) AND ( `uid` = 200326 ) LIMIT 1   [ RunTime:0.000201s ]
SQL: SELECT COUNT(*) AS tp_count FROM `tc_jubao` WHERE (  (`createtime` BETWEEN 1455724800 AND 1455811200 ) ) AND ( `uid` = 200326 ) LIMIT 1   [ RunTime:0.000190s ]
SQL: SELECT COUNT(*) AS tp_count FROM `tc_jubao` WHERE (  (`createtime` BETWEEN 1455811200 AND 1455897600 ) ) AND ( `uid` = 200326 ) LIMIT 1   [ RunTime:0.000281s ]
SQL: SELECT COUNT(*) AS tp_count FROM `tc_jubao` WHERE (  (`createtime` BETWEEN 1455897600 AND 1455984000 ) ) AND ( `uid` = 200326 ) LIMIT 1   [ RunTime:0.000324s ]
SQL: SELECT COUNT(*) AS tp_count FROM `tc_jubao` WHERE (  (`createtime` BETWEEN 1455984000 AND 1456070400 ) ) AND ( `uid` = 200326 ) LIMIT 1   [ RunTime:0.000206s ]
SQL: SELECT COUNT(*) AS tp_count FROM `tc_jubao` WHERE (  (`createtime` BETWEEN 1456070400 AND 1456156800 ) ) AND ( `uid` = 200326 ) LIMIT 1   [ RunTime:0.000203s ]
SQL: SELECT COUNT(*) AS tp_count FROM `tc_jubao` WHERE (  (`createtime` BETWEEN 1456156800 AND 1456243200 ) ) AND ( `uid` = 200326 ) LIMIT 1   [ RunTime:0.000186s ]
SQL: SELECT COUNT(*) AS tp_count FROM `tc_jubao` WHERE (  (`createtime` BETWEEN 1456243200 AND 1456329600 ) ) AND ( `uid` = 200326 ) LIMIT 1   [ RunTime:0.000359s ]
SQL: SELECT COUNT(*) AS tp_count FROM `tc_jubao` WHERE (  (`createtime` BETWEEN 1456329600 AND 1456416000 ) ) AND ( `uid` = 200326 ) LIMIT 1   [ RunTime:0.001331s ]
SQL: SELECT COUNT(*) AS tp_count FROM `tc_jubao` WHERE (  (`createtime` BETWEEN 1456416000 AND 1456502400 ) ) AND ( `uid` = 200326 ) LIMIT 1   [ RunTime:0.000514s ]
SQL: SELECT COUNT(*) AS tp_count FROM `tc_jubao` WHERE (  (`createtime` BETWEEN 1456502400 AND 1456588800 ) ) AND ( `uid` = 200326 ) LIMIT 1   [ RunTime:0.000294s ]
SQL: SELECT COUNT(*) AS tp_count FROM `tc_jubao` WHERE (  (`createtime` BETWEEN 1456588800 AND 1456675200 ) ) AND ( `uid` = 200326 ) LIMIT 1   [ RunTime:0.000202s ]
SQL: SELECT COUNT(*) AS tp_count FROM `tc_jubao` WHERE (  (`createtime` BETWEEN 1456675200 AND 1456761600 ) ) AND ( `uid` = 200326 ) LIMIT 1   [ RunTime:0.000194s ]
SQL: SELECT COUNT(*) AS tp_count FROM `tc_jubao` WHERE (  (`createtime` BETWEEN 1456761600 AND 1456848000 ) ) AND ( `uid` = 200326 ) LIMIT 1   [ RunTime:0.000199s ]
SQL: SELECT COUNT(*) AS tp_count FROM `tc_jubao` WHERE (  (`createtime` BETWEEN 1456848000 AND 1456934400 ) ) AND ( `uid` = 200326 ) LIMIT 1   [ RunTime:0.000186s ]
SQL: SELECT COUNT(*) AS tp_count FROM `tc_jubao` WHERE (  (`createtime` BETWEEN 1456934400 AND 1457020800 ) ) AND ( `uid` = 200326 ) LIMIT 1   [ RunTime:0.000183s ]
SQL: SELECT COUNT(*) AS tp_count FROM `tc_jubao` WHERE (  (`createtime` BETWEEN 1457020800 AND 1457107200 ) ) AND ( `uid` = 200326 ) LIMIT 1   [ RunTime:0.000184s ]
SQL: SELECT COUNT(*) AS tp_count FROM `tc_jubao` WHERE (  (`createtime` BETWEEN 1457107200 AND 1457193600 ) ) AND ( `uid` = 200326 ) LIMIT 1   [ RunTime:0.000220s ]
SQL: SELECT COUNT(*) AS tp_count FROM `tc_jubao` WHERE (  (`createtime` BETWEEN 1457193600 AND 1457280000 ) ) AND ( `uid` = 200326 ) LIMIT 1   [ RunTime:0.000184s ]
SQL: SELECT COUNT(*) AS tp_count FROM `tc_jubao` WHERE (  (`createtime` BETWEEN 1457280000 AND 1457366400 ) ) AND ( `uid` = 200326 ) LIMIT 1   [ RunTime:0.000241s ]
SQL: SELECT COUNT(*) AS tp_count FROM `tc_jubao` WHERE (  (`createtime` BETWEEN 1457366400 AND 1457452800 ) ) AND ( `uid` = 200326 ) LIMIT 1   [ RunTime:0.000252s ]
SQL: SELECT COUNT(*) AS tp_count FROM `tc_jubao` WHERE (  (`createtime` BETWEEN 1457452800 AND 1457539200 ) ) AND ( `uid` = 200326 ) LIMIT 1   [ RunTime:0.000253s ]
SQL: SELECT COUNT(*) AS tp_count FROM `tc_jubao` WHERE (  (`createtime` BETWEEN 1457539200 AND 1457625600 ) ) AND ( `uid` = 200326 ) LIMIT 1   [ RunTime:0.000204s ]
SQL: SELECT COUNT(*) AS tp_count FROM `tc_jubao` WHERE (  (`createtime` BETWEEN 1457625600 AND 1457712000 ) ) AND ( `uid` = 200326 ) LIMIT 1   [ RunTime:0.000197s ]
SQL: SELECT COUNT(*) AS tp_count FROM `tc_jubao` WHERE (  (`createtime` BETWEEN 1457712000 AND 1457798400 ) ) AND ( `uid` = 200326 ) LIMIT 1   [ RunTime:0.000184s ]
SQL: SELECT COUNT(*) AS tp_count FROM `tc_jubao` WHERE (  (`createtime` BETWEEN 1457798400 AND 1457884800 ) ) AND ( `uid` = 200326 ) LIMIT 1   [ RunTime:0.000212s ]
SQL: SELECT COUNT(*) AS tp_count FROM `tc_jubao` WHERE (  (`createtime` BETWEEN 1457884800 AND 1457971200 ) ) AND ( `uid` = 200326 ) LIMIT 1   [ RunTime:0.000182s ]
SQL: SELECT COUNT(*) AS tp_count FROM `tc_jubao` WHERE (  (`createtime` BETWEEN 1457971200 AND 1458057600 ) ) AND ( `uid` = 200326 ) LIMIT 1   [ RunTime:0.000178s ]
SQL: SELECT COUNT(*) AS tp_count FROM `tc_jubao` WHERE (  (`createtime` BETWEEN 1458057600 AND 1458144000 ) ) AND ( `uid` = 200326 ) LIMIT 1   [ RunTime:0.000186s ]
SQL: SELECT COUNT(*) AS tp_count FROM `tc_jubao` WHERE (  (`createtime` BETWEEN 1458144000 AND 1458230400 ) ) AND ( `uid` = 200326 ) LIMIT 1   [ RunTime:0.000185s ]
SQL: SELECT COUNT(*) AS tp_count FROM `tc_jubao` WHERE (  (`createtime` BETWEEN 1458230400 AND 1458316800 ) ) AND ( `uid` = 200326 ) LIMIT 1   [ RunTime:0.000198s ]
SQL: SELECT COUNT(*) AS tp_count FROM `tc_jubao` WHERE (  (`createtime` BETWEEN 1458316800 AND 1458403200 ) ) AND ( `uid` = 200326 ) LIMIT 1   [ RunTime:0.000175s ]
SQL: SELECT COUNT(*) AS tp_count FROM `tc_jubao` WHERE (  (`createtime` BETWEEN 1458403200 AND 1458489600 ) ) AND ( `uid` = 200326 ) LIMIT 1   [ RunTime:0.000261s ]
SQL: SELECT COUNT(*) AS tp_count FROM `tc_jubao` WHERE (  (`createtime` BETWEEN 1458489600 AND 1458576000 ) ) AND ( `uid` = 200326 ) LIMIT 1   [ RunTime:0.000275s ]
SQL: SELECT COUNT(*) AS tp_count FROM `tc_jubao` WHERE (  (`createtime` BETWEEN 1458576000 AND 1458662400 ) ) AND ( `uid` = 200326 ) LIMIT 1   [ RunTime:0.000217s ]
SQL: SELECT COUNT(*) AS tp_count FROM `tc_jubao` WHERE (  (`createtime` BETWEEN 1458662400 AND 1458748800 ) ) AND ( `uid` = 200326 ) LIMIT 1   [ RunTime:0.000194s ]
SQL: SELECT COUNT(*) AS tp_count FROM `tc_jubao` WHERE (  (`createtime` BETWEEN 1458748800 AND 1458835200 ) ) AND ( `uid` = 200326 ) LIMIT 1   [ RunTime:0.000264s ]
SQL: SELECT COUNT(*) AS tp_count FROM `tc_jubao` WHERE (  (`createtime` BETWEEN 1458835200 AND 1458921600 ) ) AND ( `uid` = 200326 ) LIMIT 1   [ RunTime:0.000694s ]
SQL: SELECT COUNT(*) AS tp_count FROM `tc_jubao` WHERE (  (`createtime` BETWEEN 1458921600 AND 1459008000 ) ) AND ( `uid` = 200326 ) LIMIT 1   [ RunTime:0.000208s ]
SQL: SELECT COUNT(*) AS tp_count FROM `tc_jubao` WHERE (  (`createtime` BETWEEN 1459008000 AND 1459094400 ) ) AND ( `uid` = 200326 ) LIMIT 1   [ RunTime:0.000189s ]
SQL: SELECT COUNT(*) AS tp_count FROM `tc_jubao` WHERE (  (`createtime` BETWEEN 1459094400 AND 1459180800 ) ) AND ( `uid` = 200326 ) LIMIT 1   [ RunTime:0.000198s ]
SQL: SELECT COUNT(*) AS tp_count FROM `tc_jubao` WHERE (  (`createtime` BETWEEN 1459180800 AND 1459267200 ) ) AND ( `uid` = 200326 ) LIMIT 1   [ RunTime:0.000183s ]
SQL: SELECT COUNT(*) AS tp_count FROM `tc_jubao` WHERE (  (`createtime` BETWEEN 1459267200 AND 1459353600 ) ) AND ( `uid` = 200326 ) LIMIT 1   [ RunTime:0.000182s ]
SQL: SELECT COUNT(*) AS tp_count FROM `tc_jubao` WHERE (  (`createtime` BETWEEN 1459353600 AND 1459440000 ) ) AND ( `uid` = 200326 ) LIMIT 1   [ RunTime:0.000185s ]
SQL: SELECT COUNT(*) AS tp_count FROM `tc_jubao` WHERE (  (`createtime` BETWEEN 1459440000 AND 1459526400 ) ) AND ( `uid` = 200326 ) LIMIT 1   [ RunTime:0.000233s ]
SQL: SELECT COUNT(*) AS tp_count FROM `tc_jubao` WHERE (  (`createtime` BETWEEN 1459526400 AND 1459612800 ) ) AND ( `uid` = 200326 ) LIMIT 1   [ RunTime:0.000271s ]
SQL: SELECT COUNT(*) AS tp_count FROM `tc_jubao` WHERE (  (`createtime` BETWEEN 1459612800 AND 1459699200 ) ) AND ( `uid` = 200326 ) LIMIT 1   [ RunTime:0.000349s ]
SQL: SELECT COUNT(*) AS tp_count FROM `tc_jubao` WHERE (  (`createtime` BETWEEN 1459699200 AND 1459785600 ) ) AND ( `uid` = 200326 ) LIMIT 1   [ RunTime:0.000456s ]
SQL: SELECT COUNT(*) AS tp_count FROM `tc_jubao` WHERE (  (`createtime` BETWEEN 1459785600 AND 1459872000 ) ) AND ( `uid` = 200326 ) LIMIT 1   [ RunTime:0.000342s ]
SQL: SELECT COUNT(*) AS tp_count FROM `tc_jubao` WHERE (  (`createtime` BETWEEN 1459872000 AND 1459958400 ) ) AND ( `uid` = 200326 ) LIMIT 1   [ RunTime:0.000265s ]
SQL: SELECT COUNT(*) AS tp_count FROM `tc_jubao` WHERE (  (`createtime` BETWEEN 1459958400 AND 1460044800 ) ) AND ( `uid` = 200326 ) LIMIT 1   [ RunTime:0.000273s ]
SQL: SELECT COUNT(*) AS tp_count FROM `tc_jubao` WHERE (  (`createtime` BETWEEN 1460044800 AND 1460131200 ) ) AND ( `uid` = 200326 ) LIMIT 1   [ RunTime:0.000250s ]
SQL: SELECT COUNT(*) AS tp_count FROM `tc_jubao` WHERE (  (`createtime` BETWEEN 1460131200 AND 1460217600 ) ) AND ( `uid` = 200326 ) LIMIT 1   [ RunTime:0.000244s ]
SQL: SELECT COUNT(*) AS tp_count FROM `tc_jubao` WHERE (  (`createtime` BETWEEN 1460217600 AND 1460304000 ) ) AND ( `uid` = 200326 ) LIMIT 1   [ RunTime:0.000259s ]
SQL: SELECT COUNT(*) AS tp_count FROM `tc_jubao` WHERE (  (`createtime` BETWEEN 1460304000 AND 1460390400 ) ) AND ( `uid` = 200326 ) LIMIT 1   [ RunTime:0.000265s ]
SQL: SELECT COUNT(*) AS tp_count FROM `tc_jubao` WHERE (  (`createtime` BETWEEN 1460390400 AND 1460476800 ) ) AND ( `uid` = 200326 ) LIMIT 1   [ RunTime:0.000249s ]
SQL: SELECT COUNT(*) AS tp_count FROM `tc_jubao` WHERE (  (`createtime` BETWEEN 1460476800 AND 1460563200 ) ) AND ( `uid` = 200326 ) LIMIT 1   [ RunTime:0.000381s ]
SQL: SELECT COUNT(*) AS tp_count FROM `tc_jubao` WHERE (  (`createtime` BETWEEN 1460563200 AND 1460649600 ) ) AND ( `uid` = 200326 ) LIMIT 1   [ RunTime:0.000283s ]
SQL: SELECT COUNT(*) AS tp_count FROM `tc_jubao` WHERE (  (`createtime` BETWEEN 1460649600 AND 1460736000 ) ) AND ( `uid` = 200326 ) LIMIT 1   [ RunTime:0.000259s ]
SQL: SELECT COUNT(*) AS tp_count FROM `tc_jubao` WHERE (  (`createtime` BETWEEN 1460736000 AND 1460822400 ) ) AND ( `uid` = 200326 ) LIMIT 1   [ RunTime:0.000259s ]
SQL: SELECT COUNT(*) AS tp_count FROM `tc_jubao` WHERE (  (`createtime` BETWEEN 1460822400 AND 1460908800 ) ) AND ( `uid` = 200326 ) LIMIT 1   [ RunTime:0.000254s ]
SQL: SELECT COUNT(*) AS tp_count FROM `tc_jubao` WHERE (  (`createtime` BETWEEN 1460908800 AND 1460995200 ) ) AND ( `uid` = 200326 ) LIMIT 1   [ RunTime:0.000280s ]
SQL: SELECT COUNT(*) AS tp_count FROM `tc_jubao` WHERE (  (`createtime` BETWEEN 1460995200 AND 1461081600 ) ) AND ( `uid` = 200326 ) LIMIT 1   [ RunTime:0.000274s ]
SQL: SELECT COUNT(*) AS tp_count FROM `tc_jubao` WHERE (  (`createtime` BETWEEN 1461081600 AND 1461168000 ) ) AND ( `uid` = 200326 ) LIMIT 1   [ RunTime:0.000252s ]
SQL: SELECT COUNT(*) AS tp_count FROM `tc_jubao` WHERE (  (`createtime` BETWEEN 1461168000 AND 1461254400 ) ) AND ( `uid` = 200326 ) LIMIT 1   [ RunTime:0.000257s ]
SQL: SELECT COUNT(*) AS tp_count FROM `tc_jubao` WHERE (  (`createtime` BETWEEN 1461254400 AND 1461340800 ) ) AND ( `uid` = 200326 ) LIMIT 1   [ RunTime:0.000332s ]
SQL: SELECT COUNT(*) AS tp_count FROM `tc_jubao` WHERE (  (`createtime` BETWEEN 1461340800 AND 1461427200 ) ) AND ( `uid` = 200326 ) LIMIT 1   [ RunTime:0.000475s ]
SQL: SELECT COUNT(*) AS tp_count FROM `tc_jubao` WHERE (  (`createtime` BETWEEN 1461427200 AND 1461513600 ) ) AND ( `uid` = 200326 ) LIMIT 1   [ RunTime:0.000387s ]
SQL: SELECT COUNT(*) AS tp_count FROM `tc_jubao` WHERE (  (`createtime` BETWEEN 1461513600 AND 1461600000 ) ) AND ( `uid` = 200326 ) LIMIT 1   [ RunTime:0.000296s ]
SQL: SELECT COUNT(*) AS tp_count FROM `tc_jubao` WHERE (  (`createtime` BETWEEN 1461600000 AND 1461686400 ) ) AND ( `uid` = 200326 ) LIMIT 1   [ RunTime:0.000257s ]
SQL: SELECT COUNT(*) AS tp_count FROM `tc_jubao` WHERE (  (`createtime` BETWEEN 1461686400 AND 1461772800 ) ) AND ( `uid` = 200326 ) LIMIT 1   [ RunTime:0.000222s ]
SQL: SELECT COUNT(*) AS tp_count FROM `tc_jubao` WHERE (  (`createtime` BETWEEN 1461772800 AND 1461859200 ) ) AND ( `uid` = 200326 ) LIMIT 1   [ RunTime:0.000219s ]
SQL: SELECT COUNT(*) AS tp_count FROM `tc_jubao` WHERE (  (`createtime` BETWEEN 1461859200 AND 1461945600 ) ) AND ( `uid` = 200326 ) LIMIT 1   [ RunTime:0.000221s ]
SQL: SELECT COUNT(*) AS tp_count FROM `tc_jubao` WHERE (  (`createtime` BETWEEN 1461945600 AND 1462032000 ) ) AND ( `uid` = 200326 ) LIMIT 1   [ RunTime:0.000224s ]
SQL: SELECT COUNT(*) AS tp_count FROM `tc_jubao` WHERE (  (`createtime` BETWEEN 1462032000 AND 1462118400 ) ) AND ( `uid` = 200326 ) LIMIT 1   [ RunTime:0.000219s ]
SQL: SELECT COUNT(*) AS tp_count FROM `tc_jubao` WHERE (  (`createtime` BETWEEN 1462118400 AND 1462204800 ) ) AND ( `uid` = 200326 ) LIMIT 1   [ RunTime:0.000217s ]
SQL: SELECT COUNT(*) AS tp_count FROM `tc_jubao` WHERE (  (`createtime` BETWEEN 1462204800 AND 1462291200 ) ) AND ( `uid` = 200326 ) LIMIT 1   [ RunTime:0.000224s ]
SQL: SELECT COUNT(*) AS tp_count FROM `tc_jubao` WHERE (  (`createtime` BETWEEN 1462291200 AND 1462377600 ) ) AND ( `uid` = 200326 ) LIMIT 1   [ RunTime:0.000222s ]
SQL: SELECT COUNT(*) AS tp_count FROM `tc_jubao` WHERE (  (`createtime` BETWEEN 1462377600 AND 1462464000 ) ) AND ( `uid` = 200326 ) LIMIT 1   [ RunTime:0.000200s ]
SQL: SELECT COUNT(*) AS tp_count FROM `tc_jubao` WHERE (  (`createtime` BETWEEN 1462464000 AND 1462550400 ) ) AND ( `uid` = 200326 ) LIMIT 1   [ RunTime:0.000228s ]
SQL: SELECT COUNT(*) AS tp_count FROM `tc_jubao` WHERE (  (`createtime` BETWEEN 1462550400 AND 1462636800 ) ) AND ( `uid` = 200326 ) LIMIT 1   [ RunTime:0.000251s ]
SQL: SELECT COUNT(*) AS tp_count FROM `tc_jubao` WHERE (  (`createtime` BETWEEN 1462636800 AND 1462723200 ) ) AND ( `uid` = 200326 ) LIMIT 1   [ RunTime:0.000433s ]
SQL: SELECT COUNT(*) AS tp_count FROM `tc_jubao` WHERE (  (`createtime` BETWEEN 1462723200 AND 1462809600 ) ) AND ( `uid` = 200326 ) LIMIT 1   [ RunTime:0.000350s ]
SQL: SELECT COUNT(*) AS tp_count FROM `tc_jubao` WHERE (  (`createtime` BETWEEN 1462809600 AND 1462896000 ) ) AND ( `uid` = 200326 ) LIMIT 1   [ RunTime:0.000236s ]
SQL: SELECT COUNT(*) AS tp_count FROM `tc_jubao` WHERE (  (`createtime` BETWEEN 1462896000 AND 1462982400 ) ) AND ( `uid` = 200326 ) LIMIT 1   [ RunTime:0.000218s ]
SQL: SELECT COUNT(*) AS tp_count FROM `tc_jubao` WHERE (  (`createtime` BETWEEN 1462982400 AND 1463068800 ) ) AND ( `uid` = 200326 ) LIMIT 1   [ RunTime:0.000207s ]
SQL: SELECT COUNT(*) AS tp_count FROM `tc_jubao` WHERE (  (`createtime` BETWEEN 1463068800 AND 1463155200 ) ) AND ( `uid` = 200326 ) LIMIT 1   [ RunTime:0.000215s ]
SQL: SELECT COUNT(*) AS tp_count FROM `tc_jubao` WHERE (  (`createtime` BETWEEN 1463155200 AND 1463241600 ) ) AND ( `uid` = 200326 ) LIMIT 1   [ RunTime:0.000207s ]
SQL: SELECT COUNT(*) AS tp_count FROM `tc_jubao` WHERE (  (`createtime` BETWEEN 1463241600 AND 1463328000 ) ) AND ( `uid` = 200326 ) LIMIT 1   [ RunTime:0.000223s ]
SQL: SELECT COUNT(*) AS tp_count FROM `tc_jubao` WHERE (  (`createtime` BETWEEN 1463328000 AND 1463414400 ) ) AND ( `uid` = 200326 ) LIMIT 1   [ RunTime:0.000212s ]
SQL: SELECT COUNT(*) AS tp_count FROM `tc_jubao` WHERE (  (`createtime` BETWEEN 1463414400 AND 1463500800 ) ) AND ( `uid` = 200326 ) LIMIT 1   [ RunTime:0.000276s ]
SQL: SELECT COUNT(*) AS tp_count FROM `tc_jubao` WHERE (  (`createtime` BETWEEN 1463500800 AND 1463587200 ) ) AND ( `uid` = 200326 ) LIMIT 1   [ RunTime:0.000354s ]
SQL: SELECT COUNT(*) AS tp_count FROM `tc_jubao` WHERE (  (`createtime` BETWEEN 1463587200 AND 1463673600 ) ) AND ( `uid` = 200326 ) LIMIT 1   [ RunTime:0.000275s ]
SQL: SELECT COUNT(*) AS tp_count FROM `tc_jubao` WHERE (  (`createtime` BETWEEN 1463673600 AND 1463760000 ) ) AND ( `uid` = 200326 ) LIMIT 1   [ RunTime:0.000226s ]
SQL: SELECT COUNT(*) AS tp_count FROM `tc_jubao` WHERE (  (`createtime` BETWEEN 1463760000 AND 1463846400 ) ) AND ( `uid` = 200326 ) LIMIT 1   [ RunTime:0.000365s ]
SQL: SELECT COUNT(*) AS tp_count FROM `tc_jubao` WHERE (  (`createtime` BETWEEN 1463846400 AND 1463932800 ) ) AND ( `uid` = 200326 ) LIMIT 1   [ RunTime:0.000253s ]
SQL: SELECT COUNT(*) AS tp_count FROM `tc_jubao` WHERE (  (`createtime` BETWEEN 1463932800 AND 1464019200 ) ) AND ( `uid` = 200326 ) LIMIT 1   [ RunTime:0.000219s ]
SQL: SELECT COUNT(*) AS tp_count FROM `tc_jubao` WHERE (  (`createtime` BETWEEN 1464019200 AND 1464105600 ) ) AND ( `uid` = 200326 ) LIMIT 1   [ RunTime:0.000210s ]
SQL: SELECT COUNT(*) AS tp_count FROM `tc_jubao` WHERE (  (`createtime` BETWEEN 1464105600 AND 1464192000 ) ) AND ( `uid` = 200326 ) LIMIT 1   [ RunTime:0.000211s ]
SQL: SELECT COUNT(*) AS tp_count FROM `tc_jubao` WHERE (  (`createtime` BETWEEN 1464192000 AND 1464278400 ) ) AND ( `uid` = 200326 ) LIMIT 1   [ RunTime:0.000251s ]
SQL: SELECT COUNT(*) AS tp_count FROM `tc_jubao` WHERE (  (`createtime` BETWEEN 1464278400 AND 1464364800 ) ) AND ( `uid` = 200326 ) LIMIT 1   [ RunTime:0.000263s ]
SQL: SELECT COUNT(*) AS tp_count FROM `tc_jubao` WHERE (  (`createtime` BETWEEN 1464364800 AND 1464451200 ) ) AND ( `uid` = 200326 ) LIMIT 1   [ RunTime:0.000270s ]
SQL: SELECT COUNT(*) AS tp_count FROM `tc_jubao` WHERE (  (`createtime` BETWEEN 1464451200 AND 1464537600 ) ) AND ( `uid` = 200326 ) LIMIT 1   [ RunTime:0.000288s ]
SQL: SELECT COUNT(*) AS tp_count FROM `tc_jubao` WHERE (  (`createtime` BETWEEN 1464537600 AND 1464624000 ) ) AND ( `uid` = 200326 ) LIMIT 1   [ RunTime:0.000237s ]
SQL: SELECT COUNT(*) AS tp_count FROM `tc_jubao` WHERE (  (`createtime` BETWEEN 1464624000 AND 1464710400 ) ) AND ( `uid` = 200326 ) LIMIT 1   [ RunTime:0.000187s ]
SQL: SELECT COUNT(*) AS tp_count FROM `tc_jubao` WHERE (  (`createtime` BETWEEN 1464710400 AND 1464796800 ) ) AND ( `uid` = 200326 ) LIMIT 1   [ RunTime:0.000189s ]
SQL: SELECT COUNT(*) AS tp_count FROM `tc_jubao` WHERE (  (`createtime` BETWEEN 1464796800 AND 1464883200 ) ) AND ( `uid` = 200326 ) LIMIT 1   [ RunTime:0.000259s ]
SQL: SELECT COUNT(*) AS tp_count FROM `tc_jubao` WHERE (  (`createtime` BETWEEN 1464883200 AND 1464969600 ) ) AND ( `uid` = 200326 ) LIMIT 1   [ RunTime:0.000265s ]
SQL: SELECT COUNT(*) AS tp_count FROM `tc_jubao` WHERE (  (`createtime` BETWEEN 1464969600 AND 1465056000 ) ) AND ( `uid` = 200326 ) LIMIT 1   [ RunTime:0.000257s ]
SQL: SELECT COUNT(*) AS tp_count FROM `tc_jubao` WHERE (  (`createtime` BETWEEN 1465056000 AND 1465142400 ) ) AND ( `uid` = 200326 ) LIMIT 1   [ RunTime:0.000258s ]
SQL: SELECT COUNT(*) AS tp_count FROM `tc_jubao` WHERE (  (`createtime` BETWEEN 1465142400 AND 1465228800 ) ) AND ( `uid` = 200326 ) LIMIT 1   [ RunTime:0.000241s ]
SQL: SELECT COUNT(*) AS tp_count FROM `tc_jubao` WHERE (  (`createtime` BETWEEN 1465228800 AND 1465315200 ) ) AND ( `uid` = 200326 ) LIMIT 1   [ RunTime:0.000266s ]
SQL: SELECT COUNT(*) AS tp_count FROM `tc_jubao` WHERE (  (`createtime` BETWEEN 1465315200 AND 1465401600 ) ) AND ( `uid` = 200326 ) LIMIT 1   [ RunTime:0.000267s ]
SQL: SELECT COUNT(*) AS tp_count FROM `tc_jubao` WHERE (  (`createtime` BETWEEN 1465401600 AND 1465488000 ) ) AND ( `uid` = 200326 ) LIMIT 1   [ RunTime:0.000277s ]
SQL: SELECT COUNT(*) AS tp_count FROM `tc_jubao` WHERE (  (`createtime` BETWEEN 1465488000 AND 1465574400 ) ) AND ( `uid` = 200326 ) LIMIT 1   [ RunTime:0.000273s ]
SQL: SELECT COUNT(*) AS tp_count FROM `tc_jubao` WHERE (  (`createtime` BETWEEN 1465574400 AND 1465660800 ) ) AND ( `uid` = 200326 ) LIMIT 1   [ RunTime:0.000275s ]
SQL: SELECT COUNT(*) AS tp_count FROM `tc_jubao` WHERE (  (`createtime` BETWEEN 1465660800 AND 1465747200 ) ) AND ( `uid` = 200326 ) LIMIT 1   [ RunTime:0.000309s ]
SQL: SELECT COUNT(*) AS tp_count FROM `tc_jubao` WHERE (  (`createtime` BETWEEN 1465747200 AND 1465833600 ) ) AND ( `uid` = 200326 ) LIMIT 1   [ RunTime:0.000268s ]
SQL: SELECT COUNT(*) AS tp_count FROM `tc_jubao` WHERE (  (`createtime` BETWEEN 1465833600 AND 1465920000 ) ) AND ( `uid` = 200326 ) LIMIT 1   [ RunTime:0.000386s ]
SQL: SELECT COUNT(*) AS tp_count FROM `tc_jubao` WHERE (  (`createtime` BETWEEN 1465920000 AND 1466006400 ) ) AND ( `uid` = 200326 ) LIMIT 1   [ RunTime:0.000381s ]
SQL: SELECT COUNT(*) AS tp_count FROM `tc_jubao` WHERE (  (`createtime` BETWEEN 1466006400 AND 1466092800 ) ) AND ( `uid` = 200326 ) LIMIT 1   [ RunTime:0.000259s ]
SQL: SELECT COUNT(*) AS tp_count FROM `tc_jubao` WHERE (  (`createtime` BETWEEN 1466092800 AND 1466179200 ) ) AND ( `uid` = 200326 ) LIMIT 1   [ RunTime:0.000239s ]
SQL: SELECT COUNT(*) AS tp_count FROM `tc_jubao` WHERE (  (`createtime` BETWEEN 1466179200 AND 1466265600 ) ) AND ( `uid` = 200326 ) LIMIT 1   [ RunTime:0.000221s ]
SQL: SELECT COUNT(*) AS tp_count FROM `tc_jubao` WHERE (  (`createtime` BETWEEN 1466265600 AND 1466352000 ) ) AND ( `uid` = 200326 ) LIMIT 1   [ RunTime:0.000342s ]
SQL: SELECT COUNT(*) AS tp_count FROM `tc_jubao` WHERE (  (`createtime` BETWEEN 1466352000 AND 1466438400 ) ) AND ( `uid` = 200326 ) LIMIT 1   [ RunTime:0.000304s ]
SQL: SELECT COUNT(*) AS tp_count FROM `tc_jubao` WHERE (  (`createtime` BETWEEN 1466438400 AND 1466524800 ) ) AND ( `uid` = 200326 ) LIMIT 1   [ RunTime:0.000287s ]
SQL: SELECT COUNT(*) AS tp_count FROM `tc_jubao` WHERE (  (`createtime` BETWEEN 1466524800 AND 1466611200 ) ) AND ( `uid` = 200326 ) LIMIT 1   [ RunTime:0.000245s ]
SQL: SELECT COUNT(*) AS tp_count FROM `tc_jubao` WHERE (  (`createtime` BETWEEN 1466611200 AND 1466697600 ) ) AND ( `uid` = 200326 ) LIMIT 1   [ RunTime:0.000222s ]
SQL: SELECT COUNT(*) AS tp_count FROM `tc_jubao` WHERE (  (`createtime` BETWEEN 1466697600 AND 1466784000 ) ) AND ( `uid` = 200326 ) LIMIT 1   [ RunTime:0.000263s ]
SQL: SELECT COUNT(*) AS tp_count FROM `tc_jubao` WHERE (  (`createtime` BETWEEN 1466784000 AND 1466870400 ) ) AND ( `uid` = 200326 ) LIMIT 1   [ RunTime:0.000227s ]
SQL: SELECT COUNT(*) AS tp_count FROM `tc_jubao` WHERE (  (`createtime` BETWEEN 1466870400 AND 1466956800 ) ) AND ( `uid` = 200326 ) LIMIT 1   [ RunTime:0.000239s ]
SQL: SELECT COUNT(*) AS tp_count FROM `tc_jubao` WHERE (  (`createtime` BETWEEN 1466956800 AND 1467043200 ) ) AND ( `uid` = 200326 ) LIMIT 1   [ RunTime:0.000217s ]
SQL: SELECT COUNT(*) AS tp_count FROM `tc_jubao` WHERE (  (`createtime` BETWEEN 1467043200 AND 1467129600 ) ) AND ( `uid` = 200326 ) LIMIT 1   [ RunTime:0.000222s ]
SQL: SELECT COUNT(*) AS tp_count FROM `tc_jubao` WHERE (  (`createtime` BETWEEN 1467129600 AND 1467216000 ) ) AND ( `uid` = 200326 ) LIMIT 1   [ RunTime:0.000220s ]
SQL: SELECT COUNT(*) AS tp_count FROM `tc_jubao` WHERE (  (`createtime` BETWEEN 1467216000 AND 1467302400 ) ) AND ( `uid` = 200326 ) LIMIT 1   [ RunTime:0.000220s ]
SQL: SELECT COUNT(*) AS tp_count FROM `tc_jubao` WHERE (  (`createtime` BETWEEN 1467302400 AND 1467388800 ) ) AND ( `uid` = 200326 ) LIMIT 1   [ RunTime:0.000218s ]
SQL: SELECT COUNT(*) AS tp_count FROM `tc_jubao` WHERE (  (`createtime` BETWEEN 1467388800 AND 1467475200 ) ) AND ( `uid` = 200326 ) LIMIT 1   [ RunTime:0.000211s ]
SQL: SELECT COUNT(*) AS tp_count FROM `tc_jubao` WHERE (  (`createtime` BETWEEN 1467475200 AND 1467561600 ) ) AND ( `uid` = 200326 ) LIMIT 1   [ RunTime:0.000220s ]
SQL: SELECT COUNT(*) AS tp_count FROM `tc_jubao` WHERE (  (`createtime` BETWEEN 1467561600 AND 1467648000 ) ) AND ( `uid` = 200326 ) LIMIT 1   [ RunTime:0.000310s ]
SQL: SELECT COUNT(*) AS tp_count FROM `tc_jubao` WHERE (  (`createtime` BETWEEN 1467648000 AND 1467734400 ) ) AND ( `uid` = 200326 ) LIMIT 1   [ RunTime:0.000287s ]
SQL: SELECT COUNT(*) AS tp_count FROM `tc_jubao` WHERE (  (`createtime` BETWEEN 1467734400 AND 1467820800 ) ) AND ( `uid` = 200326 ) LIMIT 1   [ RunTime:0.000229s ]
SQL: SELECT COUNT(*) AS tp_count FROM `tc_jubao` WHERE (  (`createtime` BETWEEN 1467820800 AND 1467907200 ) ) AND ( `uid` = 200326 ) LIMIT 1   [ RunTime:0.000218s ]
SQL: SELECT COUNT(*) AS tp_count FROM `tc_jubao` WHERE (  (`createtime` BETWEEN 1467907200 AND 1467993600 ) ) AND ( `uid` = 200326 ) LIMIT 1   [ RunTime:0.000212s ]
SQL: SELECT COUNT(*) AS tp_count FROM `tc_jubao` WHERE (  (`createtime` BETWEEN 1467993600 AND 1468080000 ) ) AND ( `uid` = 200326 ) LIMIT 1   [ RunTime:0.000240s ]
SQL: SELECT COUNT(*) AS tp_count FROM `tc_jubao` WHERE (  (`createtime` BETWEEN 1468080000 AND 1468166400 ) ) AND ( `uid` = 200326 ) LIMIT 1   [ RunTime:0.000205s ]
SQL: SELECT COUNT(*) AS tp_count FROM `tc_jubao` WHERE (  (`createtime` BETWEEN 1468166400 AND 1468252800 ) ) AND ( `uid` = 200326 ) LIMIT 1   [ RunTime:0.000204s ]
SQL: SELECT COUNT(*) AS tp_count FROM `tc_jubao` WHERE (  (`createtime` BETWEEN 1468252800 AND 1468339200 ) ) AND ( `uid` = 200326 ) LIMIT 1   [ RunTime:0.000204s ]
SQL: SELECT COUNT(*) AS tp_count FROM `tc_jubao` WHERE (  (`createtime` BETWEEN 1468339200 AND 1468425600 ) ) AND ( `uid` = 200326 ) LIMIT 1   [ RunTime:0.000197s ]
SQL: SELECT COUNT(*) AS tp_count FROM `tc_jubao` WHERE (  (`createtime` BETWEEN 1468425600 AND 1468512000 ) ) AND ( `uid` = 200326 ) LIMIT 1   [ RunTime:0.000224s ]
SQL: SELECT COUNT(*) AS tp_count FROM `tc_jubao` WHERE (  (`createtime` BETWEEN 1468512000 AND 1468598400 ) ) AND ( `uid` = 200326 ) LIMIT 1   [ RunTime:0.000228s ]
SQL: SELECT COUNT(*) AS tp_count FROM `tc_jubao` WHERE (  (`createtime` BETWEEN 1468598400 AND 1468684800 ) ) AND ( `uid` = 200326 ) LIMIT 1   [ RunTime:0.000253s ]
SQL: SELECT COUNT(*) AS tp_count FROM `tc_jubao` WHERE (  (`createtime` BETWEEN 1468684800 AND 1468771200 ) ) AND ( `uid` = 200326 ) LIMIT 1   [ RunTime:0.000258s ]
SQL: SELECT COUNT(*) AS tp_count FROM `tc_jubao` WHERE (  (`createtime` BETWEEN 1468771200 AND 1468857600 ) ) AND ( `uid` = 200326 ) LIMIT 1   [ RunTime:0.000293s ]
SQL: SELECT COUNT(*) AS tp_count FROM `tc_jubao` WHERE (  (`createtime` BETWEEN 1468857600 AND 1468944000 ) ) AND ( `uid` = 200326 ) LIMIT 1   [ RunTime:0.000224s ]
SQL: SELECT COUNT(*) AS tp_count FROM `tc_jubao` WHERE (  (`createtime` BETWEEN 1468944000 AND 1469030400 ) ) AND ( `uid` = 200326 ) LIMIT 1   [ RunTime:0.000238s ]
SQL: SELECT COUNT(*) AS tp_count FROM `tc_jubao` WHERE (  (`createtime` BETWEEN 1469030400 AND 1469116800 ) ) AND ( `uid` = 200326 ) LIMIT 1   [ RunTime:0.000467s ]
SQL: SELECT COUNT(*) AS tp_count FROM `tc_jubao` WHERE (  (`createtime` BETWEEN 1469116800 AND 1469203200 ) ) AND ( `uid` = 200326 ) LIMIT 1   [ RunTime:0.000382s ]
SQL: SELECT COUNT(*) AS tp_count FROM `tc_jubao` WHERE (  (`createtime` BETWEEN 1469203200 AND 1469289600 ) ) AND ( `uid` = 200326 ) LIMIT 1   [ RunTime:0.000226s ]
SQL: SELECT COUNT(*) AS tp_count FROM `tc_jubao` WHERE (  (`createtime` BETWEEN 1469289600 AND 1469376000 ) ) AND ( `uid` = 200326 ) LIMIT 1   [ RunTime:0.000229s ]
SQL: SELECT COUNT(*) AS tp_count FROM `tc_jubao` WHERE (  (`createtime` BETWEEN 1469376000 AND 1469462400 ) ) AND ( `uid` = 200326 ) LIMIT 1   [ RunTime:0.000224s ]
SQL: SELECT COUNT(*) AS tp_count FROM `tc_jubao` WHERE (  (`createtime` BETWEEN 1469462400 AND 1469548800 ) ) AND ( `uid` = 200326 ) LIMIT 1   [ RunTime:0.000223s ]
SQL: SELECT COUNT(*) AS tp_count FROM `tc_jubao` WHERE (  (`createtime` BETWEEN 1469548800 AND 1469635200 ) ) AND ( `uid` = 200326 ) LIMIT 1   [ RunTime:0.000241s ]
SQL: SELECT COUNT(*) AS tp_count FROM `tc_jubao` WHERE (  (`createtime` BETWEEN 1469635200 AND 1469721600 ) ) AND ( `uid` = 200326 ) LIMIT 1   [ RunTime:0.000333s ]
SQL: SELECT COUNT(*) AS tp_count FROM `tc_jubao` WHERE (  (`createtime` BETWEEN 1469721600 AND 1469808000 ) ) AND ( `uid` = 200326 ) LIMIT 1   [ RunTime:0.000275s ]
SQL: SELECT COUNT(*) AS tp_count FROM `tc_jubao` WHERE (  (`createtime` BETWEEN 1469808000 AND 1469894400 ) ) AND ( `uid` = 200326 ) LIMIT 1   [ RunTime:0.000260s ]
SQL: SELECT COUNT(*) AS tp_count FROM `tc_jubao` WHERE (  (`createtime` BETWEEN 1469894400 AND 1469980800 ) ) AND ( `uid` = 200326 ) LIMIT 1   [ RunTime:0.000234s ]
SQL: SELECT COUNT(*) AS tp_count FROM `tc_jubao` WHERE (  (`createtime` BETWEEN 1469980800 AND 1470067200 ) ) AND ( `uid` = 200326 ) LIMIT 1   [ RunTime:0.000225s ]
SQL: SELECT COUNT(*) AS tp_count FROM `tc_jubao` WHERE (  (`createtime` BETWEEN 1470067200 AND 1470153600 ) ) AND ( `uid` = 200326 ) LIMIT 1   [ RunTime:0.000228s ]
SQL: SELECT COUNT(*) AS tp_count FROM `tc_jubao` WHERE (  (`createtime` BETWEEN 1470153600 AND 1470240000 ) ) AND ( `uid` = 200326 ) LIMIT 1   [ RunTime:0.000214s ]
SQL: SELECT COUNT(*) AS tp_count FROM `tc_jubao` WHERE (  (`createtime` BETWEEN 1470240000 AND 1470326400 ) ) AND ( `uid` = 200326 ) LIMIT 1   [ RunTime:0.000227s ]
SQL: SELECT COUNT(*) AS tp_count FROM `tc_jubao` WHERE (  (`createtime` BETWEEN 1470326400 AND 1470412800 ) ) AND ( `uid` = 200326 ) LIMIT 1   [ RunTime:0.000217s ]
SQL: SELECT COUNT(*) AS tp_count FROM `tc_jubao` WHERE (  (`createtime` BETWEEN 1470412800 AND 1470499200 ) ) AND ( `uid` = 200326 ) LIMIT 1   [ RunTime:0.000239s ]
SQL: SELECT COUNT(*) AS tp_count FROM `tc_jubao` WHERE (  (`createtime` BETWEEN 1470499200 AND 1470585600 ) ) AND ( `uid` = 200326 ) LIMIT 1   [ RunTime:0.000221s ]
SQL: SELECT COUNT(*) AS tp_count FROM `tc_jubao` WHERE (  (`createtime` BETWEEN 1470585600 AND 1470672000 ) ) AND ( `uid` = 200326 ) LIMIT 1   [ RunTime:0.000235s ]
SQL: SELECT COUNT(*) AS tp_count FROM `tc_jubao` WHERE (  (`createtime` BETWEEN 1470672000 AND 1470758400 ) ) AND ( `uid` = 200326 ) LIMIT 1   [ RunTime:0.000279s ]
SQL: SELECT COUNT(*) AS tp_count FROM `tc_jubao` WHERE (  (`createtime` BETWEEN 1470758400 AND 1470844800 ) ) AND ( `uid` = 200326 ) LIMIT 1   [ RunTime:0.000252s ]
SQL: SELECT COUNT(*) AS tp_count FROM `tc_jubao` WHERE (  (`createtime` BETWEEN 1470844800 AND 1470931200 ) ) AND ( `uid` = 200326 ) LIMIT 1   [ RunTime:0.000250s ]
SQL: SELECT COUNT(*) AS tp_count FROM `tc_jubao` WHERE (  (`createtime` BETWEEN 1470931200 AND 1471017600 ) ) AND ( `uid` = 200326 ) LIMIT 1   [ RunTime:0.000216s ]
SQL: SELECT COUNT(*) AS tp_count FROM `tc_jubao` WHERE (  (`createtime` BETWEEN 1471017600 AND 1471104000 ) ) AND ( `uid` = 200326 ) LIMIT 1   [ RunTime:0.000219s ]
SQL: SELECT COUNT(*) AS tp_count FROM `tc_jubao` WHERE (  (`createtime` BETWEEN 1471104000 AND 1471190400 ) ) AND ( `uid` = 200326 ) LIMIT 1   [ RunTime:0.000240s ]
SQL: SELECT COUNT(*) AS tp_count FROM `tc_jubao` WHERE (  (`createtime` BETWEEN 1471190400 AND 1471276800 ) ) AND ( `uid` = 200326 ) LIMIT 1   [ RunTime:0.000227s ]
SQL: SELECT COUNT(*) AS tp_count FROM `tc_jubao` WHERE (  (`createtime` BETWEEN 1471276800 AND 1471363200 ) ) AND ( `uid` = 200326 ) LIMIT 1   [ RunTime:0.000212s ]
SQL: SELECT COUNT(*) AS tp_count FROM `tc_jubao` WHERE (  (`createtime` BETWEEN 1471363200 AND 1471449600 ) ) AND ( `uid` = 200326 ) LIMIT 1   [ RunTime:0.000218s ]
SQL: SELECT COUNT(*) AS tp_count FROM `tc_jubao` WHERE (  (`createtime` BETWEEN 1471449600 AND 1471536000 ) ) AND ( `uid` = 200326 ) LIMIT 1   [ RunTime:0.000211s ]
SQL: SELECT COUNT(*) AS tp_count FROM `tc_jubao` WHERE (  (`createtime` BETWEEN 1471536000 AND 1471622400 ) ) AND ( `uid` = 200326 ) LIMIT 1   [ RunTime:0.000246s ]
SQL: SELECT COUNT(*) AS tp_count FROM `tc_jubao` WHERE (  (`createtime` BETWEEN 1471622400 AND 1471708800 ) ) AND ( `uid` = 200326 ) LIMIT 1   [ RunTime:0.000357s ]
SQL: SELECT COUNT(*) AS tp_count FROM `tc_jubao` WHERE (  (`createtime` BETWEEN 1471708800 AND 1471795200 ) ) AND ( `uid` = 200326 ) LIMIT 1   [ RunTime:0.000300s ]
SQL: SELECT COUNT(*) AS tp_count FROM `tc_jubao` WHERE (  (`createtime` BETWEEN 1471795200 AND 1471881600 ) ) AND ( `uid` = 200326 ) LIMIT 1   [ RunTime:0.000293s ]
SQL: SELECT COUNT(*) AS tp_count FROM `tc_jubao` WHERE (  (`createtime` BETWEEN 1471881600 AND 1471968000 ) ) AND ( `uid` = 200326 ) LIMIT 1   [ RunTime:0.000274s ]
SQL: SELECT COUNT(*) AS tp_count FROM `tc_jubao` WHERE (  (`createtime` BETWEEN 1471968000 AND 1472054400 ) ) AND ( `uid` = 200326 ) LIMIT 1   [ RunTime:0.000235s ]
SQL: SELECT COUNT(*) AS tp_count FROM `tc_jubao` WHERE (  (`createtime` BETWEEN 1472054400 AND 1472140800 ) ) AND ( `uid` = 200326 ) LIMIT 1   [ RunTime:0.000228s ]
SQL: SELECT COUNT(*) AS tp_count FROM `tc_jubao` WHERE (  (`createtime` BETWEEN 1472140800 AND 1472227200 ) ) AND ( `uid` = 200326 ) LIMIT 1   [ RunTime:0.000230s ]
SQL: SELECT COUNT(*) AS tp_count FROM `tc_jubao` WHERE (  (`createtime` BETWEEN 1472227200 AND 1472313600 ) ) AND ( `uid` = 200326 ) LIMIT 1   [ RunTime:0.000210s ]
SQL: SELECT COUNT(*) AS tp_count FROM `tc_jubao` WHERE (  (`createtime` BETWEEN 1472313600 AND 1472400000 ) ) AND ( `uid` = 200326 ) LIMIT 1   [ RunTime:0.000460s ]
SQL: SELECT COUNT(*) AS tp_count FROM `tc_jubao` WHERE (  (`createtime` BETWEEN 1472400000 AND 1472486400 ) ) AND ( `uid` = 200326 ) LIMIT 1   [ RunTime:0.000357s ]
SQL: SELECT COUNT(*) AS tp_count FROM `tc_jubao` WHERE (  (`createtime` BETWEEN 1472486400 AND 1472572800 ) ) AND ( `uid` = 200326 ) LIMIT 1   [ RunTime:0.000258s ]
SQL: SELECT COUNT(*) AS tp_count FROM `tc_jubao` WHERE (  (`createtime` BETWEEN 1472572800 AND 1472659200 ) ) AND ( `uid` = 200326 ) LIMIT 1   [ RunTime:0.000230s ]
SQL: SELECT COUNT(*) AS tp_count FROM `tc_jubao` WHERE (  (`createtime` BETWEEN 1472659200 AND 1472745600 ) ) AND ( `uid` = 200326 ) LIMIT 1   [ RunTime:0.000271s ]
SQL: SELECT COUNT(*) AS tp_count FROM `tc_jubao` WHERE (  (`createtime` BETWEEN 1472745600 AND 1472832000 ) ) AND ( `uid` = 200326 ) LIMIT 1   [ RunTime:0.000256s ]
SQL: SELECT COUNT(*) AS tp_count FROM `tc_jubao` WHERE (  (`createtime` BETWEEN 1472832000 AND 1472918400 ) ) AND ( `uid` = 200326 ) LIMIT 1   [ RunTime:0.000246s ]
SQL: SELECT COUNT(*) AS tp_count FROM `tc_jubao` WHERE (  (`createtime` BETWEEN 1472918400 AND 1473004800 ) ) AND ( `uid` = 200326 ) LIMIT 1   [ RunTime:0.000224s ]
SQL: SELECT COUNT(*) AS tp_count FROM `tc_jubao` WHERE (  (`createtime` BETWEEN 1473004800 AND 1473091200 ) ) AND ( `uid` = 200326 ) LIMIT 1   [ RunTime:0.000229s ]
SQL: SELECT COUNT(*) AS tp_count FROM `tc_jubao` WHERE (  (`createtime` BETWEEN 1473091200 AND 1473177600 ) ) AND ( `uid` = 200326 ) LIMIT 1   [ RunTime:0.000231s ]
SQL: SELECT COUNT(*) AS tp_count FROM `tc_jubao` WHERE (  (`createtime` BETWEEN 1473177600 AND 1473264000 ) ) AND ( `uid` = 200326 ) LIMIT 1   [ RunTime:0.000222s ]
SQL: SELECT COUNT(*) AS tp_count FROM `tc_jubao` WHERE (  (`createtime` BETWEEN 1473264000 AND 1473350400 ) ) AND ( `uid` = 200326 ) LIMIT 1   [ RunTime:0.000216s ]
SQL: SELECT COUNT(*) AS tp_count FROM `tc_jubao` WHERE (  (`createtime` BETWEEN 1473350400 AND 1473436800 ) ) AND ( `uid` = 200326 ) LIMIT 1   [ RunTime:0.000177s ]
SQL: SELECT COUNT(*) AS tp_count FROM `tc_jubao` WHERE (  (`createtime` BETWEEN 1473436800 AND 1473523200 ) ) AND ( `uid` = 200326 ) LIMIT 1   [ RunTime:0.000178s ]
SQL: SELECT COUNT(*) AS tp_count FROM `tc_jubao` WHERE (  (`createtime` BETWEEN 1473523200 AND 1473609600 ) ) AND ( `uid` = 200326 ) LIMIT 1   [ RunTime:0.000182s ]
SQL: SELECT COUNT(*) AS tp_count FROM `tc_jubao` WHERE (  (`createtime` BETWEEN 1473609600 AND 1473696000 ) ) AND ( `uid` = 200326 ) LIMIT 1   [ RunTime:0.000180s ]
SQL: SELECT COUNT(*) AS tp_count FROM `tc_jubao` WHERE (  (`createtime` BETWEEN 1473696000 AND 1473782400 ) ) AND ( `uid` = 200326 ) LIMIT 1   [ RunTime:0.000185s ]
SQL: SELECT COUNT(*) AS tp_count FROM `tc_jubao` WHERE (  (`createtime` BETWEEN 1473782400 AND 1473868800 ) ) AND ( `uid` = 200326 ) LIMIT 1   [ RunTime:0.000233s ]
SQL: SELECT COUNT(*) AS tp_count FROM `tc_jubao` WHERE (  (`createtime` BETWEEN 1473868800 AND 1473955200 ) ) AND ( `uid` = 200326 ) LIMIT 1   [ RunTime:0.000285s ]
SQL: SELECT COUNT(*) AS tp_count FROM `tc_jubao` WHERE (  (`createtime` BETWEEN 1473955200 AND 1474041600 ) ) AND ( `uid` = 200326 ) LIMIT 1   [ RunTime:0.000235s ]
SQL: SELECT COUNT(*) AS tp_count FROM `tc_jubao` WHERE (  (`createtime` BETWEEN 1474041600 AND 1474128000 ) ) AND ( `uid` = 200326 ) LIMIT 1   [ RunTime:0.000188s ]
SQL: SELECT COUNT(*) AS tp_count FROM `tc_jubao` WHERE (  (`createtime` BETWEEN 1474128000 AND 1474214400 ) ) AND ( `uid` = 200326 ) LIMIT 1   [ RunTime:0.000244s ]
SQL: SELECT COUNT(*) AS tp_count FROM `tc_jubao` WHERE (  (`createtime` BETWEEN 1474214400 AND 1474300800 ) ) AND ( `uid` = 200326 ) LIMIT 1   [ RunTime:0.000303s ]
SQL: SELECT COUNT(*) AS tp_count FROM `tc_jubao` WHERE (  (`createtime` BETWEEN 1474300800 AND 1474387200 ) ) AND ( `uid` = 200326 ) LIMIT 1   [ RunTime:0.000193s ]
SQL: SELECT COUNT(*) AS tp_count FROM `tc_jubao` WHERE (  (`createtime` BETWEEN 1474387200 AND 1474473600 ) ) AND ( `uid` = 200326 ) LIMIT 1   [ RunTime:0.000193s ]
SQL: SELECT COUNT(*) AS tp_count FROM `tc_jubao` WHERE (  (`createtime` BETWEEN 1474473600 AND 1474560000 ) ) AND ( `uid` = 200326 ) LIMIT 1   [ RunTime:0.000185s ]
SQL: SELECT COUNT(*) AS tp_count FROM `tc_jubao` WHERE (  (`createtime` BETWEEN 1474560000 AND 1474646400 ) ) AND ( `uid` = 200326 ) LIMIT 1   [ RunTime:0.000186s ]
SQL: SELECT COUNT(*) AS tp_count FROM `tc_jubao` WHERE (  (`createtime` BETWEEN 1474646400 AND 1474732800 ) ) AND ( `uid` = 200326 ) LIMIT 1   [ RunTime:0.000184s ]
SQL: SELECT COUNT(*) AS tp_count FROM `tc_jubao` WHERE (  (`createtime` BETWEEN 1474732800 AND 1474819200 ) ) AND ( `uid` = 200326 ) LIMIT 1   [ RunTime:0.000299s ]
SQL: SELECT COUNT(*) AS tp_count FROM `tc_jubao` WHERE (  (`createtime` BETWEEN 1474819200 AND 1474905600 ) ) AND ( `uid` = 200326 ) LIMIT 1   [ RunTime:0.000330s ]
SQL: SELECT COUNT(*) AS tp_count FROM `tc_jubao` WHERE (  (`createtime` BETWEEN 1474905600 AND 1474992000 ) ) AND ( `uid` = 200326 ) LIMIT 1   [ RunTime:0.000366s ]
SQL: SELECT COUNT(*) AS tp_count FROM `tc_jubao` WHERE (  (`createtime` BETWEEN 1474992000 AND 1475078400 ) ) AND ( `uid` = 200326 ) LIMIT 1   [ RunTime:0.000234s ]
SQL: SELECT COUNT(*) AS tp_count FROM `tc_jubao` WHERE (  (`createtime` BETWEEN 1475078400 AND 1475164800 ) ) AND ( `uid` = 200326 ) LIMIT 1   [ RunTime:0.000186s ]
SQL: SELECT COUNT(*) AS tp_count FROM `tc_jubao` WHERE (  (`createtime` BETWEEN 1475164800 AND 1475251200 ) ) AND ( `uid` = 200326 ) LIMIT 1   [ RunTime:0.000204s ]
SQL: SELECT COUNT(*) AS tp_count FROM `tc_jubao` WHERE (  (`createtime` BETWEEN 1475251200 AND 1475337600 ) ) AND ( `uid` = 200326 ) LIMIT 1   [ RunTime:0.000258s ]
SQL: SELECT COUNT(*) AS tp_count FROM `tc_jubao` WHERE (  (`createtime` BETWEEN 1475337600 AND 1475424000 ) ) AND ( `uid` = 200326 ) LIMIT 1   [ RunTime:0.000285s ]
SQL: SELECT COUNT(*) AS tp_count FROM `tc_jubao` WHERE (  (`createtime` BETWEEN 1475424000 AND 1475510400 ) ) AND ( `uid` = 200326 ) LIMIT 1   [ RunTime:0.000311s ]
SQL: SELECT COUNT(*) AS tp_count FROM `tc_jubao` WHERE (  (`createtime` BETWEEN 1475510400 AND 1475596800 ) ) AND ( `uid` = 200326 ) LIMIT 1   [ RunTime:0.000549s ]
SQL: SELECT COUNT(*) AS tp_count FROM `tc_jubao` WHERE (  (`createtime` BETWEEN 1475596800 AND 1475683200 ) ) AND ( `uid` = 200326 ) LIMIT 1   [ RunTime:0.000379s ]
SQL: SELECT COUNT(*) AS tp_count FROM `tc_jubao` WHERE (  (`createtime` BETWEEN 1475683200 AND 1475769600 ) ) AND ( `uid` = 200326 ) LIMIT 1   [ RunTime:0.000264s ]
SQL: SELECT COUNT(*) AS tp_count FROM `tc_jubao` WHERE (  (`createtime` BETWEEN 1475769600 AND 1475856000 ) ) AND ( `uid` = 200326 ) LIMIT 1   [ RunTime:0.000296s ]
SQL: SELECT COUNT(*) AS tp_count FROM `tc_jubao` WHERE (  (`createtime` BETWEEN 1475856000 AND 1475942400 ) ) AND ( `uid` = 200326 ) LIMIT 1   [ RunTime:0.000280s ]
SQL: SELECT COUNT(*) AS tp_count FROM `tc_jubao` WHERE (  (`createtime` BETWEEN 1475942400 AND 1476028800 ) ) AND ( `uid` = 200326 ) LIMIT 1   [ RunTime:0.000306s ]
SQL: SELECT COUNT(*) AS tp_count FROM `tc_jubao` WHERE (  (`createtime` BETWEEN 1476028800 AND 1476115200 ) ) AND ( `uid` = 200326 ) LIMIT 1   [ RunTime:0.000252s ]
SQL: SELECT COUNT(*) AS tp_count FROM `tc_jubao` WHERE (  (`createtime` BETWEEN 1476115200 AND 1476201600 ) ) AND ( `uid` = 200326 ) LIMIT 1   [ RunTime:0.000274s ]
SQL: SELECT COUNT(*) AS tp_count FROM `tc_jubao` WHERE (  (`createtime` BETWEEN 1476201600 AND 1476288000 ) ) AND ( `uid` = 200326 ) LIMIT 1   [ RunTime:0.000295s ]
SQL: SELECT COUNT(*) AS tp_count FROM `tc_jubao` WHERE (  (`createtime` BETWEEN 1476288000 AND 1476374400 ) ) AND ( `uid` = 200326 ) LIMIT 1   [ RunTime:0.000260s ]
SQL: SELECT COUNT(*) AS tp_count FROM `tc_jubao` WHERE (  (`createtime` BETWEEN 1476374400 AND 1476460800 ) ) AND ( `uid` = 200326 ) LIMIT 1   [ RunTime:0.000271s ]
SQL: SELECT COUNT(*) AS tp_count FROM `tc_jubao` WHERE (  (`createtime` BETWEEN 1476460800 AND 1476547200 ) ) AND ( `uid` = 200326 ) LIMIT 1   [ RunTime:0.000243s ]
SQL: SELECT COUNT(*) AS tp_count FROM `tc_jubao` WHERE (  (`createtime` BETWEEN 1476547200 AND 1476633600 ) ) AND ( `uid` = 200326 ) LIMIT 1   [ RunTime:0.000262s ]
SQL: SELECT COUNT(*) AS tp_count FROM `tc_jubao` WHERE (  (`createtime` BETWEEN 1476633600 AND 1476720000 ) ) AND ( `uid` = 200326 ) LIMIT 1   [ RunTime:0.000305s ]
SQL: SELECT COUNT(*) AS tp_count FROM `tc_jubao` WHERE (  (`createtime` BETWEEN 1476720000 AND 1476806400 ) ) AND ( `uid` = 200326 ) LIMIT 1   [ RunTime:0.000349s ]
SQL: SELECT COUNT(*) AS tp_count FROM `tc_jubao` WHERE (  (`createtime` BETWEEN 1476806400 AND 1476892800 ) ) AND ( `uid` = 200326 ) LIMIT 1   [ RunTime:0.000342s ]
SQL: SELECT COUNT(*) AS tp_count FROM `tc_jubao` WHERE (  (`createtime` BETWEEN 1476892800 AND 1476979200 ) ) AND ( `uid` = 200326 ) LIMIT 1   [ RunTime:0.000275s ]
SQL: SELECT COUNT(*) AS tp_count FROM `tc_jubao` WHERE (  (`createtime` BETWEEN 1476979200 AND 1477065600 ) ) AND ( `uid` = 200326 ) LIMIT 1   [ RunTime:0.000226s ]
SQL: SELECT COUNT(*) AS tp_count FROM `tc_jubao` WHERE (  (`createtime` BETWEEN 1477065600 AND 1477152000 ) ) AND ( `uid` = 200326 ) LIMIT 1   [ RunTime:0.000352s ]
SQL: SELECT COUNT(*) AS tp_count FROM `tc_jubao` WHERE (  (`createtime` BETWEEN 1477152000 AND 1477238400 ) ) AND ( `uid` = 200326 ) LIMIT 1   [ RunTime:0.000326s ]
SQL: SELECT COUNT(*) AS tp_count FROM `tc_jubao` WHERE (  (`createtime` BETWEEN 1477238400 AND 1477324800 ) ) AND ( `uid` = 200326 ) LIMIT 1   [ RunTime:0.000230s ]
SQL: SELECT COUNT(*) AS tp_count FROM `tc_jubao` WHERE (  (`createtime` BETWEEN 1477324800 AND 1477411200 ) ) AND ( `uid` = 200326 ) LIMIT 1   [ RunTime:0.000226s ]
SQL: SELECT COUNT(*) AS tp_count FROM `tc_jubao` WHERE (  (`createtime` BETWEEN 1477411200 AND 1477497600 ) ) AND ( `uid` = 200326 ) LIMIT 1   [ RunTime:0.000235s ]
SQL: SELECT COUNT(*) AS tp_count FROM `tc_jubao` WHERE (  (`createtime` BETWEEN 1477497600 AND 1477584000 ) ) AND ( `uid` = 200326 ) LIMIT 1   [ RunTime:0.000230s ]
SQL: SELECT COUNT(*) AS tp_count FROM `tc_jubao` WHERE (  (`createtime` BETWEEN 1477584000 AND 1477670400 ) ) AND ( `uid` = 200326 ) LIMIT 1   [ RunTime:0.000221s ]
SQL: SELECT COUNT(*) AS tp_count FROM `tc_jubao` WHERE (  (`createtime` BETWEEN 1477670400 AND 1477756800 ) ) AND ( `uid` = 200326 ) LIMIT 1   [ RunTime:0.000223s ]
SQL: SELECT COUNT(*) AS tp_count FROM `tc_jubao` WHERE (  (`createtime` BETWEEN 1477756800 AND 1477843200 ) ) AND ( `uid` = 200326 ) LIMIT 1   [ RunTime:0.000247s ]
SQL: SELECT COUNT(*) AS tp_count FROM `tc_jubao` WHERE (  (`createtime` BETWEEN 1477843200 AND 1477929600 ) ) AND ( `uid` = 200326 ) LIMIT 1   [ RunTime:0.000350s ]
SQL: SELECT COUNT(*) AS tp_count FROM `tc_jubao` WHERE (  (`createtime` BETWEEN 1477929600 AND 1478016000 ) ) AND ( `uid` = 200326 ) LIMIT 1   [ RunTime:0.000297s ]
SQL: SELECT COUNT(*) AS tp_count FROM `tc_jubao` WHERE (  (`createtime` BETWEEN 1478016000 AND 1478102400 ) ) AND ( `uid` = 200326 ) LIMIT 1   [ RunTime:0.000234s ]
SQL: SELECT COUNT(*) AS tp_count FROM `tc_jubao` WHERE (  (`createtime` BETWEEN 1478102400 AND 1478188800 ) ) AND ( `uid` = 200326 ) LIMIT 1   [ RunTime:0.000272s ]
SQL: SELECT COUNT(*) AS tp_count FROM `tc_jubao` WHERE (  (`createtime` BETWEEN 1478188800 AND 1478275200 ) ) AND ( `uid` = 200326 ) LIMIT 1   [ RunTime:0.000283s ]
SQL: SELECT COUNT(*) AS tp_count FROM `tc_jubao` WHERE (  (`createtime` BETWEEN 1478275200 AND 1478361600 ) ) AND ( `uid` = 200326 ) LIMIT 1   [ RunTime:0.000283s ]
SQL: SELECT COUNT(*) AS tp_count FROM `tc_jubao` WHERE (  (`createtime` BETWEEN 1478361600 AND 1478448000 ) ) AND ( `uid` = 200326 ) LIMIT 1   [ RunTime:0.000237s ]
SQL: SELECT COUNT(*) AS tp_count FROM `tc_jubao` WHERE (  (`createtime` BETWEEN 1478448000 AND 1478534400 ) ) AND ( `uid` = 200326 ) LIMIT 1   [ RunTime:0.000244s ]
SQL: SELECT COUNT(*) AS tp_count FROM `tc_jubao` WHERE (  (`createtime` BETWEEN 1478534400 AND 1478620800 ) ) AND ( `uid` = 200326 ) LIMIT 1   [ RunTime:0.000569s ]
SQL: SELECT COUNT(*) AS tp_count FROM `tc_jubao` WHERE (  (`createtime` BETWEEN 1478620800 AND 1478707200 ) ) AND ( `uid` = 200326 ) LIMIT 1   [ RunTime:0.000353s ]
SQL: SELECT COUNT(*) AS tp_count FROM `tc_jubao` WHERE (  (`createtime` BETWEEN 1478707200 AND 1478793600 ) ) AND ( `uid` = 200326 ) LIMIT 1   [ RunTime:0.000293s ]
SQL: SELECT COUNT(*) AS tp_count FROM `tc_jubao` WHERE (  (`createtime` BETWEEN 1478793600 AND 1478880000 ) ) AND ( `uid` = 200326 ) LIMIT 1   [ RunTime:0.000303s ]
SQL: SELECT COUNT(*) AS tp_count FROM `tc_jubao` WHERE (  (`createtime` BETWEEN 1478880000 AND 1478966400 ) ) AND ( `uid` = 200326 ) LIMIT 1   [ RunTime:0.000287s ]
SQL: SELECT COUNT(*) AS tp_count FROM `tc_jubao` WHERE (  (`createtime` BETWEEN 1478966400 AND 1479052800 ) ) AND ( `uid` = 200326 ) LIMIT 1   [ RunTime:0.000272s ]
SQL: SELECT COUNT(*) AS tp_count FROM `tc_jubao` WHERE (  (`createtime` BETWEEN 1479052800 AND 1479139200 ) ) AND ( `uid` = 200326 ) LIMIT 1   [ RunTime:0.000367s ]
SQL: SELECT COUNT(*) AS tp_count FROM `tc_jubao` WHERE (  (`createtime` BETWEEN 1479139200 AND 1479225600 ) ) AND ( `uid` = 200326 ) LIMIT 1   [ RunTime:0.000350s ]
SQL: SELECT COUNT(*) AS tp_count FROM `tc_jubao` WHERE (  (`createtime` BETWEEN 1479225600 AND 1479312000 ) ) AND ( `uid` = 200326 ) LIMIT 1   [ RunTime:0.000269s ]
SQL: SELECT COUNT(*) AS tp_count FROM `tc_jubao` WHERE (  (`createtime` BETWEEN 1479312000 AND 1479398400 ) ) AND ( `uid` = 200326 ) LIMIT 1   [ RunTime:0.000315s ]
SQL: SELECT COUNT(*) AS tp_count FROM `tc_jubao` WHERE (  (`createtime` BETWEEN 1479398400 AND 1479484800 ) ) AND ( `uid` = 200326 ) LIMIT 1   [ RunTime:0.000367s ]
SQL: SELECT COUNT(*) AS tp_count FROM `tc_jubao` WHERE (  (`createtime` BETWEEN 1479484800 AND 1479571200 ) ) AND ( `uid` = 200326 ) LIMIT 1   [ RunTime:0.000275s ]
SQL: SELECT COUNT(*) AS tp_count FROM `tc_jubao` WHERE (  (`createtime` BETWEEN 1479571200 AND 1479657600 ) ) AND ( `uid` = 200326 ) LIMIT 1   [ RunTime:0.000268s ]
SQL: SELECT COUNT(*) AS tp_count FROM `tc_jubao` WHERE (  (`createtime` BETWEEN 1479657600 AND 1479744000 ) ) AND ( `uid` = 200326 ) LIMIT 1   [ RunTime:0.000301s ]
SQL: SELECT COUNT(*) AS tp_count FROM `tc_jubao` WHERE (  (`createtime` BETWEEN 1479744000 AND 1479830400 ) ) AND ( `uid` = 200326 ) LIMIT 1   [ RunTime:0.000297s ]
SQL: SELECT COUNT(*) AS tp_count FROM `tc_jubao` WHERE (  (`createtime` BETWEEN 1479830400 AND 1479916800 ) ) AND ( `uid` = 200326 ) LIMIT 1   [ RunTime:0.000283s ]
SQL: SELECT COUNT(*) AS tp_count FROM `tc_jubao` WHERE (  (`createtime` BETWEEN 1479916800 AND 1480003200 ) ) AND ( `uid` = 200326 ) LIMIT 1   [ RunTime:0.000271s ]
SQL: SELECT COUNT(*) AS tp_count FROM `tc_jubao` WHERE (  (`createtime` BETWEEN 1480003200 AND 1480089600 ) ) AND ( `uid` = 200326 ) LIMIT 1   [ RunTime:0.000231s ]
SQL: SELECT COUNT(*) AS tp_count FROM `tc_jubao` WHERE (  (`createtime` BETWEEN 1480089600 AND 1480176000 ) ) AND ( `uid` = 200326 ) LIMIT 1   [ RunTime:0.000301s ]
SQL: SELECT COUNT(*) AS tp_count FROM `tc_jubao` WHERE (  (`createtime` BETWEEN 1480176000 AND 1480262400 ) ) AND ( `uid` = 200326 ) LIMIT 1   [ RunTime:0.000393s ]
SQL: SELECT COUNT(*) AS tp_count FROM `tc_jubao` WHERE (  (`createtime` BETWEEN 1480262400 AND 1480348800 ) ) AND ( `uid` = 200326 ) LIMIT 1   [ RunTime:0.000266s ]
SQL: SELECT COUNT(*) AS tp_count FROM `tc_jubao` WHERE (  (`createtime` BETWEEN 1480348800 AND 1480435200 ) ) AND ( `uid` = 200326 ) LIMIT 1   [ RunTime:0.000240s ]
SQL: SELECT COUNT(*) AS tp_count FROM `tc_jubao` WHERE (  (`createtime` BETWEEN 1480435200 AND 1480521600 ) ) AND ( `uid` = 200326 ) LIMIT 1   [ RunTime:0.000288s ]
SQL: SELECT COUNT(*) AS tp_count FROM `tc_jubao` WHERE (  (`createtime` BETWEEN 1480521600 AND 1480608000 ) ) AND ( `uid` = 200326 ) LIMIT 1   [ RunTime:0.000242s ]
SQL: SELECT COUNT(*) AS tp_count FROM `tc_jubao` WHERE (  (`createtime` BETWEEN 1480608000 AND 1480694400 ) ) AND ( `uid` = 200326 ) LIMIT 1   [ RunTime:0.000237s ]
SQL: SELECT COUNT(*) AS tp_count FROM `tc_jubao` WHERE (  (`createtime` BETWEEN 1480694400 AND 1480780800 ) ) AND ( `uid` = 200326 ) LIMIT 1   [ RunTime:0.000322s ]
SQL: SELECT COUNT(*) AS tp_count FROM `tc_jubao` WHERE (  (`createtime` BETWEEN 1480780800 AND 1480867200 ) ) AND ( `uid` = 200326 ) LIMIT 1   [ RunTime:0.000278s ]
SQL: SELECT COUNT(*) AS tp_count FROM `tc_jubao` WHERE (  (`createtime` BETWEEN 1480867200 AND 1480953600 ) ) AND ( `uid` = 200326 ) LIMIT 1   [ RunTime:0.000246s ]
SQL: SELECT COUNT(*) AS tp_count FROM `tc_jubao` WHERE (  (`createtime` BETWEEN 1480953600 AND 1481040000 ) ) AND ( `uid` = 200326 ) LIMIT 1   [ RunTime:0.000235s ]
SQL: SELECT COUNT(*) AS tp_count FROM `tc_jubao` WHERE (  (`createtime` BETWEEN 1481040000 AND 1481126400 ) ) AND ( `uid` = 200326 ) LIMIT 1   [ RunTime:0.000228s ]
SQL: SELECT COUNT(*) AS tp_count FROM `tc_jubao` WHERE (  (`createtime` BETWEEN 1481126400 AND 1481212800 ) ) AND ( `uid` = 200326 ) LIMIT 1   [ RunTime:0.000237s ]
SQL: SELECT COUNT(*) AS tp_count FROM `tc_jubao` WHERE (  (`createtime` BETWEEN 1481212800 AND 1481299200 ) ) AND ( `uid` = 200326 ) LIMIT 1   [ RunTime:0.000229s ]
SQL: SELECT COUNT(*) AS tp_count FROM `tc_jubao` WHERE (  (`createtime` BETWEEN 1481299200 AND 1481385600 ) ) AND ( `uid` = 200326 ) LIMIT 1   [ RunTime:0.000230s ]
SQL: SELECT COUNT(*) AS tp_count FROM `tc_jubao` WHERE (  (`createtime` BETWEEN 1481385600 AND 1481472000 ) ) AND ( `uid` = 200326 ) LIMIT 1   [ RunTime:0.000229s ]
SQL: SELECT COUNT(*) AS tp_count FROM `tc_jubao` WHERE (  (`createtime` BETWEEN 1481472000 AND 1481558400 ) ) AND ( `uid` = 200326 ) LIMIT 1   [ RunTime:0.000256s ]
SQL: SELECT COUNT(*) AS tp_count FROM `tc_jubao` WHERE (  (`createtime` BETWEEN 1481558400 AND 1481644800 ) ) AND ( `uid` = 200326 ) LIMIT 1   [ RunTime:0.000464s ]
SQL: SELECT COUNT(*) AS tp_count FROM `tc_jubao` WHERE (  (`createtime` BETWEEN 1481644800 AND 1481731200 ) ) AND ( `uid` = 200326 ) LIMIT 1   [ RunTime:0.000369s ]
SQL: SELECT COUNT(*) AS tp_count FROM `tc_jubao` WHERE (  (`createtime` BETWEEN 1481731200 AND 1481817600 ) ) AND ( `uid` = 200326 ) LIMIT 1   [ RunTime:0.000386s ]
SQL: SELECT COUNT(*) AS tp_count FROM `tc_jubao` WHERE (  (`createtime` BETWEEN 1481817600 AND 1481904000 ) ) AND ( `uid` = 200326 ) LIMIT 1   [ RunTime:0.000268s ]
SQL: SELECT COUNT(*) AS tp_count FROM `tc_jubao` WHERE (  (`createtime` BETWEEN 1481904000 AND 1481990400 ) ) AND ( `uid` = 200326 ) LIMIT 1   [ RunTime:0.000256s ]
SQL: SELECT COUNT(*) AS tp_count FROM `tc_jubao` WHERE (  (`createtime` BETWEEN 1481990400 AND 1482076800 ) ) AND ( `uid` = 200326 ) LIMIT 1   [ RunTime:0.000236s ]
SQL: SELECT COUNT(*) AS tp_count FROM `tc_jubao` WHERE (  (`createtime` BETWEEN 1482076800 AND 1482163200 ) ) AND ( `uid` = 200326 ) LIMIT 1   [ RunTime:0.000233s ]
SQL: SELECT COUNT(*) AS tp_count FROM `tc_jubao` WHERE (  (`createtime` BETWEEN 1482163200 AND 1482249600 ) ) AND ( `uid` = 200326 ) LIMIT 1   [ RunTime:0.000230s ]
SQL: SELECT COUNT(*) AS tp_count FROM `tc_jubao` WHERE (  (`createtime` BETWEEN 1482249600 AND 1482336000 ) ) AND ( `uid` = 200326 ) LIMIT 1   [ RunTime:0.000230s ]
SQL: SELECT COUNT(*) AS tp_count FROM `tc_jubao` WHERE (  (`createtime` BETWEEN 1482336000 AND 1482422400 ) ) AND ( `uid` = 200326 ) LIMIT 1   [ RunTime:0.000224s ]
SQL: SELECT COUNT(*) AS tp_count FROM `tc_jubao` WHERE (  (`createtime` BETWEEN 1482422400 AND 1482508800 ) ) AND ( `uid` = 200326 ) LIMIT 1   [ RunTime:0.000217s ]
SQL: SELECT COUNT(*) AS tp_count FROM `tc_jubao` WHERE (  (`createtime` BETWEEN 1482508800 AND 1482595200 ) ) AND ( `uid` = 200326 ) LIMIT 1   [ RunTime:0.000255s ]
SQL: SELECT COUNT(*) AS tp_count FROM `tc_jubao` WHERE (  (`createtime` BETWEEN 1482595200 AND 1482681600 ) ) AND ( `uid` = 200326 ) LIMIT 1   [ RunTime:0.000344s ]
SQL: SELECT COUNT(*) AS tp_count FROM `tc_jubao` WHERE (  (`createtime` BETWEEN 1482681600 AND 1482768000 ) ) AND ( `uid` = 200326 ) LIMIT 1   [ RunTime:0.000331s ]
SQL: SELECT COUNT(*) AS tp_count FROM `tc_jubao` WHERE (  (`createtime` BETWEEN 1482768000 AND 1482854400 ) ) AND ( `uid` = 200326 ) LIMIT 1   [ RunTime:0.000297s ]
SQL: SELECT COUNT(*) AS tp_count FROM `tc_jubao` WHERE (  (`createtime` BETWEEN 1482854400 AND 1482940800 ) ) AND ( `uid` = 200326 ) LIMIT 1   [ RunTime:0.000240s ]
SQL: SELECT COUNT(*) AS tp_count FROM `tc_jubao` WHERE (  (`createtime` BETWEEN 1482940800 AND 1483027200 ) ) AND ( `uid` = 200326 ) LIMIT 1   [ RunTime:0.000235s ]
SQL: SELECT COUNT(*) AS tp_count FROM `tc_jubao` WHERE (  (`createtime` BETWEEN 1483027200 AND 1483113600 ) ) AND ( `uid` = 200326 ) LIMIT 1   [ RunTime:0.000229s ]
SQL: SELECT COUNT(*) AS tp_count FROM `tc_jubao` WHERE (  (`createtime` BETWEEN 1483113600 AND 1483200000 ) ) AND ( `uid` = 200326 ) LIMIT 1   [ RunTime:0.000256s ]
SQL: SELECT COUNT(*) AS tp_count FROM `tc_jubao` WHERE (  (`createtime` BETWEEN 1483200000 AND 1483286400 ) ) AND ( `uid` = 200326 ) LIMIT 1   [ RunTime:0.000233s ]
SQL: SELECT COUNT(*) AS tp_count FROM `tc_jubao` WHERE (  (`createtime` BETWEEN 1483286400 AND 1483372800 ) ) AND ( `uid` = 200326 ) LIMIT 1   [ RunTime:0.000221s ]
SQL: SELECT COUNT(*) AS tp_count FROM `tc_jubao` WHERE (  (`createtime` BETWEEN 1483372800 AND 1483459200 ) ) AND ( `uid` = 200326 ) LIMIT 1   [ RunTime:0.000245s ]
SQL: SELECT COUNT(*) AS tp_count FROM `tc_jubao` WHERE (  (`createtime` BETWEEN 1483459200 AND 1483545600 ) ) AND ( `uid` = 200326 ) LIMIT 1   [ RunTime:0.000267s ]
SQL: SELECT COUNT(*) AS tp_count FROM `tc_jubao` WHERE (  (`createtime` BETWEEN 1483545600 AND 1483632000 ) ) AND ( `uid` = 200326 ) LIMIT 1   [ RunTime:0.000261s ]
SQL: SELECT COUNT(*) AS tp_count FROM `tc_jubao` WHERE (  (`createtime` BETWEEN 1483632000 AND 1483718400 ) ) AND ( `uid` = 200326 ) LIMIT 1   [ RunTime:0.000247s ]
SQL: SELECT COUNT(*) AS tp_count FROM `tc_jubao` WHERE (  (`createtime` BETWEEN 1483718400 AND 1483804800 ) ) AND ( `uid` = 200326 ) LIMIT 1   [ RunTime:0.000236s ]
SQL: SELECT COUNT(*) AS tp_count FROM `tc_jubao` WHERE (  (`createtime` BETWEEN 1483804800 AND 1483891200 ) ) AND ( `uid` = 200326 ) LIMIT 1   [ RunTime:0.000255s ]
SQL: SELECT COUNT(*) AS tp_count FROM `tc_jubao` WHERE (  (`createtime` BETWEEN 1483891200 AND 1483977600 ) ) AND ( `uid` = 200326 ) LIMIT 1   [ RunTime:0.000274s ]
SQL: SELECT COUNT(*) AS tp_count FROM `tc_jubao` WHERE (  (`createtime` BETWEEN 1483977600 AND 1484064000 ) ) AND ( `uid` = 200326 ) LIMIT 1   [ RunTime:0.000285s ]
SQL: SELECT COUNT(*) AS tp_count FROM `tc_jubao` WHERE (  (`createtime` BETWEEN 1484064000 AND 1484150400 ) ) AND ( `uid` = 200326 ) LIMIT 1   [ RunTime:0.000324s ]
SQL: SELECT COUNT(*) AS tp_count FROM `tc_jubao` WHERE (  (`createtime` BETWEEN 1484150400 AND 1484236800 ) ) AND ( `uid` = 200326 ) LIMIT 1   [ RunTime:0.000310s ]
SQL: SELECT COUNT(*) AS tp_count FROM `tc_jubao` WHERE (  (`createtime` BETWEEN 1484236800 AND 1484323200 ) ) AND ( `uid` = 200326 ) LIMIT 1   [ RunTime:0.000239s ]
SQL: SELECT COUNT(*) AS tp_count FROM `tc_jubao` WHERE (  (`createtime` BETWEEN 1484323200 AND 1484409600 ) ) AND ( `uid` = 200326 ) LIMIT 1   [ RunTime:0.000236s ]
SQL: SELECT COUNT(*) AS tp_count FROM `tc_jubao` WHERE (  (`createtime` BETWEEN 1484409600 AND 1484496000 ) ) AND ( `uid` = 200326 ) LIMIT 1   [ RunTime:0.000254s ]
SQL: SELECT COUNT(*) AS tp_count FROM `tc_jubao` WHERE (  (`createtime` BETWEEN 1484496000 AND 1484582400 ) ) AND ( `uid` = 200326 ) LIMIT 1   [ RunTime:0.000250s ]
SQL: SELECT COUNT(*) AS tp_count FROM `tc_jubao` WHERE (  (`createtime` BETWEEN 1484582400 AND 1484668800 ) ) AND ( `uid` = 200326 ) LIMIT 1   [ RunTime:0.000298s ]
SQL: SELECT COUNT(*) AS tp_count FROM `tc_jubao` WHERE (  (`createtime` BETWEEN 1484668800 AND 1484755200 ) ) AND ( `uid` = 200326 ) LIMIT 1   [ RunTime:0.000500s ]
SQL: SELECT COUNT(*) AS tp_count FROM `tc_jubao` WHERE (  (`createtime` BETWEEN 1484755200 AND 1484841600 ) ) AND ( `uid` = 200326 ) LIMIT 1   [ RunTime:0.000346s ]
SQL: SELECT COUNT(*) AS tp_count FROM `tc_jubao` WHERE (  (`createtime` BETWEEN 1484841600 AND 1484928000 ) ) AND ( `uid` = 200326 ) LIMIT 1   [ RunTime:0.000253s ]
SQL: SELECT COUNT(*) AS tp_count FROM `tc_jubao` WHERE (  (`createtime` BETWEEN 1484928000 AND 1485014400 ) ) AND ( `uid` = 200326 ) LIMIT 1   [ RunTime:0.000348s ]
SQL: SELECT COUNT(*) AS tp_count FROM `tc_jubao` WHERE (  (`createtime` BETWEEN 1485014400 AND 1485100800 ) ) AND ( `uid` = 200326 ) LIMIT 1   [ RunTime:0.000295s ]
SQL: SELECT COUNT(*) AS tp_count FROM `tc_jubao` WHERE (  (`createtime` BETWEEN 1485100800 AND 1485187200 ) ) AND ( `uid` = 200326 ) LIMIT 1   [ RunTime:0.000262s ]
SQL: SELECT COUNT(*) AS tp_count FROM `tc_jubao` WHERE (  (`createtime` BETWEEN 1485187200 AND 1485273600 ) ) AND ( `uid` = 200326 ) LIMIT 1   [ RunTime:0.000225s ]
SQL: SELECT COUNT(*) AS tp_count FROM `tc_jubao` WHERE (  (`createtime` BETWEEN 1485273600 AND 1485360000 ) ) AND ( `uid` = 200326 ) LIMIT 1   [ RunTime:0.000218s ]
SQL: SELECT COUNT(*) AS tp_count FROM `tc_jubao` WHERE (  (`createtime` BETWEEN 1485360000 AND 1485446400 ) ) AND ( `uid` = 200326 ) LIMIT 1   [ RunTime:0.000209s ]
SQL: SELECT COUNT(*) AS tp_count FROM `tc_jubao` WHERE (  (`createtime` BETWEEN 1485446400 AND 1485532800 ) ) AND ( `uid` = 200326 ) LIMIT 1   [ RunTime:0.000209s ]
SQL: SELECT COUNT(*) AS tp_count FROM `tc_jubao` WHERE (  (`createtime` BETWEEN 1485532800 AND 1485619200 ) ) AND ( `uid` = 200326 ) LIMIT 1   [ RunTime:0.000210s ]
SQL: SELECT COUNT(*) AS tp_count FROM `tc_jubao` WHERE (  (`createtime` BETWEEN 1485619200 AND 1485705600 ) ) AND ( `uid` = 200326 ) LIMIT 1   [ RunTime:0.000218s ]
SQL: SELECT COUNT(*) AS tp_count FROM `tc_jubao` WHERE (  (`createtime` BETWEEN 1485705600 AND 1485792000 ) ) AND ( `uid` = 200326 ) LIMIT 1   [ RunTime:0.000302s ]
SQL: SELECT COUNT(*) AS tp_count FROM `tc_jubao` WHERE (  (`createtime` BETWEEN 1485792000 AND 1485878400 ) ) AND ( `uid` = 200326 ) LIMIT 1   [ RunTime:0.000334s ]
SQL: SELECT COUNT(*) AS tp_count FROM `tc_jubao` WHERE (  (`createtime` BETWEEN 1485878400 AND 1485964800 ) ) AND ( `uid` = 200326 ) LIMIT 1   [ RunTime:0.000244s ]
SQL: SELECT COUNT(*) AS tp_count FROM `tc_jubao` WHERE (  (`createtime` BETWEEN 1485964800 AND 1486051200 ) ) AND ( `uid` = 200326 ) LIMIT 1   [ RunTime:0.000213s ]
SQL: SELECT COUNT(*) AS tp_count FROM `tc_jubao` WHERE (  (`createtime` BETWEEN 1486051200 AND 1486137600 ) ) AND ( `uid` = 200326 ) LIMIT 1   [ RunTime:0.000221s ]
SQL: SELECT COUNT(*) AS tp_count FROM `tc_jubao` WHERE (  (`createtime` BETWEEN 1486137600 AND 1486224000 ) ) AND ( `uid` = 200326 ) LIMIT 1   [ RunTime:0.000250s ]
SQL: SELECT COUNT(*) AS tp_count FROM `tc_jubao` WHERE (  (`createtime` BETWEEN 1486224000 AND 1486310400 ) ) AND ( `uid` = 200326 ) LIMIT 1   [ RunTime:0.000218s ]
SQL: SELECT COUNT(*) AS tp_count FROM `tc_jubao` WHERE (  (`createtime` BETWEEN 1486310400 AND 1486396800 ) ) AND ( `uid` = 200326 ) LIMIT 1   [ RunTime:0.000211s ]
SQL: SELECT COUNT(*) AS tp_count FROM `tc_jubao` WHERE (  (`createtime` BETWEEN 1486396800 AND 1486483200 ) ) AND ( `uid` = 200326 ) LIMIT 1   [ RunTime:0.000292s ]
SQL: SELECT COUNT(*) AS tp_count FROM `tc_jubao` WHERE (  (`createtime` BETWEEN 1486483200 AND 1486569600 ) ) AND ( `uid` = 200326 ) LIMIT 1   [ RunTime:0.000274s ]
SQL: SELECT COUNT(*) AS tp_count FROM `tc_jubao` WHERE (  (`createtime` BETWEEN 1486569600 AND 1486656000 ) ) AND ( `uid` = 200326 ) LIMIT 1   [ RunTime:0.000443s ]
SQL: SELECT COUNT(*) AS tp_count FROM `tc_jubao` WHERE (  (`createtime` BETWEEN 1486656000 AND 1486742400 ) ) AND ( `uid` = 200326 ) LIMIT 1   [ RunTime:0.000295s ]
SQL: SELECT COUNT(*) AS tp_count FROM `tc_jubao` WHERE (  (`createtime` BETWEEN 1486742400 AND 1486828800 ) ) AND ( `uid` = 200326 ) LIMIT 1   [ RunTime:0.000289s ]
SQL: SELECT COUNT(*) AS tp_count FROM `tc_jubao` WHERE (  (`createtime` BETWEEN 1486828800 AND 1486915200 ) ) AND ( `uid` = 200326 ) LIMIT 1   [ RunTime:0.000309s ]
SQL: SELECT COUNT(*) AS tp_count FROM `tc_jubao` WHERE (  (`createtime` BETWEEN 1486915200 AND 1487001600 ) ) AND ( `uid` = 200326 ) LIMIT 1   [ RunTime:0.000239s ]
SQL: SELECT COUNT(*) AS tp_count FROM `tc_jubao` WHERE (  (`createtime` BETWEEN 1487001600 AND 1487088000 ) ) AND ( `uid` = 200326 ) LIMIT 1   [ RunTime:0.000218s ]
SQL: SELECT COUNT(*) AS tp_count FROM `tc_jubao` WHERE (  (`createtime` BETWEEN 1487088000 AND 1487174400 ) ) AND ( `uid` = 200326 ) LIMIT 1   [ RunTime:0.000214s ]
SQL: SELECT COUNT(*) AS tp_count FROM `tc_jubao` WHERE (  (`createtime` BETWEEN 1487174400 AND 1487260800 ) ) AND ( `uid` = 200326 ) LIMIT 1   [ RunTime:0.000209s ]
SQL: SELECT COUNT(*) AS tp_count FROM `tc_jubao` WHERE (  (`createtime` BETWEEN 1487260800 AND 1487347200 ) ) AND ( `uid` = 200326 ) LIMIT 1   [ RunTime:0.000229s ]
SQL: SELECT COUNT(*) AS tp_count FROM `tc_jubao` WHERE (  (`createtime` BETWEEN 1487347200 AND 1487433600 ) ) AND ( `uid` = 200326 ) LIMIT 1   [ RunTime:0.000207s ]
SQL: SELECT COUNT(*) AS tp_count FROM `tc_jubao` WHERE (  (`createtime` BETWEEN 1487433600 AND 1487520000 ) ) AND ( `uid` = 200326 ) LIMIT 1   [ RunTime:0.000232s ]
SQL: SELECT COUNT(*) AS tp_count FROM `tc_jubao` WHERE (  (`createtime` BETWEEN 1487520000 AND 1487606400 ) ) AND ( `uid` = 200326 ) LIMIT 1   [ RunTime:0.000212s ]
SQL: SELECT COUNT(*) AS tp_count FROM `tc_jubao` WHERE (  (`createtime` BETWEEN 1487606400 AND 1487692800 ) ) AND ( `uid` = 200326 ) LIMIT 1   [ RunTime:0.000374s ]
SQL: SELECT COUNT(*) AS tp_count FROM `tc_jubao` WHERE (  (`createtime` BETWEEN 1487692800 AND 1487779200 ) ) AND ( `uid` = 200326 ) LIMIT 1   [ RunTime:0.000554s ]
SQL: SELECT COUNT(*) AS tp_count FROM `tc_jubao` WHERE (  (`createtime` BETWEEN 1487779200 AND 1487865600 ) ) AND ( `uid` = 200326 ) LIMIT 1   [ RunTime:0.000340s ]
SQL: SELECT COUNT(*) AS tp_count FROM `tc_jubao` WHERE (  (`createtime` BETWEEN 1487865600 AND 1487952000 ) ) AND ( `uid` = 200326 ) LIMIT 1   [ RunTime:0.000234s ]
SQL: SELECT COUNT(*) AS tp_count FROM `tc_jubao` WHERE (  (`createtime` BETWEEN 1487952000 AND 1488038400 ) ) AND ( `uid` = 200326 ) LIMIT 1   [ RunTime:0.000276s ]
SQL: SELECT COUNT(*) AS tp_count FROM `tc_jubao` WHERE (  (`createtime` BETWEEN 1488038400 AND 1488124800 ) ) AND ( `uid` = 200326 ) LIMIT 1   [ RunTime:0.000352s ]
SQL: SELECT COUNT(*) AS tp_count FROM `tc_jubao` WHERE (  (`createtime` BETWEEN 1488124800 AND 1488211200 ) ) AND ( `uid` = 200326 ) LIMIT 1   [ RunTime:0.000244s ]
SQL: SELECT COUNT(*) AS tp_count FROM `tc_jubao` WHERE (  (`createtime` BETWEEN 1488211200 AND 1488297600 ) ) AND ( `uid` = 200326 ) LIMIT 1   [ RunTime:0.000217s ]
SQL: SELECT COUNT(*) AS tp_count FROM `tc_jubao` WHERE (  (`createtime` BETWEEN 1488297600 AND 1488384000 ) ) AND ( `uid` = 200326 ) LIMIT 1   [ RunTime:0.000245s ]
SQL: SELECT COUNT(*) AS tp_count FROM `tc_jubao` WHERE (  (`createtime` BETWEEN 1488384000 AND 1488470400 ) ) AND ( `uid` = 200326 ) LIMIT 1   [ RunTime:0.000209s ]
SQL: SELECT COUNT(*) AS tp_count FROM `tc_jubao` WHERE (  (`createtime` BETWEEN 1488470400 AND 1488556800 ) ) AND ( `uid` = 200326 ) LIMIT 1   [ RunTime:0.000215s ]
SQL: SELECT COUNT(*) AS tp_count FROM `tc_jubao` WHERE (  (`createtime` BETWEEN 1488556800 AND 1488643200 ) ) AND ( `uid` = 200326 ) LIMIT 1   [ RunTime:0.000273s ]
SQL: SELECT COUNT(*) AS tp_count FROM `tc_jubao` WHERE (  (`createtime` BETWEEN 1488643200 AND 1488729600 ) ) AND ( `uid` = 200326 ) LIMIT 1   [ RunTime:0.000253s ]
SQL: SELECT COUNT(*) AS tp_count FROM `tc_jubao` WHERE (  (`createtime` BETWEEN 1488729600 AND 1488816000 ) ) AND ( `uid` = 200326 ) LIMIT 1   [ RunTime:0.000246s ]
SQL: SELECT COUNT(*) AS tp_count FROM `tc_jubao` WHERE (  (`createtime` BETWEEN 1488816000 AND 1488902400 ) ) AND ( `uid` = 200326 ) LIMIT 1   [ RunTime:0.000226s ]
SQL: SELECT COUNT(*) AS tp_count FROM `tc_jubao` WHERE (  (`createtime` BETWEEN 1488902400 AND 1488988800 ) ) AND ( `uid` = 200326 ) LIMIT 1   [ RunTime:0.000281s ]
SQL: SELECT COUNT(*) AS tp_count FROM `tc_jubao` WHERE (  (`createtime` BETWEEN 1488988800 AND 1489075200 ) ) AND ( `uid` = 200326 ) LIMIT 1   [ RunTime:0.000375s ]
SQL: SELECT COUNT(*) AS tp_count FROM `tc_jubao` WHERE (  (`createtime` BETWEEN 1489075200 AND 1489161600 ) ) AND ( `uid` = 200326 ) LIMIT 1   [ RunTime:0.000274s ]
SQL: SELECT COUNT(*) AS tp_count FROM `tc_jubao` WHERE (  (`createtime` BETWEEN 1489161600 AND 1489248000 ) ) AND ( `uid` = 200326 ) LIMIT 1   [ RunTime:0.000210s ]
SQL: SELECT COUNT(*) AS tp_count FROM `tc_jubao` WHERE (  (`createtime` BETWEEN 1489248000 AND 1489334400 ) ) AND ( `uid` = 200326 ) LIMIT 1   [ RunTime:0.000217s ]
SQL: SELECT COUNT(*) AS tp_count FROM `tc_jubao` WHERE (  (`createtime` BETWEEN 1489334400 AND 1489420800 ) ) AND ( `uid` = 200326 ) LIMIT 1   [ RunTime:0.000212s ]
SQL: SELECT COUNT(*) AS tp_count FROM `tc_jubao` WHERE (  (`createtime` BETWEEN 1489420800 AND 1489507200 ) ) AND ( `uid` = 200326 ) LIMIT 1   [ RunTime:0.000244s ]
SQL: SELECT COUNT(*) AS tp_count FROM `tc_jubao` WHERE (  (`createtime` BETWEEN 1489507200 AND 1489593600 ) ) AND ( `uid` = 200326 ) LIMIT 1   [ RunTime:0.000254s ]
SQL: SELECT COUNT(*) AS tp_count FROM `tc_jubao` WHERE (  (`createtime` BETWEEN 1489593600 AND 1489680000 ) ) AND ( `uid` = 200326 ) LIMIT 1   [ RunTime:0.000298s ]
SQL: SELECT COUNT(*) AS tp_count FROM `tc_jubao` WHERE (  (`createtime` BETWEEN 1489680000 AND 1489766400 ) ) AND ( `uid` = 200326 ) LIMIT 1   [ RunTime:0.000267s ]
SQL: SELECT COUNT(*) AS tp_count FROM `tc_jubao` WHERE (  (`createtime` BETWEEN 1489766400 AND 1489852800 ) ) AND ( `uid` = 200326 ) LIMIT 1   [ RunTime:0.000259s ]
SQL: SELECT COUNT(*) AS tp_count FROM `tc_jubao` WHERE (  (`createtime` BETWEEN 1489852800 AND 1489939200 ) ) AND ( `uid` = 200326 ) LIMIT 1   [ RunTime:0.000230s ]
SQL: SELECT COUNT(*) AS tp_count FROM `tc_jubao` WHERE (  (`createtime` BETWEEN 1489939200 AND 1490025600 ) ) AND ( `uid` = 200326 ) LIMIT 1   [ RunTime:0.000233s ]
SQL: SELECT COUNT(*) AS tp_count FROM `tc_jubao` WHERE (  (`createtime` BETWEEN 1490025600 AND 1490112000 ) ) AND ( `uid` = 200326 ) LIMIT 1   [ RunTime:0.000219s ]
SQL: SELECT COUNT(*) AS tp_count FROM `tc_jubao` WHERE (  (`createtime` BETWEEN 1490112000 AND 1490198400 ) ) AND ( `uid` = 200326 ) LIMIT 1   [ RunTime:0.000220s ]
SQL: SELECT COUNT(*) AS tp_count FROM `tc_jubao` WHERE (  (`createtime` BETWEEN 1490198400 AND 1490284800 ) ) AND ( `uid` = 200326 ) LIMIT 1   [ RunTime:0.000213s ]
SQL: SELECT COUNT(*) AS tp_count FROM `tc_jubao` WHERE (  (`createtime` BETWEEN 1490284800 AND 1490371200 ) ) AND ( `uid` = 200326 ) LIMIT 1   [ RunTime:0.000220s ]
SQL: SELECT COUNT(*) AS tp_count FROM `tc_jubao` WHERE (  (`createtime` BETWEEN 1490371200 AND 1490457600 ) ) AND ( `uid` = 200326 ) LIMIT 1   [ RunTime:0.000215s ]
SQL: SELECT COUNT(*) AS tp_count FROM `tc_jubao` WHERE (  (`createtime` BETWEEN 1490457600 AND 1490544000 ) ) AND ( `uid` = 200326 ) LIMIT 1   [ RunTime:0.000222s ]
SQL: SELECT COUNT(*) AS tp_count FROM `tc_jubao` WHERE (  (`createtime` BETWEEN 1490544000 AND 1490630400 ) ) AND ( `uid` = 200326 ) LIMIT 1   [ RunTime:0.000327s ]
SQL: SELECT COUNT(*) AS tp_count FROM `tc_jubao` WHERE (  (`createtime` BETWEEN 1490630400 AND 1490716800 ) ) AND ( `uid` = 200326 ) LIMIT 1   [ RunTime:0.000461s ]
SQL: SELECT COUNT(*) AS tp_count FROM `tc_jubao` WHERE (  (`createtime` BETWEEN 1490716800 AND 1490803200 ) ) AND ( `uid` = 200326 ) LIMIT 1   [ RunTime:0.000534s ]
SQL: SELECT COUNT(*) AS tp_count FROM `tc_jubao` WHERE (  (`createtime` BETWEEN 1490803200 AND 1490889600 ) ) AND ( `uid` = 200326 ) LIMIT 1   [ RunTime:0.000330s ]
SQL: SELECT COUNT(*) AS tp_count FROM `tc_jubao` WHERE (  (`createtime` BETWEEN 1490889600 AND 1490976000 ) ) AND ( `uid` = 200326 ) LIMIT 1   [ RunTime:0.000237s ]
SQL: SELECT COUNT(*) AS tp_count FROM `tc_jubao` WHERE (  (`createtime` BETWEEN 1490976000 AND 1491062400 ) ) AND ( `uid` = 200326 ) LIMIT 1   [ RunTime:0.000237s ]
SQL: SELECT COUNT(*) AS tp_count FROM `tc_jubao` WHERE (  (`createtime` BETWEEN 1491062400 AND 1491148800 ) ) AND ( `uid` = 200326 ) LIMIT 1   [ RunTime:0.000227s ]
SQL: SELECT COUNT(*) AS tp_count FROM `tc_jubao` WHERE (  (`createtime` BETWEEN 1491148800 AND 1491235200 ) ) AND ( `uid` = 200326 ) LIMIT 1   [ RunTime:0.000213s ]
SQL: SELECT COUNT(*) AS tp_count FROM `tc_jubao` WHERE (  (`createtime` BETWEEN 1491235200 AND 1491321600 ) ) AND ( `uid` = 200326 ) LIMIT 1   [ RunTime:0.000274s ]
SQL: SELECT COUNT(*) AS tp_count FROM `tc_jubao` WHERE (  (`createtime` BETWEEN 1491321600 AND 1491408000 ) ) AND ( `uid` = 200326 ) LIMIT 1   [ RunTime:0.000355s ]
SQL: SELECT COUNT(*) AS tp_count FROM `tc_jubao` WHERE (  (`createtime` BETWEEN 1491408000 AND 1491494400 ) ) AND ( `uid` = 200326 ) LIMIT 1   [ RunTime:0.000287s ]
SQL: SELECT COUNT(*) AS tp_count FROM `tc_jubao` WHERE (  (`createtime` BETWEEN 1491494400 AND 1491580800 ) ) AND ( `uid` = 200326 ) LIMIT 1   [ RunTime:0.000360s ]
SQL: SELECT COUNT(*) AS tp_count FROM `tc_jubao` WHERE (  (`createtime` BETWEEN 1491580800 AND 1491667200 ) ) AND ( `uid` = 200326 ) LIMIT 1   [ RunTime:0.000412s ]
SQL: SELECT COUNT(*) AS tp_count FROM `tc_jubao` WHERE (  (`createtime` BETWEEN 1491667200 AND 1491753600 ) ) AND ( `uid` = 200326 ) LIMIT 1   [ RunTime:0.000274s ]
SQL: SELECT COUNT(*) AS tp_count FROM `tc_jubao` WHERE (  (`createtime` BETWEEN 1491753600 AND 1491840000 ) ) AND ( `uid` = 200326 ) LIMIT 1   [ RunTime:0.000232s ]
SQL: SELECT COUNT(*) AS tp_count FROM `tc_jubao` WHERE (  (`createtime` BETWEEN 1491840000 AND 1491926400 ) ) AND ( `uid` = 200326 ) LIMIT 1   [ RunTime:0.000227s ]
SQL: SELECT COUNT(*) AS tp_count FROM `tc_jubao` WHERE (  (`createtime` BETWEEN 1491926400 AND 1492012800 ) ) AND ( `uid` = 200326 ) LIMIT 1   [ RunTime:0.000205s ]
SQL: SELECT COUNT(*) AS tp_count FROM `tc_jubao` WHERE (  (`createtime` BETWEEN 1492012800 AND 1492099200 ) ) AND ( `uid` = 200326 ) LIMIT 1   [ RunTime:0.000316s ]
SQL: SELECT COUNT(*) AS tp_count FROM `tc_jubao` WHERE (  (`createtime` BETWEEN 1492099200 AND 1492185600 ) ) AND ( `uid` = 200326 ) LIMIT 1   [ RunTime:0.000289s ]
SQL: SELECT COUNT(*) AS tp_count FROM `tc_jubao` WHERE (  (`createtime` BETWEEN 1492185600 AND 1492272000 ) ) AND ( `uid` = 200326 ) LIMIT 1   [ RunTime:0.000227s ]
SQL: SELECT COUNT(*) AS tp_count FROM `tc_jubao` WHERE (  (`createtime` BETWEEN 1492272000 AND 1492358400 ) ) AND ( `uid` = 200326 ) LIMIT 1   [ RunTime:0.000215s ]
SQL: SELECT COUNT(*) AS tp_count FROM `tc_jubao` WHERE (  (`createtime` BETWEEN 1492358400 AND 1492444800 ) ) AND ( `uid` = 200326 ) LIMIT 1   [ RunTime:0.000203s ]
SQL: SELECT COUNT(*) AS tp_count FROM `tc_jubao` WHERE (  (`createtime` BETWEEN 1492444800 AND 1492531200 ) ) AND ( `uid` = 200326 ) LIMIT 1   [ RunTime:0.000207s ]
SQL: SELECT COUNT(*) AS tp_count FROM `tc_jubao` WHERE (  (`createtime` BETWEEN 1492531200 AND 1492617600 ) ) AND ( `uid` = 200326 ) LIMIT 1   [ RunTime:0.000237s ]
SQL: SELECT COUNT(*) AS tp_count FROM `tc_jubao` WHERE (  (`createtime` BETWEEN 1492617600 AND 1492704000 ) ) AND ( `uid` = 200326 ) LIMIT 1   [ RunTime:0.000325s ]
SQL: SELECT COUNT(*) AS tp_count FROM `tc_jubao` WHERE (  (`createtime` BETWEEN 1492704000 AND 1492790400 ) ) AND ( `uid` = 200326 ) LIMIT 1   [ RunTime:0.000284s ]
SQL: SELECT COUNT(*) AS tp_count FROM `tc_jubao` WHERE (  (`createtime` BETWEEN 1492790400 AND 1492876800 ) ) AND ( `uid` = 200326 ) LIMIT 1   [ RunTime:0.000228s ]
SQL: SELECT COUNT(*) AS tp_count FROM `tc_jubao` WHERE (  (`createtime` BETWEEN 1492876800 AND 1492963200 ) ) AND ( `uid` = 200326 ) LIMIT 1   [ RunTime:0.000227s ]
SQL: SELECT COUNT(*) AS tp_count FROM `tc_jubao` WHERE (  (`createtime` BETWEEN 1492963200 AND 1493049600 ) ) AND ( `uid` = 200326 ) LIMIT 1   [ RunTime:0.000233s ]
SQL: SELECT COUNT(*) AS tp_count FROM `tc_jubao` WHERE (  (`createtime` BETWEEN 1493049600 AND 1493136000 ) ) AND ( `uid` = 200326 ) LIMIT 1   [ RunTime:0.000216s ]
SQL: SELECT COUNT(*) AS tp_count FROM `tc_jubao` WHERE (  (`createtime` BETWEEN 1493136000 AND 1493222400 ) ) AND ( `uid` = 200326 ) LIMIT 1   [ RunTime:0.000226s ]
SQL: SELECT COUNT(*) AS tp_count FROM `tc_jubao` WHERE (  (`createtime` BETWEEN 1493222400 AND 1493308800 ) ) AND ( `uid` = 200326 ) LIMIT 1   [ RunTime:0.000229s ]
SQL: SELECT COUNT(*) AS tp_count FROM `tc_jubao` WHERE (  (`createtime` BETWEEN 1493308800 AND 1493395200 ) ) AND ( `uid` = 200326 ) LIMIT 1   [ RunTime:0.000229s ]
SQL: SELECT COUNT(*) AS tp_count FROM `tc_jubao` WHERE (  (`createtime` BETWEEN 1493395200 AND 1493481600 ) ) AND ( `uid` = 200326 ) LIMIT 1   [ RunTime:0.000225s ]
SQL: SELECT COUNT(*) AS tp_count FROM `tc_jubao` WHERE (  (`createtime` BETWEEN 1493481600 AND 1493568000 ) ) AND ( `uid` = 200326 ) LIMIT 1   [ RunTime:0.000220s ]
SQL: SELECT COUNT(*) AS tp_count FROM `tc_jubao` WHERE (  (`createtime` BETWEEN 1493568000 AND 1493654400 ) ) AND ( `uid` = 200326 ) LIMIT 1   [ RunTime:0.000217s ]
SQL: SELECT COUNT(*) AS tp_count FROM `tc_jubao` WHERE (  (`createtime` BETWEEN 1493654400 AND 1493740800 ) ) AND ( `uid` = 200326 ) LIMIT 1   [ RunTime:0.000265s ]
SQL: SELECT COUNT(*) AS tp_count FROM `tc_jubao` WHERE (  (`createtime` BETWEEN 1493740800 AND 1493827200 ) ) AND ( `uid` = 200326 ) LIMIT 1   [ RunTime:0.000603s ]
SQL: SELECT COUNT(*) AS tp_count FROM `tc_jubao` WHERE (  (`createtime` BETWEEN 1493827200 AND 1493913600 ) ) AND ( `uid` = 200326 ) LIMIT 1   [ RunTime:0.000423s ]
SQL: SELECT COUNT(*) AS tp_count FROM `tc_jubao` WHERE (  (`createtime` BETWEEN 1493913600 AND 1494000000 ) ) AND ( `uid` = 200326 ) LIMIT 1   [ RunTime:0.000392s ]
SQL: SELECT COUNT(*) AS tp_count FROM `tc_jubao` WHERE (  (`createtime` BETWEEN 1494000000 AND 1494086400 ) ) AND ( `uid` = 200326 ) LIMIT 1   [ RunTime:0.000266s ]
SQL: SELECT COUNT(*) AS tp_count FROM `tc_jubao` WHERE (  (`createtime` BETWEEN 1494086400 AND 1494172800 ) ) AND ( `uid` = 200326 ) LIMIT 1   [ RunTime:0.000221s ]
SQL: SELECT COUNT(*) AS tp_count FROM `tc_jubao` WHERE (  (`createtime` BETWEEN 1494172800 AND 1494259200 ) ) AND ( `uid` = 200326 ) LIMIT 1   [ RunTime:0.000214s ]
SQL: SELECT COUNT(*) AS tp_count FROM `tc_jubao` WHERE (  (`createtime` BETWEEN 1494259200 AND 1494345600 ) ) AND ( `uid` = 200326 ) LIMIT 1   [ RunTime:0.000211s ]
SQL: SELECT COUNT(*) AS tp_count FROM `tc_jubao` WHERE (  (`createtime` BETWEEN 1494345600 AND 1494432000 ) ) AND ( `uid` = 200326 ) LIMIT 1   [ RunTime:0.000221s ]
SQL: SELECT COUNT(*) AS tp_count FROM `tc_jubao` WHERE (  (`createtime` BETWEEN 1494432000 AND 1494518400 ) ) AND ( `uid` = 200326 ) LIMIT 1   [ RunTime:0.000324s ]
SQL: SELECT COUNT(*) AS tp_count FROM `tc_jubao` WHERE (  (`createtime` BETWEEN 1494518400 AND 1494604800 ) ) AND ( `uid` = 200326 ) LIMIT 1   [ RunTime:0.000318s ]
SQL: SELECT COUNT(*) AS tp_count FROM `tc_jubao` WHERE (  (`createtime` BETWEEN 1494604800 AND 1494691200 ) ) AND ( `uid` = 200326 ) LIMIT 1   [ RunTime:0.000248s ]
SQL: SELECT COUNT(*) AS tp_count FROM `tc_jubao` WHERE (  (`createtime` BETWEEN 1494691200 AND 1494777600 ) ) AND ( `uid` = 200326 ) LIMIT 1   [ RunTime:0.000245s ]
SQL: SELECT COUNT(*) AS tp_count FROM `tc_jubao` WHERE (  (`createtime` BETWEEN 1494777600 AND 1494864000 ) ) AND ( `uid` = 200326 ) LIMIT 1   [ RunTime:0.000231s ]
SQL: SELECT COUNT(*) AS tp_count FROM `tc_jubao` WHERE (  (`createtime` BETWEEN 1494864000 AND 1494950400 ) ) AND ( `uid` = 200326 ) LIMIT 1   [ RunTime:0.000237s ]
SQL: SELECT COUNT(*) AS tp_count FROM `tc_jubao` WHERE (  (`createtime` BETWEEN 1494950400 AND 1495036800 ) ) AND ( `uid` = 200326 ) LIMIT 1   [ RunTime:0.000220s ]
SQL: SELECT COUNT(*) AS tp_count FROM `tc_jubao` WHERE (  (`createtime` BETWEEN 1495036800 AND 1495123200 ) ) AND ( `uid` = 200326 ) LIMIT 1   [ RunTime:0.000223s ]
SQL: SELECT COUNT(*) AS tp_count FROM `tc_jubao` WHERE (  (`createtime` BETWEEN 1495123200 AND 1495209600 ) ) AND ( `uid` = 200326 ) LIMIT 1   [ RunTime:0.000213s ]
SQL: SELECT COUNT(*) AS tp_count FROM `tc_jubao` WHERE (  (`createtime` BETWEEN 1495209600 AND 1495296000 ) ) AND ( `uid` = 200326 ) LIMIT 1   [ RunTime:0.000233s ]
SQL: SELECT COUNT(*) AS tp_count FROM `tc_jubao` WHERE (  (`createtime` BETWEEN 1495296000 AND 1495382400 ) ) AND ( `uid` = 200326 ) LIMIT 1   [ RunTime:0.000252s ]
SQL: SELECT COUNT(*) AS tp_count FROM `tc_jubao` WHERE (  (`createtime` BETWEEN 1495382400 AND 1495468800 ) ) AND ( `uid` = 200326 ) LIMIT 1   [ RunTime:0.000240s ]
SQL: SELECT COUNT(*) AS tp_count FROM `tc_jubao` WHERE (  (`createtime` BETWEEN 1495468800 AND 1495555200 ) ) AND ( `uid` = 200326 ) LIMIT 1   [ RunTime:0.000250s ]
SQL: SELECT COUNT(*) AS tp_count FROM `tc_jubao` WHERE (  (`createtime` BETWEEN 1495555200 AND 1495641600 ) ) AND ( `uid` = 200326 ) LIMIT 1   [ RunTime:0.000240s ]
SQL: SELECT COUNT(*) AS tp_count FROM `tc_jubao` WHERE (  (`createtime` BETWEEN 1495641600 AND 1495728000 ) ) AND ( `uid` = 200326 ) LIMIT 1   [ RunTime:0.000474s ]
SQL: SELECT COUNT(*) AS tp_count FROM `tc_jubao` WHERE (  (`createtime` BETWEEN 1495728000 AND 1495814400 ) ) AND ( `uid` = 200326 ) LIMIT 1   [ RunTime:0.000305s ]
SQL: SELECT COUNT(*) AS tp_count FROM `tc_jubao` WHERE (  (`createtime` BETWEEN 1495814400 AND 1495900800 ) ) AND ( `uid` = 200326 ) LIMIT 1   [ RunTime:0.000229s ]
SQL: SELECT COUNT(*) AS tp_count FROM `tc_jubao` WHERE (  (`createtime` BETWEEN 1495900800 AND 1495987200 ) ) AND ( `uid` = 200326 ) LIMIT 1   [ RunTime:0.000223s ]
SQL: SELECT COUNT(*) AS tp_count FROM `tc_jubao` WHERE (  (`createtime` BETWEEN 1495987200 AND 1496073600 ) ) AND ( `uid` = 200326 ) LIMIT 1   [ RunTime:0.000253s ]
SQL: SELECT COUNT(*) AS tp_count FROM `tc_jubao` WHERE (  (`createtime` BETWEEN 1496073600 AND 1496160000 ) ) AND ( `uid` = 200326 ) LIMIT 1   [ RunTime:0.000342s ]
SQL: SELECT COUNT(*) AS tp_count FROM `tc_jubao` WHERE (  (`createtime` BETWEEN 1496160000 AND 1496246400 ) ) AND ( `uid` = 200326 ) LIMIT 1   [ RunTime:0.000275s ]
SQL: SELECT COUNT(*) AS tp_count FROM `tc_jubao` WHERE (  (`createtime` BETWEEN 1496246400 AND 1496332800 ) ) AND ( `uid` = 200326 ) LIMIT 1   [ RunTime:0.000230s ]
SQL: SELECT COUNT(*) AS tp_count FROM `tc_jubao` WHERE (  (`createtime` BETWEEN 1496332800 AND 1496419200 ) ) AND ( `uid` = 200326 ) LIMIT 1   [ RunTime:0.000240s ]
SQL: SELECT COUNT(*) AS tp_count FROM `tc_jubao` WHERE (  (`createtime` BETWEEN 1496419200 AND 1496505600 ) ) AND ( `uid` = 200326 ) LIMIT 1   [ RunTime:0.000273s ]
SQL: SELECT COUNT(*) AS tp_count FROM `tc_jubao` WHERE (  (`createtime` BETWEEN 1496505600 AND 1496592000 ) ) AND ( `uid` = 200326 ) LIMIT 1   [ RunTime:0.000229s ]
SQL: SELECT COUNT(*) AS tp_count FROM `tc_jubao` WHERE (  (`createtime` BETWEEN 1496592000 AND 1496678400 ) ) AND ( `uid` = 200326 ) LIMIT 1   [ RunTime:0.000285s ]
SQL: SELECT COUNT(*) AS tp_count FROM `tc_jubao` WHERE (  (`createtime` BETWEEN 1496678400 AND 1496764800 ) ) AND ( `uid` = 200326 ) LIMIT 1   [ RunTime:0.000432s ]
SQL: SELECT COUNT(*) AS tp_count FROM `tc_jubao` WHERE (  (`createtime` BETWEEN 1496764800 AND 1496851200 ) ) AND ( `uid` = 200326 ) LIMIT 1   [ RunTime:0.000406s ]
SQL: SELECT COUNT(*) AS tp_count FROM `tc_jubao` WHERE (  (`createtime` BETWEEN 1496851200 AND 1496937600 ) ) AND ( `uid` = 200326 ) LIMIT 1   [ RunTime:0.000349s ]
SQL: SELECT COUNT(*) AS tp_count FROM `tc_jubao` WHERE (  (`createtime` BETWEEN 1496937600 AND 1497024000 ) ) AND ( `uid` = 200326 ) LIMIT 1   [ RunTime:0.000238s ]
SQL: SELECT COUNT(*) AS tp_count FROM `tc_jubao` WHERE (  (`createtime` BETWEEN 1497024000 AND 1497110400 ) ) AND ( `uid` = 200326 ) LIMIT 1   [ RunTime:0.000237s ]
SQL: SELECT COUNT(*) AS tp_count FROM `tc_jubao` WHERE (  (`createtime` BETWEEN 1497110400 AND 1497196800 ) ) AND ( `uid` = 200326 ) LIMIT 1   [ RunTime:0.000230s ]
SQL: SELECT COUNT(*) AS tp_count FROM `tc_jubao` WHERE (  (`createtime` BETWEEN 1497196800 AND 1497283200 ) ) AND ( `uid` = 200326 ) LIMIT 1   [ RunTime:0.000221s ]
SQL: SELECT COUNT(*) AS tp_count FROM `tc_jubao` WHERE (  (`createtime` BETWEEN 1497283200 AND 1497369600 ) ) AND ( `uid` = 200326 ) LIMIT 1   [ RunTime:0.000316s ]
SQL: SELECT COUNT(*) AS tp_count FROM `tc_jubao` WHERE (  (`createtime` BETWEEN 1497369600 AND 1497456000 ) ) AND ( `uid` = 200326 ) LIMIT 1   [ RunTime:0.000275s ]
SQL: SELECT COUNT(*) AS tp_count FROM `tc_jubao` WHERE (  (`createtime` BETWEEN 1497456000 AND 1497542400 ) ) AND ( `uid` = 200326 ) LIMIT 1   [ RunTime:0.000240s ]
SQL: SELECT COUNT(*) AS tp_count FROM `tc_jubao` WHERE (  (`createtime` BETWEEN 1497542400 AND 1497628800 ) ) AND ( `uid` = 200326 ) LIMIT 1   [ RunTime:0.000431s ]
SQL: SELECT COUNT(*) AS tp_count FROM `tc_jubao` WHERE (  (`createtime` BETWEEN 1497628800 AND 1497715200 ) ) AND ( `uid` = 200326 ) LIMIT 1   [ RunTime:0.000383s ]
SQL: SELECT COUNT(*) AS tp_count FROM `tc_jubao` WHERE (  (`createtime` BETWEEN 1497715200 AND 1497801600 ) ) AND ( `uid` = 200326 ) LIMIT 1   [ RunTime:0.000248s ]
SQL: SELECT COUNT(*) AS tp_count FROM `tc_jubao` WHERE (  (`createtime` BETWEEN 1497801600 AND 1497888000 ) ) AND ( `uid` = 200326 ) LIMIT 1   [ RunTime:0.000222s ]
SQL: SELECT COUNT(*) AS tp_count FROM `tc_jubao` WHERE (  (`createtime` BETWEEN 1497888000 AND 1497974400 ) ) AND ( `uid` = 200326 ) LIMIT 1   [ RunTime:0.000205s ]
SQL: SELECT COUNT(*) AS tp_count FROM `tc_jubao` WHERE (  (`createtime` BETWEEN 1497974400 AND 1498060800 ) ) AND ( `uid` = 200326 ) LIMIT 1   [ RunTime:0.000214s ]
SQL: SELECT COUNT(*) AS tp_count FROM `tc_jubao` WHERE (  (`createtime` BETWEEN 1498060800 AND 1498147200 ) ) AND ( `uid` = 200326 ) LIMIT 1   [ RunTime:0.000247s ]
SQL: SELECT COUNT(*) AS tp_count FROM `tc_jubao` WHERE (  (`createtime` BETWEEN 1498147200 AND 1498233600 ) ) AND ( `uid` = 200326 ) LIMIT 1   [ RunTime:0.000225s ]
SQL: SELECT COUNT(*) AS tp_count FROM `tc_jubao` WHERE (  (`createtime` BETWEEN 1498233600 AND 1498320000 ) ) AND ( `uid` = 200326 ) LIMIT 1   [ RunTime:0.000220s ]
SQL: SELECT COUNT(*) AS tp_count FROM `tc_jubao` WHERE (  (`createtime` BETWEEN 1498320000 AND 1498406400 ) ) AND ( `uid` = 200326 ) LIMIT 1   [ RunTime:0.000236s ]
SQL: SELECT COUNT(*) AS tp_count FROM `tc_jubao` WHERE (  (`createtime` BETWEEN 1498406400 AND 1498492800 ) ) AND ( `uid` = 200326 ) LIMIT 1   [ RunTime:0.000336s ]
SQL: SELECT COUNT(*) AS tp_count FROM `tc_jubao` WHERE (  (`createtime` BETWEEN 1498492800 AND 1498579200 ) ) AND ( `uid` = 200326 ) LIMIT 1   [ RunTime:0.000333s ]
SQL: SELECT COUNT(*) AS tp_count FROM `tc_jubao` WHERE (  (`createtime` BETWEEN 1498579200 AND 1498665600 ) ) AND ( `uid` = 200326 ) LIMIT 1   [ RunTime:0.000263s ]
SQL: SELECT COUNT(*) AS tp_count FROM `tc_jubao` WHERE (  (`createtime` BETWEEN 1498665600 AND 1498752000 ) ) AND ( `uid` = 200326 ) LIMIT 1   [ RunTime:0.000258s ]
SQL: SELECT COUNT(*) AS tp_count FROM `tc_jubao` WHERE (  (`createtime` BETWEEN 1498752000 AND 1498838400 ) ) AND ( `uid` = 200326 ) LIMIT 1   [ RunTime:0.000226s ]
SQL: SELECT COUNT(*) AS tp_count FROM `tc_jubao` WHERE (  (`createtime` BETWEEN 1498838400 AND 1498924800 ) ) AND ( `uid` = 200326 ) LIMIT 1   [ RunTime:0.000314s ]
SQL: SELECT COUNT(*) AS tp_count FROM `tc_jubao` WHERE (  (`createtime` BETWEEN 1498924800 AND 1499011200 ) ) AND ( `uid` = 200326 ) LIMIT 1   [ RunTime:0.000350s ]
SQL: SELECT COUNT(*) AS tp_count FROM `tc_jubao` WHERE (  (`createtime` BETWEEN 1499011200 AND 1499097600 ) ) AND ( `uid` = 200326 ) LIMIT 1   [ RunTime:0.000253s ]
SQL: SELECT COUNT(*) AS tp_count FROM `tc_jubao` WHERE (  (`createtime` BETWEEN 1499097600 AND 1499184000 ) ) AND ( `uid` = 200326 ) LIMIT 1   [ RunTime:0.000249s ]
SQL: SELECT COUNT(*) AS tp_count FROM `tc_jubao` WHERE (  (`createtime` BETWEEN 1499184000 AND 1499270400 ) ) AND ( `uid` = 200326 ) LIMIT 1   [ RunTime:0.000258s ]
SQL: SELECT COUNT(*) AS tp_count FROM `tc_jubao` WHERE (  (`createtime` BETWEEN 1499270400 AND 1499356800 ) ) AND ( `uid` = 200326 ) LIMIT 1   [ RunTime:0.000218s ]
SQL: SELECT COUNT(*) AS tp_count FROM `tc_jubao` WHERE (  (`createtime` BETWEEN 1499356800 AND 1499443200 ) ) AND ( `uid` = 200326 ) LIMIT 1   [ RunTime:0.000224s ]
SQL: SELECT COUNT(*) AS tp_count FROM `tc_jubao` WHERE (  (`createtime` BETWEEN 1499443200 AND 1499529600 ) ) AND ( `uid` = 200326 ) LIMIT 1   [ RunTime:0.000206s ]
SQL: SELECT COUNT(*) AS tp_count FROM `tc_jubao` WHERE (  (`createtime` BETWEEN 1499529600 AND 1499616000 ) ) AND ( `uid` = 200326 ) LIMIT 1   [ RunTime:0.000291s ]
SQL: SELECT COUNT(*) AS tp_count FROM `tc_jubao` WHERE (  (`createtime` BETWEEN 1499616000 AND 1499702400 ) ) AND ( `uid` = 200326 ) LIMIT 1   [ RunTime:0.000737s ]
SQL: SELECT COUNT(*) AS tp_count FROM `tc_jubao` WHERE (  (`createtime` BETWEEN 1499702400 AND 1499788800 ) ) AND ( `uid` = 200326 ) LIMIT 1   [ RunTime:0.000506s ]
SQL: SELECT COUNT(*) AS tp_count FROM `tc_jubao` WHERE (  (`createtime` BETWEEN 1499788800 AND 1499875200 ) ) AND ( `uid` = 200326 ) LIMIT 1   [ RunTime:0.000272s ]
SQL: SELECT COUNT(*) AS tp_count FROM `tc_jubao` WHERE (  (`createtime` BETWEEN 1499875200 AND 1499961600 ) ) AND ( `uid` = 200326 ) LIMIT 1   [ RunTime:0.000282s ]
SQL: SELECT COUNT(*) AS tp_count FROM `tc_jubao` WHERE (  (`createtime` BETWEEN 1499961600 AND 1500048000 ) ) AND ( `uid` = 200326 ) LIMIT 1   [ RunTime:0.000329s ]
SQL: SELECT COUNT(*) AS tp_count FROM `tc_jubao` WHERE (  (`createtime` BETWEEN 1500048000 AND 1500134400 ) ) AND ( `uid` = 200326 ) LIMIT 1   [ RunTime:0.000242s ]
SQL: SELECT COUNT(*) AS tp_count FROM `tc_jubao` WHERE (  (`createtime` BETWEEN 1500134400 AND 1500220800 ) ) AND ( `uid` = 200326 ) LIMIT 1   [ RunTime:0.000229s ]
SQL: SELECT COUNT(*) AS tp_count FROM `tc_jubao` WHERE (  (`createtime` BETWEEN 1500220800 AND 1500307200 ) ) AND ( `uid` = 200326 ) LIMIT 1   [ RunTime:0.000222s ]
SQL: SELECT COUNT(*) AS tp_count FROM `tc_jubao` WHERE (  (`createtime` BETWEEN 1500307200 AND 1500393600 ) ) AND ( `uid` = 200326 ) LIMIT 1   [ RunTime:0.000222s ]
SQL: SELECT COUNT(*) AS tp_count FROM `tc_jubao` WHERE (  (`createtime` BETWEEN 1500393600 AND 1500480000 ) ) AND ( `uid` = 200326 ) LIMIT 1   [ RunTime:0.000248s ]
SQL: SELECT COUNT(*) AS tp_count FROM `tc_jubao` WHERE (  (`createtime` BETWEEN 1500480000 AND 1500566400 ) ) AND ( `uid` = 200326 ) LIMIT 1   [ RunTime:0.000310s ]
SQL: SELECT COUNT(*) AS tp_count FROM `tc_jubao` WHERE (  (`createtime` BETWEEN 1500566400 AND 1500652800 ) ) AND ( `uid` = 200326 ) LIMIT 1   [ RunTime:0.000260s ]
SQL: SELECT COUNT(*) AS tp_count FROM `tc_jubao` WHERE (  (`createtime` BETWEEN 1500652800 AND 1500739200 ) ) AND ( `uid` = 200326 ) LIMIT 1   [ RunTime:0.000299s ]
SQL: SELECT COUNT(*) AS tp_count FROM `tc_jubao` WHERE (  (`createtime` BETWEEN 1500739200 AND 1500825600 ) ) AND ( `uid` = 200326 ) LIMIT 1   [ RunTime:0.000348s ]
SQL: SELECT COUNT(*) AS tp_count FROM `tc_jubao` WHERE (  (`createtime` BETWEEN 1500825600 AND 1500912000 ) ) AND ( `uid` = 200326 ) LIMIT 1   [ RunTime:0.000284s ]
SQL: SELECT COUNT(*) AS tp_count FROM `tc_jubao` WHERE (  (`createtime` BETWEEN 1500912000 AND 1500998400 ) ) AND ( `uid` = 200326 ) LIMIT 1   [ RunTime:0.000237s ]
SQL: SELECT COUNT(*) AS tp_count FROM `tc_jubao` WHERE (  (`createtime` BETWEEN 1500998400 AND 1501084800 ) ) AND ( `uid` = 200326 ) LIMIT 1   [ RunTime:0.000219s ]
SQL: SELECT COUNT(*) AS tp_count FROM `tc_jubao` WHERE (  (`createtime` BETWEEN 1501084800 AND 1501171200 ) ) AND ( `uid` = 200326 ) LIMIT 1   [ RunTime:0.000220s ]
SQL: SELECT COUNT(*) AS tp_count FROM `tc_jubao` WHERE (  (`createtime` BETWEEN 1501171200 AND 1501257600 ) ) AND ( `uid` = 200326 ) LIMIT 1   [ RunTime:0.000218s ]
SQL: SELECT COUNT(*) AS tp_count FROM `tc_jubao` WHERE (  (`createtime` BETWEEN 1501257600 AND 1501344000 ) ) AND ( `uid` = 200326 ) LIMIT 1   [ RunTime:0.000218s ]
SQL: SELECT COUNT(*) AS tp_count FROM `tc_jubao` WHERE (  (`createtime` BETWEEN 1501344000 AND 1501430400 ) ) AND ( `uid` = 200326 ) LIMIT 1   [ RunTime:0.000336s ]
SQL: SELECT COUNT(*) AS tp_count FROM `tc_jubao` WHERE (  (`createtime` BETWEEN 1501430400 AND 1501516800 ) ) AND ( `uid` = 200326 ) LIMIT 1   [ RunTime:0.000338s ]
SQL: SELECT COUNT(*) AS tp_count FROM `tc_jubao` WHERE (  (`createtime` BETWEEN 1501516800 AND 1501603200 ) ) AND ( `uid` = 200326 ) LIMIT 1   [ RunTime:0.000485s ]
SQL: SELECT COUNT(*) AS tp_count FROM `tc_jubao` WHERE (  (`createtime` BETWEEN 1501603200 AND 1501689600 ) ) AND ( `uid` = 200326 ) LIMIT 1   [ RunTime:0.000356s ]
SQL: SELECT COUNT(*) AS tp_count FROM `tc_jubao` WHERE (  (`createtime` BETWEEN 1501689600 AND 1501776000 ) ) AND ( `uid` = 200326 ) LIMIT 1   [ RunTime:0.000223s ]
SQL: SELECT COUNT(*) AS tp_count FROM `tc_jubao` WHERE (  (`createtime` BETWEEN 1501776000 AND 1501862400 ) ) AND ( `uid` = 200326 ) LIMIT 1   [ RunTime:0.000246s ]
SQL: SELECT COUNT(*) AS tp_count FROM `tc_jubao` WHERE (  (`createtime` BETWEEN 1501862400 AND 1501948800 ) ) AND ( `uid` = 200326 ) LIMIT 1   [ RunTime:0.000203s ]
SQL: SELECT COUNT(*) AS tp_count FROM `tc_jubao` WHERE (  (`createtime` BETWEEN 1501948800 AND 1502035200 ) ) AND ( `uid` = 200326 ) LIMIT 1   [ RunTime:0.000230s ]
SQL: SELECT COUNT(*) AS tp_count FROM `tc_jubao` WHERE (  (`createtime` BETWEEN 1502035200 AND 1502121600 ) ) AND ( `uid` = 200326 ) LIMIT 1   [ RunTime:0.000202s ]
SQL: SELECT COUNT(*) AS tp_count FROM `tc_jubao` WHERE (  (`createtime` BETWEEN 1502121600 AND 1502208000 ) ) AND ( `uid` = 200326 ) LIMIT 1   [ RunTime:0.000212s ]
SQL: SELECT COUNT(*) AS tp_count FROM `tc_jubao` WHERE (  (`createtime` BETWEEN 1502208000 AND 1502294400 ) ) AND ( `uid` = 200326 ) LIMIT 1   [ RunTime:0.000199s ]
SQL: SELECT COUNT(*) AS tp_count FROM `tc_jubao` WHERE (  (`createtime` BETWEEN 1502294400 AND 1502380800 ) ) AND ( `uid` = 200326 ) LIMIT 1   [ RunTime:0.000253s ]
SQL: SELECT COUNT(*) AS tp_count FROM `tc_jubao` WHERE (  (`createtime` BETWEEN 1502380800 AND 1502467200 ) ) AND ( `uid` = 200326 ) LIMIT 1   [ RunTime:0.000237s ]
SQL: SELECT COUNT(*) AS tp_count FROM `tc_jubao` WHERE (  (`createtime` BETWEEN 1502467200 AND 1502553600 ) ) AND ( `uid` = 200326 ) LIMIT 1   [ RunTime:0.000223s ]
SQL: SELECT COUNT(*) AS tp_count FROM `tc_jubao` WHERE (  (`createtime` BETWEEN 1502553600 AND 1502640000 ) ) AND ( `uid` = 200326 ) LIMIT 1   [ RunTime:0.000228s ]
SQL: SELECT COUNT(*) AS tp_count FROM `tc_jubao` WHERE (  (`createtime` BETWEEN 1502640000 AND 1502726400 ) ) AND ( `uid` = 200326 ) LIMIT 1   [ RunTime:0.000503s ]
SQL: SELECT COUNT(*) AS tp_count FROM `tc_jubao` WHERE (  (`createtime` BETWEEN 1502726400 AND 1502812800 ) ) AND ( `uid` = 200326 ) LIMIT 1   [ RunTime:0.000331s ]
SQL: SELECT COUNT(*) AS tp_count FROM `tc_jubao` WHERE (  (`createtime` BETWEEN 1502812800 AND 1502899200 ) ) AND ( `uid` = 200326 ) LIMIT 1   [ RunTime:0.000218s ]
SQL: SELECT COUNT(*) AS tp_count FROM `tc_jubao` WHERE (  (`createtime` BETWEEN 1502899200 AND 1502985600 ) ) AND ( `uid` = 200326 ) LIMIT 1   [ RunTime:0.000216s ]
SQL: SELECT COUNT(*) AS tp_count FROM `tc_jubao` WHERE (  (`createtime` BETWEEN 1502985600 AND 1503072000 ) ) AND ( `uid` = 200326 ) LIMIT 1   [ RunTime:0.000222s ]
SQL: SELECT COUNT(*) AS tp_count FROM `tc_jubao` WHERE (  (`createtime` BETWEEN 1503072000 AND 1503158400 ) ) AND ( `uid` = 200326 ) LIMIT 1   [ RunTime:0.000272s ]
SQL: SELECT COUNT(*) AS tp_count FROM `tc_jubao` WHERE (  (`createtime` BETWEEN 1503158400 AND 1503244800 ) ) AND ( `uid` = 200326 ) LIMIT 1   [ RunTime:0.000370s ]
SQL: SELECT COUNT(*) AS tp_count FROM `tc_jubao` WHERE (  (`createtime` BETWEEN 1503244800 AND 1503331200 ) ) AND ( `uid` = 200326 ) LIMIT 1   [ RunTime:0.000243s ]
SQL: SELECT COUNT(*) AS tp_count FROM `tc_jubao` WHERE (  (`createtime` BETWEEN 1503331200 AND 1503417600 ) ) AND ( `uid` = 200326 ) LIMIT 1   [ RunTime:0.000237s ]
SQL: SELECT COUNT(*) AS tp_count FROM `tc_jubao` WHERE (  (`createtime` BETWEEN 1503417600 AND 1503504000 ) ) AND ( `uid` = 200326 ) LIMIT 1   [ RunTime:0.000301s ]
SQL: SELECT COUNT(*) AS tp_count FROM `tc_jubao` WHERE (  (`createtime` BETWEEN 1503504000 AND 1503590400 ) ) AND ( `uid` = 200326 ) LIMIT 1   [ RunTime:0.000266s ]
SQL: SELECT COUNT(*) AS tp_count FROM `tc_jubao` WHERE (  (`createtime` BETWEEN 1503590400 AND 1503676800 ) ) AND ( `uid` = 200326 ) LIMIT 1   [ RunTime:0.000318s ]
SQL: SELECT COUNT(*) AS tp_count FROM `tc_jubao` WHERE (  (`createtime` BETWEEN 1503676800 AND 1503763200 ) ) AND ( `uid` = 200326 ) LIMIT 1   [ RunTime:0.000266s ]
SQL: SELECT COUNT(*) AS tp_count FROM `tc_jubao` WHERE (  (`createtime` BETWEEN 1503763200 AND 1503849600 ) ) AND ( `uid` = 200326 ) LIMIT 1   [ RunTime:0.000274s ]
SQL: SELECT COUNT(*) AS tp_count FROM `tc_jubao` WHERE (  (`createtime` BETWEEN 1503849600 AND 1503936000 ) ) AND ( `uid` = 200326 ) LIMIT 1   [ RunTime:0.000425s ]
SQL: SELECT COUNT(*) AS tp_count FROM `tc_jubao` WHERE (  (`createtime` BETWEEN 1503936000 AND 1504022400 ) ) AND ( `uid` = 200326 ) LIMIT 1   [ RunTime:0.000301s ]
SQL: SELECT COUNT(*) AS tp_count FROM `tc_jubao` WHERE (  (`createtime` BETWEEN 1504022400 AND 1504108800 ) ) AND ( `uid` = 200326 ) LIMIT 1   [ RunTime:0.000227s ]
SQL: SELECT COUNT(*) AS tp_count FROM `tc_jubao` WHERE (  (`createtime` BETWEEN 1504108800 AND 1504195200 ) ) AND ( `uid` = 200326 ) LIMIT 1   [ RunTime:0.000211s ]
SQL: SELECT COUNT(*) AS tp_count FROM `tc_jubao` WHERE (  (`createtime` BETWEEN 1504195200 AND 1504281600 ) ) AND ( `uid` = 200326 ) LIMIT 1   [ RunTime:0.000209s ]
SQL: SELECT COUNT(*) AS tp_count FROM `tc_jubao` WHERE (  (`createtime` BETWEEN 1504281600 AND 1504368000 ) ) AND ( `uid` = 200326 ) LIMIT 1   [ RunTime:0.000215s ]
SQL: SELECT COUNT(*) AS tp_count FROM `tc_jubao` WHERE (  (`createtime` BETWEEN 1504368000 AND 1504454400 ) ) AND ( `uid` = 200326 ) LIMIT 1   [ RunTime:0.000296s ]
SQL: SELECT COUNT(*) AS tp_count FROM `tc_jubao` WHERE (  (`createtime` BETWEEN 1504454400 AND 1504540800 ) ) AND ( `uid` = 200326 ) LIMIT 1   [ RunTime:0.000227s ]
SQL: SELECT COUNT(*) AS tp_count FROM `tc_jubao` WHERE (  (`createtime` BETWEEN 1504540800 AND 1504627200 ) ) AND ( `uid` = 200326 ) LIMIT 1   [ RunTime:0.000257s ]
SQL: SELECT COUNT(*) AS tp_count FROM `tc_jubao` WHERE (  (`createtime` BETWEEN 1504627200 AND 1504713600 ) ) AND ( `uid` = 200326 ) LIMIT 1   [ RunTime:0.000225s ]
SQL: SELECT COUNT(*) AS tp_count FROM `tc_jubao` WHERE (  (`createtime` BETWEEN 1504713600 AND 1504800000 ) ) AND ( `uid` = 200326 ) LIMIT 1   [ RunTime:0.000197s ]
SQL: SELECT COUNT(*) AS tp_count FROM `tc_jubao` WHERE (  (`createtime` BETWEEN 1504800000 AND 1504886400 ) ) AND ( `uid` = 200326 ) LIMIT 1   [ RunTime:0.000208s ]
SQL: SELECT COUNT(*) AS tp_count FROM `tc_jubao` WHERE (  (`createtime` BETWEEN 1504886400 AND 1504972800 ) ) AND ( `uid` = 200326 ) LIMIT 1   [ RunTime:0.000206s ]
SQL: SELECT COUNT(*) AS tp_count FROM `tc_jubao` WHERE (  (`createtime` BETWEEN 1504972800 AND 1505059200 ) ) AND ( `uid` = 200326 ) LIMIT 1   [ RunTime:0.000211s ]
SQL: SELECT COUNT(*) AS tp_count FROM `tc_jubao` WHERE (  (`createtime` BETWEEN 1505059200 AND 1505145600 ) ) AND ( `uid` = 200326 ) LIMIT 1   [ RunTime:0.000204s ]
SQL: SELECT COUNT(*) AS tp_count FROM `tc_jubao` WHERE (  (`createtime` BETWEEN 1505145600 AND 1505232000 ) ) AND ( `uid` = 200326 ) LIMIT 1   [ RunTime:0.000201s ]
SQL: SELECT COUNT(*) AS tp_count FROM `tc_jubao` WHERE (  (`createtime` BETWEEN 1505232000 AND 1505318400 ) ) AND ( `uid` = 200326 ) LIMIT 1   [ RunTime:0.000203s ]
SQL: SELECT COUNT(*) AS tp_count FROM `tc_jubao` WHERE (  (`createtime` BETWEEN 1505318400 AND 1505404800 ) ) AND ( `uid` = 200326 ) LIMIT 1   [ RunTime:0.000205s ]
SQL: SELECT * FROM `tc_jubao` WHERE ( (fid=200326 or (btype=3 and content in (select id from tc_kuaipai where uid=200326))) and createtime>=1453651200 and createtime<1505372948 )  [ RunTime:0.002177s ]

